the input device is not a TTY
the input device is not a TTY
]0;root@53eb8e5ed78f: /coderoot@53eb8e5ed78f:/code# the input device is not a TTY
the input device is not a TTY
the input device is not a TTY
the input device is not a TTY
the input device is not a TTY
the input device is not a TTY
the input device is not a TTY
the input device is not a TTY
the input device is not a TTY
the input device is not a TTY
the input device is not a TTY
the input device is not a TTY
standard_init_linux.go:228: exec user process caused: exec format error
standard_init_linux.go:228: exec user process caused: exec format error
chmod: cannot access '../run_samples/make_samples_ked_1.sh': No such file or directory
chmod: cannot access '/run_samples/make_samples_ked_1.sh': No such file or directory
CHANGELOG
CMakeLists.txt
LICENSE
README.md
TODO
analysis
breaking_changes.md
build
contrib
contributing.md
docs
examples
input_options.md
legacy
oxDNA1_sequence_dependent_parameters.txt
oxDNA2_average_sequence_parameters.txt
oxDNA2_sequence_dependent_parameters.txt
oxpy
pre-commit
results
rna_sequence_dependent_parameters.txt
run_samples
select_compute_arch.cmake
setup.cfg
setup.py
src
template
test
tmp.sh
tmp2.sh
try_KakenhiEvolveDNA
try_my_sample
utils
make_samples_1.sh
make_samples_2.sh
make_samples_ked_1.sh
make_samples_ked_2.sh
reset.sh
chmod: cannot access '/run_samples/make_samples_ked_1.sh': No such file or directory
ls
expr: syntax error: unexpected argument 'run_samples/'

chmod: cannot access '/run_samples/make_samples_ked_1.sh': No such file or directory
./tmp2.sh: ./run_samples/make_samples_ked_2.sh: usr/bin/bash: bad interpreter: No such file or directory
seqA-GA100000-0.80_final_20200904131038.dat
seqA-GA100000-0.80_final_20200904131038
seqA-GA100000-0.80_final_20200904131038
../try_KakenhiEvolveDNA/seqA/seqA-GA100000-0.80_final_20200904131038.dat
cp: cannot stat '../try_KakenhiEvolveDNA/seqA/seqA-GA100000-0.80_final_20200904131038.dat': No such file or directory
seqA-GA100000-0.80_final_20200904131038
try_KakenhiEvolveDNA/seqA/seqA-GA100000-0.80_final_20200904131038.dat
seqA-GA100000-0.80_final_20200904131038
try_KakenhiEvolveDNA/seqA/seqA-GA100000-0.80_final_20200904131038.dat
make: *** No rule to make target 'top'.  Stop.
seqA-GA100000-0.80_final_20200904131038.dat
## Found single strand of 20 bases
## Found single strand of 20 bases
## Found single strand of 20 bases
## Found single strand of 20 bases
## Found single strand of 20 bases
## Found single strand of 20 bases
## Found single strand of 20 bases
## Found single strand of 20 bases
## Found single strand of 20 bases
## Found single strand of 20 bases
## Found single strand of 20 bases
## Found single strand of 20 bases
## Found single strand of 20 bases
## Found single strand of 20 bases
## Found single strand of 20 bases
## Found single strand of 20 bases
## Found single strand of 20 bases
## Found single strand of 20 bases
## Found single strand of 20 bases
## Found single strand of 20 bases
## Found single strand of 20 bases
## Found single strand of 20 bases
## Found single strand of 20 bases
## Found single strand of 20 bases
## Found single strand of 20 bases
## Found single strand of 20 bases
## Found single strand of 20 bases
## Found single strand of 20 bases
## Found single strand of 20 bases
## Found single strand of 20 bases
## Found single strand of 20 bases
## Found single strand of 20 bases
## Found single strand of 20 bases
## Found single strand of 20 bases
## Found single strand of 20 bases
## Found single strand of 20 bases
## Found single strand of 20 bases
## Found single strand of 20 bases
## Found single strand of 20 bases
## Found single strand of 20 bases
## Found single strand of 20 bases
## Found single strand of 20 bases
## Found single strand of 20 bases
## Found single strand of 20 bases
## Found single strand of 20 bases
## Found single strand of 20 bases
## Found single strand of 20 bases
## Found single strand of 20 bases
## Found single strand of 20 bases
## Found single strand of 20 bases
## nstrands, nnucl =  50 1000
## Adding single strand of 20 bases
##  done line 1 / 50, now at 20/1000
## Adding single strand of 20 bases
##  done line 2 / 50, now at 40/1000
## Adding single strand of 20 bases
##  done line 3 / 50, now at 60/1000
## Adding single strand of 20 bases
##  done line 4 / 50, now at 80/1000
## Adding single strand of 20 bases
##  done line 5 / 50, now at 100/1000
## Adding single strand of 20 bases
##  done line 6 / 50, now at 120/1000
## Adding single strand of 20 bases
##  done line 7 / 50, now at 140/1000
## Adding single strand of 20 bases
##  done line 8 / 50, now at 160/1000
## Adding single strand of 20 bases
##  done line 9 / 50, now at 180/1000
## Adding single strand of 20 bases
##  done line 10 / 50, now at 200/1000
## Adding single strand of 20 bases
##  done line 11 / 50, now at 220/1000
## Adding single strand of 20 bases
##  done line 12 / 50, now at 240/1000
## Adding single strand of 20 bases
##  done line 13 / 50, now at 260/1000
## Adding single strand of 20 bases
##  done line 14 / 50, now at 280/1000
## Adding single strand of 20 bases
##  done line 15 / 50, now at 300/1000
## Adding single strand of 20 bases
##  done line 16 / 50, now at 320/1000
## Adding single strand of 20 bases
##  done line 17 / 50, now at 340/1000
## Adding single strand of 20 bases
##  done line 18 / 50, now at 360/1000
## Adding single strand of 20 bases
##  done line 19 / 50, now at 380/1000
## Adding single strand of 20 bases
##  done line 20 / 50, now at 400/1000
## Adding single strand of 20 bases
##  done line 21 / 50, now at 420/1000
## Adding single strand of 20 bases
##  done line 22 / 50, now at 440/1000
## Adding single strand of 20 bases
##  done line 23 / 50, now at 460/1000
## Adding single strand of 20 bases
##  done line 24 / 50, now at 480/1000
## Adding single strand of 20 bases
##  done line 25 / 50, now at 500/1000
## Adding single strand of 20 bases
##  done line 26 / 50, now at 520/1000
## Adding single strand of 20 bases
##  done line 27 / 50, now at 540/1000
## Adding single strand of 20 bases
##  done line 28 / 50, now at 560/1000
## Adding single strand of 20 bases
##  done line 29 / 50, now at 580/1000
## Adding single strand of 20 bases
##  done line 30 / 50, now at 600/1000
## Adding single strand of 20 bases
##  done line 31 / 50, now at 620/1000
## Adding single strand of 20 bases
##  done line 32 / 50, now at 640/1000
## Adding single strand of 20 bases
##  done line 33 / 50, now at 660/1000
## Adding single strand of 20 bases
##  done line 34 / 50, now at 680/1000
## Adding single strand of 20 bases
##  done line 35 / 50, now at 700/1000
## Adding single strand of 20 bases
##  done line 36 / 50, now at 720/1000
## Adding single strand of 20 bases
##  done line 37 / 50, now at 740/1000
## Adding single strand of 20 bases
##  done line 38 / 50, now at 760/1000
## Adding single strand of 20 bases
##  done line 39 / 50, now at 780/1000
## Adding single strand of 20 bases
##  done line 40 / 50, now at 800/1000
## Adding single strand of 20 bases
##  done line 41 / 50, now at 820/1000
## Adding single strand of 20 bases
##  done line 42 / 50, now at 840/1000
## Adding single strand of 20 bases
##  done line 43 / 50, now at 860/1000
## Adding single strand of 20 bases
##  done line 44 / 50, now at 880/1000
## Adding single strand of 20 bases
##  done line 45 / 50, now at 900/1000
## Adding single strand of 20 bases
##  done line 46 / 50, now at 920/1000
## Adding single strand of 20 bases
##  done line 47 / 50, now at 940/1000
## Adding single strand of 20 bases
##  done line 48 / 50, now at 960/1000
## Adding single strand of 20 bases
##  done line 49 / 50, now at 980/1000
## Adding single strand of 20 bases
##  done line 50 / 50, now at 1000/1000
## ALL DONE. just generated 'generated.dat' and 'generated.top'
mv: cannot stat 'try_my_sample/generated.top': No such file or directory
mv: cannot stat 'try_my_sample/generated.dat': No such file or directory
seqA-GA100000-0.80_final_20200904131038
cp: cannot stat 'try_KakenhiEvolveDNA/try_/try_my_sample/+seqA-GA100000-0.80_final_20200904131038.dat': No such file or directory
try_my_sample/+seqA-GA100000-0.80_final_20200904131038.dat
Could not open file 'try_my_sample/+seqA-GA100000-0.80_final_20200904131038.dat' for reading. Aborting
mv: cannot stat 'try_my_sample/generated.top': No such file or directory
mv: cannot stat 'try_my_sample/generated.dat': No such file or directory
expr: syntax error: unexpected argument 'try_my_sample/'

seqA-GA100000-0.80_final_20200904131038
try_my_sample/seqA-GA100000-0.80_final_20200904131038.dat
## Found single strand of 20 bases
## Found single strand of 20 bases
## Found single strand of 20 bases
## Found single strand of 20 bases
## Found single strand of 20 bases
## Found single strand of 20 bases
## Found single strand of 20 bases
## Found single strand of 20 bases
## Found single strand of 20 bases
## Found single strand of 20 bases
## Found single strand of 20 bases
## Found single strand of 20 bases
## Found single strand of 20 bases
## Found single strand of 20 bases
## Found single strand of 20 bases
## Found single strand of 20 bases
## Found single strand of 20 bases
## Found single strand of 20 bases
## Found single strand of 20 bases
## Found single strand of 20 bases
## Found single strand of 20 bases
## Found single strand of 20 bases
## Found single strand of 20 bases
## Found single strand of 20 bases
## Found single strand of 20 bases
## Found single strand of 20 bases
## Found single strand of 20 bases
## Found single strand of 20 bases
## Found single strand of 20 bases
## Found single strand of 20 bases
## Found single strand of 20 bases
## Found single strand of 20 bases
## Found single strand of 20 bases
## Found single strand of 20 bases
## Found single strand of 20 bases
## Found single strand of 20 bases
## Found single strand of 20 bases
## Found single strand of 20 bases
## Found single strand of 20 bases
## Found single strand of 20 bases
## Found single strand of 20 bases
## Found single strand of 20 bases
## Found single strand of 20 bases
## Found single strand of 20 bases
## Found single strand of 20 bases
## Found single strand of 20 bases
## Found single strand of 20 bases
## Found single strand of 20 bases
## Found single strand of 20 bases
## Found single strand of 20 bases
## nstrands, nnucl =  50 1000
## Adding single strand of 20 bases
##  done line 1 / 50, now at 20/1000
## Adding single strand of 20 bases
##  done line 2 / 50, now at 40/1000
## Adding single strand of 20 bases
##  done line 3 / 50, now at 60/1000
## Adding single strand of 20 bases
##  done line 4 / 50, now at 80/1000
## Adding single strand of 20 bases
##  done line 5 / 50, now at 100/1000
## Adding single strand of 20 bases
##  done line 6 / 50, now at 120/1000
## Adding single strand of 20 bases
##  done line 7 / 50, now at 140/1000
## Adding single strand of 20 bases
##  done line 8 / 50, now at 160/1000
## Adding single strand of 20 bases
##  done line 9 / 50, now at 180/1000
## Adding single strand of 20 bases
##  done line 10 / 50, now at 200/1000
## Adding single strand of 20 bases
##  done line 11 / 50, now at 220/1000
## Adding single strand of 20 bases
##  done line 12 / 50, now at 240/1000
## Adding single strand of 20 bases
##  done line 13 / 50, now at 260/1000
## Adding single strand of 20 bases
##  done line 14 / 50, now at 280/1000
## Adding single strand of 20 bases
##  done line 15 / 50, now at 300/1000
## Adding single strand of 20 bases
##  done line 16 / 50, now at 320/1000
## Adding single strand of 20 bases
##  done line 17 / 50, now at 340/1000
## Adding single strand of 20 bases
##  done line 18 / 50, now at 360/1000
## Adding single strand of 20 bases
##  done line 19 / 50, now at 380/1000
## Adding single strand of 20 bases
##  done line 20 / 50, now at 400/1000
## Adding single strand of 20 bases
##  done line 21 / 50, now at 420/1000
## Adding single strand of 20 bases
##  done line 22 / 50, now at 440/1000
## Adding single strand of 20 bases
##  done line 23 / 50, now at 460/1000
## Adding single strand of 20 bases
##  done line 24 / 50, now at 480/1000
## Adding single strand of 20 bases
##  done line 25 / 50, now at 500/1000
## Adding single strand of 20 bases
##  done line 26 / 50, now at 520/1000
## Adding single strand of 20 bases
##  done line 27 / 50, now at 540/1000
## Adding single strand of 20 bases
##  done line 28 / 50, now at 560/1000
## Adding single strand of 20 bases
##  done line 29 / 50, now at 580/1000
## Adding single strand of 20 bases
##  done line 30 / 50, now at 600/1000
## Adding single strand of 20 bases
##  done line 31 / 50, now at 620/1000
## Adding single strand of 20 bases
##  done line 32 / 50, now at 640/1000
## Adding single strand of 20 bases
##  done line 33 / 50, now at 660/1000
## Adding single strand of 20 bases
##  done line 34 / 50, now at 680/1000
## Adding single strand of 20 bases
##  done line 35 / 50, now at 700/1000
## Adding single strand of 20 bases
##  done line 36 / 50, now at 720/1000
## Adding single strand of 20 bases
##  done line 37 / 50, now at 740/1000
## Adding single strand of 20 bases
##  done line 38 / 50, now at 760/1000
## Adding single strand of 20 bases
##  done line 39 / 50, now at 780/1000
## Adding single strand of 20 bases
##  done line 40 / 50, now at 800/1000
## Adding single strand of 20 bases
##  done line 41 / 50, now at 820/1000
## Adding single strand of 20 bases
##  done line 42 / 50, now at 840/1000
## Adding single strand of 20 bases
##  done line 43 / 50, now at 860/1000
## Adding single strand of 20 bases
##  done line 44 / 50, now at 880/1000
## Adding single strand of 20 bases
##  done line 45 / 50, now at 900/1000
## Adding single strand of 20 bases
##  done line 46 / 50, now at 920/1000
## Adding single strand of 20 bases
##  done line 47 / 50, now at 940/1000
## Adding single strand of 20 bases
##  done line 48 / 50, now at 960/1000
## Adding single strand of 20 bases
##  done line 49 / 50, now at 980/1000
## Adding single strand of 20 bases
##  done line 50 / 50, now at 1000/1000
## ALL DONE. just generated 'generated.dat' and 'generated.top'
expr: syntax error: unexpected argument 'try_my_sample/'

seqA-GA100000-0.80_final_20200904131038
try_my_sample/seqA-GA100000-0.80_final_20200904131038.dat
## Found single strand of 20 bases
## Found single strand of 20 bases
## Found single strand of 20 bases
## Found single strand of 20 bases
## Found single strand of 20 bases
## Found single strand of 20 bases
## Found single strand of 20 bases
## Found single strand of 20 bases
## Found single strand of 20 bases
## Found single strand of 20 bases
## Found single strand of 20 bases
## Found single strand of 20 bases
## Found single strand of 20 bases
## Found single strand of 20 bases
## Found single strand of 20 bases
## Found single strand of 20 bases
## Found single strand of 20 bases
## Found single strand of 20 bases
## Found single strand of 20 bases
## Found single strand of 20 bases
## Found single strand of 20 bases
## Found single strand of 20 bases
## Found single strand of 20 bases
## Found single strand of 20 bases
## Found single strand of 20 bases
## Found single strand of 20 bases
## Found single strand of 20 bases
## Found single strand of 20 bases
## Found single strand of 20 bases
## Found single strand of 20 bases
## Found single strand of 20 bases
## Found single strand of 20 bases
## Found single strand of 20 bases
## Found single strand of 20 bases
## Found single strand of 20 bases
## Found single strand of 20 bases
## Found single strand of 20 bases
## Found single strand of 20 bases
## Found single strand of 20 bases
## Found single strand of 20 bases
## Found single strand of 20 bases
## Found single strand of 20 bases
## Found single strand of 20 bases
## Found single strand of 20 bases
## Found single strand of 20 bases
## Found single strand of 20 bases
## Found single strand of 20 bases
## Found single strand of 20 bases
## Found single strand of 20 bases
## Found single strand of 20 bases
## nstrands, nnucl =  50 1000
## Adding single strand of 20 bases
##  done line 1 / 50, now at 20/1000
## Adding single strand of 20 bases
##  done line 2 / 50, now at 40/1000
## Adding single strand of 20 bases
##  done line 3 / 50, now at 60/1000
## Adding single strand of 20 bases
##  done line 4 / 50, now at 80/1000
## Adding single strand of 20 bases
##  done line 5 / 50, now at 100/1000
## Adding single strand of 20 bases
##  done line 6 / 50, now at 120/1000
## Adding single strand of 20 bases
##  done line 7 / 50, now at 140/1000
## Adding single strand of 20 bases
##  done line 8 / 50, now at 160/1000
## Adding single strand of 20 bases
##  done line 9 / 50, now at 180/1000
## Adding single strand of 20 bases
##  done line 10 / 50, now at 200/1000
## Adding single strand of 20 bases
##  done line 11 / 50, now at 220/1000
## Adding single strand of 20 bases
##  done line 12 / 50, now at 240/1000
## Adding single strand of 20 bases
##  done line 13 / 50, now at 260/1000
## Adding single strand of 20 bases
##  trying  14
##  done line 14 / 50, now at 280/1000
## Adding single strand of 20 bases
##  done line 15 / 50, now at 300/1000
## Adding single strand of 20 bases
##  done line 16 / 50, now at 320/1000
## Adding single strand of 20 bases
##  done line 17 / 50, now at 340/1000
## Adding single strand of 20 bases
##  done line 18 / 50, now at 360/1000
## Adding single strand of 20 bases
##  done line 19 / 50, now at 380/1000
## Adding single strand of 20 bases
##  done line 20 / 50, now at 400/1000
## Adding single strand of 20 bases
##  done line 21 / 50, now at 420/1000
## Adding single strand of 20 bases
##  done line 22 / 50, now at 440/1000
## Adding single strand of 20 bases
##  done line 23 / 50, now at 460/1000
## Adding single strand of 20 bases
##  done line 24 / 50, now at 480/1000
## Adding single strand of 20 bases
##  done line 25 / 50, now at 500/1000
## Adding single strand of 20 bases
##  done line 26 / 50, now at 520/1000
## Adding single strand of 20 bases
##  done line 27 / 50, now at 540/1000
## Adding single strand of 20 bases
##  done line 28 / 50, now at 560/1000
## Adding single strand of 20 bases
##  done line 29 / 50, now at 580/1000
## Adding single strand of 20 bases
##  done line 30 / 50, now at 600/1000
## Adding single strand of 20 bases
##  done line 31 / 50, now at 620/1000
## Adding single strand of 20 bases
##  done line 32 / 50, now at 640/1000
## Adding single strand of 20 bases
##  done line 33 / 50, now at 660/1000
## Adding single strand of 20 bases
##  done line 34 / 50, now at 680/1000
## Adding single strand of 20 bases
##  done line 35 / 50, now at 700/1000
## Adding single strand of 20 bases
##  done line 36 / 50, now at 720/1000
## Adding single strand of 20 bases
##  done line 37 / 50, now at 740/1000
## Adding single strand of 20 bases
##  done line 38 / 50, now at 760/1000
## Adding single strand of 20 bases
##  done line 39 / 50, now at 780/1000
## Adding single strand of 20 bases
##  done line 40 / 50, now at 800/1000
## Adding single strand of 20 bases
##  done line 41 / 50, now at 820/1000
## Adding single strand of 20 bases
##  done line 42 / 50, now at 840/1000
## Adding single strand of 20 bases
##  done line 43 / 50, now at 860/1000
## Adding single strand of 20 bases
##  done line 44 / 50, now at 880/1000
## Adding single strand of 20 bases
##  done line 45 / 50, now at 900/1000
## Adding single strand of 20 bases
##  done line 46 / 50, now at 920/1000
## Adding single strand of 20 bases
##  done line 47 / 50, now at 940/1000
## Adding single strand of 20 bases
##  done line 48 / 50, now at 960/1000
## Adding single strand of 20 bases
##  done line 49 / 50, now at 980/1000
## Adding single strand of 20 bases
##  done line 50 / 50, now at 1000/1000
## ALL DONE. just generated 'generated.dat' and 'generated.top'
ls
expr: syntax error: unexpected argument 'try_my_sample/'

seqA-GA100000-0.80_final_20200904131038
try_my_sample/seqA-GA100000-0.80_final_20200904131038.dat
## Found single strand of 20 bases
## Found single strand of 20 bases
## Found single strand of 20 bases
## Found single strand of 20 bases
## Found single strand of 20 bases
## Found single strand of 20 bases
## Found single strand of 20 bases
## Found single strand of 20 bases
## Found single strand of 20 bases
## Found single strand of 20 bases
## Found single strand of 20 bases
## Found single strand of 20 bases
## Found single strand of 20 bases
## Found single strand of 20 bases
## Found single strand of 20 bases
## Found single strand of 20 bases
## Found single strand of 20 bases
## Found single strand of 20 bases
## Found single strand of 20 bases
## Found single strand of 20 bases
## Found single strand of 20 bases
## Found single strand of 20 bases
## Found single strand of 20 bases
## Found single strand of 20 bases
## Found single strand of 20 bases
## Found single strand of 20 bases
## Found single strand of 20 bases
## Found single strand of 20 bases
## Found single strand of 20 bases
## Found single strand of 20 bases
## Found single strand of 20 bases
## Found single strand of 20 bases
## Found single strand of 20 bases
## Found single strand of 20 bases
## Found single strand of 20 bases
## Found single strand of 20 bases
## Found single strand of 20 bases
## Found single strand of 20 bases
## Found single strand of 20 bases
## Found single strand of 20 bases
## Found single strand of 20 bases
## Found single strand of 20 bases
## Found single strand of 20 bases
## Found single strand of 20 bases
## Found single strand of 20 bases
## Found single strand of 20 bases
## Found single strand of 20 bases
## Found single strand of 20 bases
## Found single strand of 20 bases
## Found single strand of 20 bases
## nstrands, nnucl =  50 1000
## Adding single strand of 20 bases
##  done line 1 / 50, now at 20/1000
## Adding single strand of 20 bases
##  done line 2 / 50, now at 40/1000
## Adding single strand of 20 bases
##  done line 3 / 50, now at 60/1000
## Adding single strand of 20 bases
##  done line 4 / 50, now at 80/1000
## Adding single strand of 20 bases
##  done line 5 / 50, now at 100/1000
## Adding single strand of 20 bases
##  done line 6 / 50, now at 120/1000
## Adding single strand of 20 bases
##  done line 7 / 50, now at 140/1000
## Adding single strand of 20 bases
##  done line 8 / 50, now at 160/1000
## Adding single strand of 20 bases
##  done line 9 / 50, now at 180/1000
## Adding single strand of 20 bases
##  done line 10 / 50, now at 200/1000
## Adding single strand of 20 bases
##  done line 11 / 50, now at 220/1000
## Adding single strand of 20 bases
##  done line 12 / 50, now at 240/1000
## Adding single strand of 20 bases
##  done line 13 / 50, now at 260/1000
## Adding single strand of 20 bases
##  done line 14 / 50, now at 280/1000
## Adding single strand of 20 bases
##  done line 15 / 50, now at 300/1000
## Adding single strand of 20 bases
##  done line 16 / 50, now at 320/1000
## Adding single strand of 20 bases
##  done line 17 / 50, now at 340/1000
## Adding single strand of 20 bases
##  done line 18 / 50, now at 360/1000
## Adding single strand of 20 bases
##  done line 19 / 50, now at 380/1000
## Adding single strand of 20 bases
##  done line 20 / 50, now at 400/1000
## Adding single strand of 20 bases
##  done line 21 / 50, now at 420/1000
## Adding single strand of 20 bases
##  done line 22 / 50, now at 440/1000
## Adding single strand of 20 bases
##  done line 23 / 50, now at 460/1000
## Adding single strand of 20 bases
##  done line 24 / 50, now at 480/1000
## Adding single strand of 20 bases
##  done line 25 / 50, now at 500/1000
## Adding single strand of 20 bases
##  done line 26 / 50, now at 520/1000
## Adding single strand of 20 bases
##  done line 27 / 50, now at 540/1000
## Adding single strand of 20 bases
##  done line 28 / 50, now at 560/1000
## Adding single strand of 20 bases
##  done line 29 / 50, now at 580/1000
## Adding single strand of 20 bases
##  done line 30 / 50, now at 600/1000
## Adding single strand of 20 bases
##  done line 31 / 50, now at 620/1000
## Adding single strand of 20 bases
##  done line 32 / 50, now at 640/1000
## Adding single strand of 20 bases
##  done line 33 / 50, now at 660/1000
## Adding single strand of 20 bases
##  done line 34 / 50, now at 680/1000
## Adding single strand of 20 bases
##  done line 35 / 50, now at 700/1000
## Adding single strand of 20 bases
##  done line 36 / 50, now at 720/1000
## Adding single strand of 20 bases
##  done line 37 / 50, now at 740/1000
## Adding single strand of 20 bases
##  done line 38 / 50, now at 760/1000
## Adding single strand of 20 bases
##  done line 39 / 50, now at 780/1000
## Adding single strand of 20 bases
##  done line 40 / 50, now at 800/1000
## Adding single strand of 20 bases
##  done line 41 / 50, now at 820/1000
## Adding single strand of 20 bases
##  done line 42 / 50, now at 840/1000
## Adding single strand of 20 bases
##  done line 43 / 50, now at 860/1000
## Adding single strand of 20 bases
##  done line 44 / 50, now at 880/1000
## Adding single strand of 20 bases
##  done line 45 / 50, now at 900/1000
## Adding single strand of 20 bases
##  done line 46 / 50, now at 920/1000
## Adding single strand of 20 bases
##  done line 47 / 50, now at 940/1000
## Adding single strand of 20 bases
##  done line 48 / 50, now at 960/1000
## Adding single strand of 20 bases
##  done line 49 / 50, now at 980/1000
## Adding single strand of 20 bases
##  done line 50 / 50, now at 1000/1000
## ALL DONE. just generated 'generated.dat' and 'generated.top'
./run_samples/make_samples_ked_2.sh: line 48: $'input_seq_dep\343\203\225\343\202\241\343\202\244\343\203\253\346\233\270\343\201\215\346\217\233\343\201\210': command not found
seqA-GA100000-0.80_final_20200904131038
try_my_sample/seqA-GA100000-0.80_final_20200904131038.dat
## Found single strand of 20 bases
## Found single strand of 20 bases
## Found single strand of 20 bases
## Found single strand of 20 bases
## Found single strand of 20 bases
## Found single strand of 20 bases
## Found single strand of 20 bases
## Found single strand of 20 bases
## Found single strand of 20 bases
## Found single strand of 20 bases
## Found single strand of 20 bases
## Found single strand of 20 bases
## Found single strand of 20 bases
## Found single strand of 20 bases
## Found single strand of 20 bases
## Found single strand of 20 bases
## Found single strand of 20 bases
## Found single strand of 20 bases
## Found single strand of 20 bases
## Found single strand of 20 bases
## Found single strand of 20 bases
## Found single strand of 20 bases
## Found single strand of 20 bases
## Found single strand of 20 bases
## Found single strand of 20 bases
## Found single strand of 20 bases
## Found single strand of 20 bases
## Found single strand of 20 bases
## Found single strand of 20 bases
## Found single strand of 20 bases
## Found single strand of 20 bases
## Found single strand of 20 bases
## Found single strand of 20 bases
## Found single strand of 20 bases
## Found single strand of 20 bases
## Found single strand of 20 bases
## Found single strand of 20 bases
## Found single strand of 20 bases
## Found single strand of 20 bases
## Found single strand of 20 bases
## Found single strand of 20 bases
## Found single strand of 20 bases
## Found single strand of 20 bases
## Found single strand of 20 bases
## Found single strand of 20 bases
## Found single strand of 20 bases
## Found single strand of 20 bases
## Found single strand of 20 bases
## Found single strand of 20 bases
## Found single strand of 20 bases
## nstrands, nnucl =  50 1000
## Adding single strand of 20 bases
##  done line 1 / 50, now at 20/1000
## Adding single strand of 20 bases
##  done line 2 / 50, now at 40/1000
## Adding single strand of 20 bases
##  done line 3 / 50, now at 60/1000
## Adding single strand of 20 bases
##  done line 4 / 50, now at 80/1000
## Adding single strand of 20 bases
##  done line 5 / 50, now at 100/1000
## Adding single strand of 20 bases
##  done line 6 / 50, now at 120/1000
## Adding single strand of 20 bases
##  done line 7 / 50, now at 140/1000
## Adding single strand of 20 bases
##  done line 8 / 50, now at 160/1000
## Adding single strand of 20 bases
##  done line 9 / 50, now at 180/1000
## Adding single strand of 20 bases
##  done line 10 / 50, now at 200/1000
## Adding single strand of 20 bases
##  done line 11 / 50, now at 220/1000
## Adding single strand of 20 bases
##  done line 12 / 50, now at 240/1000
## Adding single strand of 20 bases
##  done line 13 / 50, now at 260/1000
## Adding single strand of 20 bases
##  done line 14 / 50, now at 280/1000
## Adding single strand of 20 bases
##  done line 15 / 50, now at 300/1000
## Adding single strand of 20 bases
##  done line 16 / 50, now at 320/1000
## Adding single strand of 20 bases
##  done line 17 / 50, now at 340/1000
## Adding single strand of 20 bases
##  done line 18 / 50, now at 360/1000
## Adding single strand of 20 bases
##  done line 19 / 50, now at 380/1000
## Adding single strand of 20 bases
##  done line 20 / 50, now at 400/1000
## Adding single strand of 20 bases
##  done line 21 / 50, now at 420/1000
## Adding single strand of 20 bases
##  done line 22 / 50, now at 440/1000
## Adding single strand of 20 bases
##  done line 23 / 50, now at 460/1000
## Adding single strand of 20 bases
##  done line 24 / 50, now at 480/1000
## Adding single strand of 20 bases
##  done line 25 / 50, now at 500/1000
## Adding single strand of 20 bases
##  done line 26 / 50, now at 520/1000
## Adding single strand of 20 bases
##  done line 27 / 50, now at 540/1000
## Adding single strand of 20 bases
##  done line 28 / 50, now at 560/1000
## Adding single strand of 20 bases
##  done line 29 / 50, now at 580/1000
## Adding single strand of 20 bases
##  done line 30 / 50, now at 600/1000
## Adding single strand of 20 bases
##  done line 31 / 50, now at 620/1000
## Adding single strand of 20 bases
##  done line 32 / 50, now at 640/1000
## Adding single strand of 20 bases
##  done line 33 / 50, now at 660/1000
## Adding single strand of 20 bases
##  done line 34 / 50, now at 680/1000
## Adding single strand of 20 bases
##  done line 35 / 50, now at 700/1000
## Adding single strand of 20 bases
##  done line 36 / 50, now at 720/1000
## Adding single strand of 20 bases
##  done line 37 / 50, now at 740/1000
## Adding single strand of 20 bases
##  done line 38 / 50, now at 760/1000
## Adding single strand of 20 bases
##  done line 39 / 50, now at 780/1000
## Adding single strand of 20 bases
##  done line 40 / 50, now at 800/1000
## Adding single strand of 20 bases
##  done line 41 / 50, now at 820/1000
## Adding single strand of 20 bases
##  done line 42 / 50, now at 840/1000
## Adding single strand of 20 bases
##  done line 43 / 50, now at 860/1000
## Adding single strand of 20 bases
##  done line 44 / 50, now at 880/1000
## Adding single strand of 20 bases
##  done line 45 / 50, now at 900/1000
## Adding single strand of 20 bases
##  done line 46 / 50, now at 920/1000
## Adding single strand of 20 bases
##  done line 47 / 50, now at 940/1000
## Adding single strand of 20 bases
##  done line 48 / 50, now at 960/1000
## Adding single strand of 20 bases
##  done line 49 / 50, now at 980/1000
## Adding single strand of 20 bases
##  done line 50 / 50, now at 1000/1000
## ALL DONE. just generated 'generated.dat' and 'generated.top'
Starting VMMC simulation with the sequence-averaged version of the model
try_my_sample/input_seqA-GA100000-0.80_final_20200904131038
WARNING: Overwriting key `steps' (`10' to `2000000')
Starting VMMC simulation with the sequence-dependent version of the model
try_my_sample/input_seq_dep_seqA-GA100000-0.80_final_20200904131038
WARNING: Overwriting key `steps' (`10' to `200000')
WARNING: Overwriting key `seq_dep_file' (`../../oxDNA1_sequence_dependent_parameters.txt' to `../oxDNA1_sequence_dependent_parameters.txt')
Input file '../oxDNA1_sequence_dependent_parameters.txt' not found
Starting VMMC simulation with the sequence-averaged version of the model and traps acting between nucleotides (see hairpin_forces.dat for details of the traps)
try_my_sample/input_trap_seqA-GA100000-0.80_final_20200904131038
WARNING: Overwriting key `steps' (`10' to `200000')
WARNING: Overwriting key `external_forces' (`0|' to `0|')
mkdir: cannot create directory 'results/': File exists
mv: cannot stat 'try_my_samples/*.dat': No such file or directory
mv: cannot stat 'seqA-GA100000-0.80_final_20200904131038.dat': No such file or directory
the input device is not a TTY
the input device is not a TTY
the input device is not a TTY
expr: syntax error: unexpected argument 'run_samples/'

seqA-GA100000-0.80_final_20200904131038
try_my_sample/seqA-GA100000-0.80_final_20200904131038.dat
## Found single strand of 20 bases
## Found single strand of 20 bases
## Found single strand of 20 bases
## Found single strand of 20 bases
## Found single strand of 20 bases
## Found single strand of 20 bases
## Found single strand of 20 bases
## Found single strand of 20 bases
## Found single strand of 20 bases
## Found single strand of 20 bases
## Found single strand of 20 bases
## Found single strand of 20 bases
## Found single strand of 20 bases
## Found single strand of 20 bases
## Found single strand of 20 bases
## Found single strand of 20 bases
## Found single strand of 20 bases
## Found single strand of 20 bases
## Found single strand of 20 bases
## Found single strand of 20 bases
## Found single strand of 20 bases
## Found single strand of 20 bases
## Found single strand of 20 bases
## Found single strand of 20 bases
## Found single strand of 20 bases
## Found single strand of 20 bases
## Found single strand of 20 bases
## Found single strand of 20 bases
## Found single strand of 20 bases
## Found single strand of 20 bases
## Found single strand of 20 bases
## Found single strand of 20 bases
## Found single strand of 20 bases
## Found single strand of 20 bases
## Found single strand of 20 bases
## Found single strand of 20 bases
## Found single strand of 20 bases
## Found single strand of 20 bases
## Found single strand of 20 bases
## Found single strand of 20 bases
## Found single strand of 20 bases
## Found single strand of 20 bases
## Found single strand of 20 bases
## Found single strand of 20 bases
## Found single strand of 20 bases
## Found single strand of 20 bases
## Found single strand of 20 bases
## Found single strand of 20 bases
## Found single strand of 20 bases
## Found single strand of 20 bases
## nstrands, nnucl =  50 1000
## Adding single strand of 20 bases
##  done line 1 / 50, now at 20/1000
## Adding single strand of 20 bases
##  done line 2 / 50, now at 40/1000
## Adding single strand of 20 bases
##  done line 3 / 50, now at 60/1000
## Adding single strand of 20 bases
##  done line 4 / 50, now at 80/1000
## Adding single strand of 20 bases
##  done line 5 / 50, now at 100/1000
## Adding single strand of 20 bases
##  done line 6 / 50, now at 120/1000
## Adding single strand of 20 bases
##  done line 7 / 50, now at 140/1000
## Adding single strand of 20 bases
##  done line 8 / 50, now at 160/1000
## Adding single strand of 20 bases
##  done line 9 / 50, now at 180/1000
## Adding single strand of 20 bases
##  done line 10 / 50, now at 200/1000
## Adding single strand of 20 bases
##  done line 11 / 50, now at 220/1000
## Adding single strand of 20 bases
##  done line 12 / 50, now at 240/1000
## Adding single strand of 20 bases
##  done line 13 / 50, now at 260/1000
## Adding single strand of 20 bases
##  done line 14 / 50, now at 280/1000
## Adding single strand of 20 bases
##  done line 15 / 50, now at 300/1000
## Adding single strand of 20 bases
##  done line 16 / 50, now at 320/1000
## Adding single strand of 20 bases
##  done line 17 / 50, now at 340/1000
## Adding single strand of 20 bases
##  done line 18 / 50, now at 360/1000
## Adding single strand of 20 bases
##  done line 19 / 50, now at 380/1000
## Adding single strand of 20 bases
##  done line 20 / 50, now at 400/1000
## Adding single strand of 20 bases
##  done line 21 / 50, now at 420/1000
## Adding single strand of 20 bases
##  done line 22 / 50, now at 440/1000
## Adding single strand of 20 bases
##  done line 23 / 50, now at 460/1000
## Adding single strand of 20 bases
##  done line 24 / 50, now at 480/1000
## Adding single strand of 20 bases
##  done line 25 / 50, now at 500/1000
## Adding single strand of 20 bases
##  done line 26 / 50, now at 520/1000
## Adding single strand of 20 bases
##  done line 27 / 50, now at 540/1000
## Adding single strand of 20 bases
##  done line 28 / 50, now at 560/1000
## Adding single strand of 20 bases
##  done line 29 / 50, now at 580/1000
## Adding single strand of 20 bases
##  done line 30 / 50, now at 600/1000
## Adding single strand of 20 bases
##  done line 31 / 50, now at 620/1000
## Adding single strand of 20 bases
##  done line 32 / 50, now at 640/1000
## Adding single strand of 20 bases
##  done line 33 / 50, now at 660/1000
## Adding single strand of 20 bases
##  done line 34 / 50, now at 680/1000
## Adding single strand of 20 bases
##  done line 35 / 50, now at 700/1000
## Adding single strand of 20 bases
##  trying  36
##  done line 36 / 50, now at 720/1000
## Adding single strand of 20 bases
##  done line 37 / 50, now at 740/1000
## Adding single strand of 20 bases
##  done line 38 / 50, now at 760/1000
## Adding single strand of 20 bases
##  done line 39 / 50, now at 780/1000
## Adding single strand of 20 bases
##  done line 40 / 50, now at 800/1000
## Adding single strand of 20 bases
##  done line 41 / 50, now at 820/1000
## Adding single strand of 20 bases
##  done line 42 / 50, now at 840/1000
## Adding single strand of 20 bases
##  done line 43 / 50, now at 860/1000
## Adding single strand of 20 bases
##  done line 44 / 50, now at 880/1000
## Adding single strand of 20 bases
##  done line 45 / 50, now at 900/1000
## Adding single strand of 20 bases
##  done line 46 / 50, now at 920/1000
## Adding single strand of 20 bases
##  done line 47 / 50, now at 940/1000
## Adding single strand of 20 bases
##  done line 48 / 50, now at 960/1000
## Adding single strand of 20 bases
##  done line 49 / 50, now at 980/1000
## Adding single strand of 20 bases
##  done line 50 / 50, now at 1000/1000
## ALL DONE. just generated 'generated.dat' and 'generated.top'
sed: -e expression #1, char 20: unknown command: `o'
Starting VMMC simulation with the sequence-averaged version of the model
try_my_sample/input_seqA-GA100000-0.80_final_20200904131038
WARNING: Overwriting key `steps' (`10' to `2000000')
Starting VMMC simulation with the sequence-dependent version of the model
try_my_sample/input_seq_dep_seqA-GA100000-0.80_final_20200904131038
WARNING: Overwriting key `steps' (`10' to `200000')
WARNING: Overwriting key `seq_dep_file' (`../../oxDNA1_sequence_dependent_parameters.txt' to `../oxDNA1_sequence_dependent_parameters.txt')
Input file '../oxDNA1_sequence_dependent_parameters.txt' not found
Starting VMMC simulation with the sequence-averaged version of the model and traps acting between nucleotides (see hairpin_forces.dat for details of the traps)
try_my_sample/input_trap_seqA-GA100000-0.80_final_20200904131038
WARNING: Overwriting key `steps' (`10' to `200000')
mkdir: cannot create directory 'results/': File exists
mv: cannot stat 'try_my_samples/*.dat': No such file or directory
mv: cannot stat 'seqA-GA100000-0.80_final_20200904131038.dat': No such file or directory
unknown shorthand flag: '-' in ---mount
See 'docker run --help'.
Unable to find image 'oxdna_ked_a1:latest' locally
docker: Error response from daemon: pull access denied for oxdna_ked_a1, repository does not exist or may require 'docker login': denied: requested access to the resource is denied.
See 'docker run --help'.
expr: syntax error: unexpected argument 'run_samples/'

seqA-GA100000-0.80_final_20200904210434
try_my_sample/seqA-GA100000-0.80_final_20200904210434.dat
## Found single strand of 20 bases
## Found single strand of 20 bases
## Found single strand of 20 bases
## Found single strand of 20 bases
## Found single strand of 20 bases
## Found single strand of 20 bases
## Found single strand of 20 bases
## Found single strand of 20 bases
## Found single strand of 20 bases
## Found single strand of 20 bases
## Found single strand of 20 bases
## Found single strand of 20 bases
## Found single strand of 20 bases
## Found single strand of 20 bases
## Found single strand of 20 bases
## Found single strand of 20 bases
## Found single strand of 20 bases
## Found single strand of 20 bases
## Found single strand of 20 bases
## Found single strand of 20 bases
## Found single strand of 20 bases
## Found single strand of 20 bases
## Found single strand of 20 bases
## Found single strand of 20 bases
## Found single strand of 20 bases
## Found single strand of 20 bases
## Found single strand of 20 bases
## Found single strand of 20 bases
## Found single strand of 20 bases
## Found single strand of 20 bases
## Found single strand of 20 bases
## Found single strand of 20 bases
## Found single strand of 20 bases
## Found single strand of 20 bases
## Found single strand of 20 bases
## Found single strand of 20 bases
## Found single strand of 20 bases
## Found single strand of 20 bases
## Found single strand of 20 bases
## Found single strand of 20 bases
## Found single strand of 20 bases
## Found single strand of 20 bases
## Found single strand of 20 bases
## Found single strand of 20 bases
## Found single strand of 20 bases
## Found single strand of 20 bases
## Found single strand of 20 bases
## Found single strand of 20 bases
## Found single strand of 20 bases
## Found single strand of 20 bases
## nstrands, nnucl =  50 1000
## Adding single strand of 20 bases
##  done line 1 / 50, now at 20/1000
## Adding single strand of 20 bases
##  done line 2 / 50, now at 40/1000
## Adding single strand of 20 bases
##  done line 3 / 50, now at 60/1000
## Adding single strand of 20 bases
##  done line 4 / 50, now at 80/1000
## Adding single strand of 20 bases
##  done line 5 / 50, now at 100/1000
## Adding single strand of 20 bases
##  done line 6 / 50, now at 120/1000
## Adding single strand of 20 bases
##  done line 7 / 50, now at 140/1000
## Adding single strand of 20 bases
##  done line 8 / 50, now at 160/1000
## Adding single strand of 20 bases
##  done line 9 / 50, now at 180/1000
## Adding single strand of 20 bases
##  done line 10 / 50, now at 200/1000
## Adding single strand of 20 bases
##  done line 11 / 50, now at 220/1000
## Adding single strand of 20 bases
##  done line 12 / 50, now at 240/1000
## Adding single strand of 20 bases
##  done line 13 / 50, now at 260/1000
## Adding single strand of 20 bases
##  done line 14 / 50, now at 280/1000
## Adding single strand of 20 bases
##  done line 15 / 50, now at 300/1000
## Adding single strand of 20 bases
##  done line 16 / 50, now at 320/1000
## Adding single strand of 20 bases
##  done line 17 / 50, now at 340/1000
## Adding single strand of 20 bases
##  done line 18 / 50, now at 360/1000
## Adding single strand of 20 bases
##  done line 19 / 50, now at 380/1000
## Adding single strand of 20 bases
##  done line 20 / 50, now at 400/1000
## Adding single strand of 20 bases
##  done line 21 / 50, now at 420/1000
## Adding single strand of 20 bases
##  done line 22 / 50, now at 440/1000
## Adding single strand of 20 bases
##  done line 23 / 50, now at 460/1000
## Adding single strand of 20 bases
##  done line 24 / 50, now at 480/1000
## Adding single strand of 20 bases
##  done line 25 / 50, now at 500/1000
## Adding single strand of 20 bases
##  done line 26 / 50, now at 520/1000
## Adding single strand of 20 bases
##  done line 27 / 50, now at 540/1000
## Adding single strand of 20 bases
##  done line 28 / 50, now at 560/1000
## Adding single strand of 20 bases
##  done line 29 / 50, now at 580/1000
## Adding single strand of 20 bases
##  done line 30 / 50, now at 600/1000
## Adding single strand of 20 bases
##  done line 31 / 50, now at 620/1000
## Adding single strand of 20 bases
##  done line 32 / 50, now at 640/1000
## Adding single strand of 20 bases
##  done line 33 / 50, now at 660/1000
## Adding single strand of 20 bases
##  done line 34 / 50, now at 680/1000
## Adding single strand of 20 bases
##  done line 35 / 50, now at 700/1000
## Adding single strand of 20 bases
##  done line 36 / 50, now at 720/1000
## Adding single strand of 20 bases
##  done line 37 / 50, now at 740/1000
## Adding single strand of 20 bases
##  done line 38 / 50, now at 760/1000
## Adding single strand of 20 bases
##  done line 39 / 50, now at 780/1000
## Adding single strand of 20 bases
##  done line 40 / 50, now at 800/1000
## Adding single strand of 20 bases
##  done line 41 / 50, now at 820/1000
## Adding single strand of 20 bases
##  done line 42 / 50, now at 840/1000
## Adding single strand of 20 bases
##  done line 43 / 50, now at 860/1000
## Adding single strand of 20 bases
##  done line 44 / 50, now at 880/1000
## Adding single strand of 20 bases
##  done line 45 / 50, now at 900/1000
## Adding single strand of 20 bases
##  done line 46 / 50, now at 920/1000
## Adding single strand of 20 bases
##  done line 47 / 50, now at 940/1000
## Adding single strand of 20 bases
##  done line 48 / 50, now at 960/1000
## Adding single strand of 20 bases
##  done line 49 / 50, now at 980/1000
## Adding single strand of 20 bases
##  done line 50 / 50, now at 1000/1000
## ALL DONE. just generated 'generated.dat' and 'generated.top'
try_my_sample/input_seqA-GA100000-0.80_final_20200904210434 fixed
try_my_sample/input_seq_dep_seqA-GA100000-0.80_final_20200904210434 fixed
sed: -e expression #1, char 116: unterminated `s' command
try_my_sample/input_trap_seqA-GA100000-0.80_final_20200904210434 fixed
Starting VMMC simulation with the sequence-averaged version of the model
try_my_sample/input_seqA-GA100000-0.80_final_20200904210434
WARNING: Overwriting key `steps' (`10' to `10')
Starting VMMC simulation with the sequence-dependent version of the model
try_my_sample/input_seq_dep_seqA-GA100000-0.80_final_20200904210434
WARNING: Overwriting key `steps' (`10' to `200000')
WARNING: Overwriting key `seq_dep_file' (`../../oxDNA1_sequence_dependent_parameters.txt' to `../oxDNA1_sequence_dependent_parameters.txt')
Input file '../oxDNA1_sequence_dependent_parameters.txt' not found
Starting VMMC simulation with the sequence-averaged version of the model and traps acting between nucleotides (see hairpin_forces.dat for details of the traps)
try_my_sample/input_trap_seqA-GA100000-0.80_final_20200904210434
WARNING: Overwriting key `steps' (`10' to `200000')
mkdir: cannot create directory 'results/': File exists
mv: cannot stat 'try_my_samples/*.dat': No such file or directory
mv: cannot stat 'seqA-GA100000-0.80_final_20200904210434.dat': No such file or directory
expr: syntax error: unexpected argument 'run_samples/'

seqA-GA100000-0.80_final_20200904210434
try_my_sample/seqA-GA100000-0.80_final_20200904210434.dat
## Found single strand of 20 bases
## Found single strand of 20 bases
## Found single strand of 20 bases
## Found single strand of 20 bases
## Found single strand of 20 bases
## Found single strand of 20 bases
## Found single strand of 20 bases
## Found single strand of 20 bases
## Found single strand of 20 bases
## Found single strand of 20 bases
## Found single strand of 20 bases
## Found single strand of 20 bases
## Found single strand of 20 bases
## Found single strand of 20 bases
## Found single strand of 20 bases
## Found single strand of 20 bases
## Found single strand of 20 bases
## Found single strand of 20 bases
## Found single strand of 20 bases
## Found single strand of 20 bases
## Found single strand of 20 bases
## Found single strand of 20 bases
## Found single strand of 20 bases
## Found single strand of 20 bases
## Found single strand of 20 bases
## Found single strand of 20 bases
## Found single strand of 20 bases
## Found single strand of 20 bases
## Found single strand of 20 bases
## Found single strand of 20 bases
## Found single strand of 20 bases
## Found single strand of 20 bases
## Found single strand of 20 bases
## Found single strand of 20 bases
## Found single strand of 20 bases
## Found single strand of 20 bases
## Found single strand of 20 bases
## Found single strand of 20 bases
## Found single strand of 20 bases
## Found single strand of 20 bases
## Found single strand of 20 bases
## Found single strand of 20 bases
## Found single strand of 20 bases
## Found single strand of 20 bases
## Found single strand of 20 bases
## Found single strand of 20 bases
## Found single strand of 20 bases
## Found single strand of 20 bases
## Found single strand of 20 bases
## Found single strand of 20 bases
## nstrands, nnucl =  50 1000
## Adding single strand of 20 bases
##  done line 1 / 50, now at 20/1000
## Adding single strand of 20 bases
##  done line 2 / 50, now at 40/1000
## Adding single strand of 20 bases
##  done line 3 / 50, now at 60/1000
## Adding single strand of 20 bases
##  done line 4 / 50, now at 80/1000
## Adding single strand of 20 bases
##  done line 5 / 50, now at 100/1000
## Adding single strand of 20 bases
##  done line 6 / 50, now at 120/1000
## Adding single strand of 20 bases
##  done line 7 / 50, now at 140/1000
## Adding single strand of 20 bases
##  done line 8 / 50, now at 160/1000
## Adding single strand of 20 bases
##  done line 9 / 50, now at 180/1000
## Adding single strand of 20 bases
##  done line 10 / 50, now at 200/1000
## Adding single strand of 20 bases
##  done line 11 / 50, now at 220/1000
## Adding single strand of 20 bases
##  done line 12 / 50, now at 240/1000
## Adding single strand of 20 bases
##  done line 13 / 50, now at 260/1000
## Adding single strand of 20 bases
##  done line 14 / 50, now at 280/1000
## Adding single strand of 20 bases
##  done line 15 / 50, now at 300/1000
## Adding single strand of 20 bases
##  done line 16 / 50, now at 320/1000
## Adding single strand of 20 bases
##  done line 17 / 50, now at 340/1000
## Adding single strand of 20 bases
##  done line 18 / 50, now at 360/1000
## Adding single strand of 20 bases
##  done line 19 / 50, now at 380/1000
## Adding single strand of 20 bases
##  done line 20 / 50, now at 400/1000
## Adding single strand of 20 bases
##  done line 21 / 50, now at 420/1000
## Adding single strand of 20 bases
##  done line 22 / 50, now at 440/1000
## Adding single strand of 20 bases
##  done line 23 / 50, now at 460/1000
## Adding single strand of 20 bases
##  done line 24 / 50, now at 480/1000
## Adding single strand of 20 bases
##  done line 25 / 50, now at 500/1000
## Adding single strand of 20 bases
##  done line 26 / 50, now at 520/1000
## Adding single strand of 20 bases
##  done line 27 / 50, now at 540/1000
## Adding single strand of 20 bases
##  done line 28 / 50, now at 560/1000
## Adding single strand of 20 bases
##  done line 29 / 50, now at 580/1000
## Adding single strand of 20 bases
##  done line 30 / 50, now at 600/1000
## Adding single strand of 20 bases
##  done line 31 / 50, now at 620/1000
## Adding single strand of 20 bases
##  done line 32 / 50, now at 640/1000
## Adding single strand of 20 bases
##  done line 33 / 50, now at 660/1000
## Adding single strand of 20 bases
##  done line 34 / 50, now at 680/1000
## Adding single strand of 20 bases
##  done line 35 / 50, now at 700/1000
## Adding single strand of 20 bases
##  done line 36 / 50, now at 720/1000
## Adding single strand of 20 bases
##  done line 37 / 50, now at 740/1000
## Adding single strand of 20 bases
##  done line 38 / 50, now at 760/1000
## Adding single strand of 20 bases
##  done line 39 / 50, now at 780/1000
## Adding single strand of 20 bases
##  done line 40 / 50, now at 800/1000
## Adding single strand of 20 bases
##  done line 41 / 50, now at 820/1000
## Adding single strand of 20 bases
##  done line 42 / 50, now at 840/1000
## Adding single strand of 20 bases
##  trying  43
##  done line 43 / 50, now at 860/1000
## Adding single strand of 20 bases
##  done line 44 / 50, now at 880/1000
## Adding single strand of 20 bases
##  done line 45 / 50, now at 900/1000
## Adding single strand of 20 bases
##  done line 46 / 50, now at 920/1000
## Adding single strand of 20 bases
##  done line 47 / 50, now at 940/1000
## Adding single strand of 20 bases
##  done line 48 / 50, now at 960/1000
## Adding single strand of 20 bases
##  done line 49 / 50, now at 980/1000
## Adding single strand of 20 bases
##  done line 50 / 50, now at 1000/1000
## ALL DONE. just generated 'generated.dat' and 'generated.top'
try_my_sample/input_seqA-GA100000-0.80_final_20200904210434 fixed
try_my_sample/input_seq_dep_seqA-GA100000-0.80_final_20200904210434 fixed
sed: -e expression #1, char 116: unterminated `s' command
try_my_sample/input_trap_seqA-GA100000-0.80_final_20200904210434 fixed
tmp2.sh
#!/usr/bin/bash
RUN_FILE="run_samples/make_samples_ked_2.sh"
echo `expr ls run_samples/`
chmod 755 $RUN_FILE
SEQ_FILE="seqA-GA100000-0.80_final_20200904210434.dat"
./$RUN_FILE $SEQ_FILE
input_seq_dep
##############################
####  PROGRAM PARAMETERS  ####
##############################
sim_type = VMMC
backend = CPU
#debug = 1
seed = 42

##############################
####    SIM PARAMETERS    ####
##############################
; steps = 10
steps = 200000
newtonian_steps = 103
diff_coeff = 2.50
thermostat = john

list_type = cells
ensemble = nvt
delta_translation = 0.22
delta_rotation = 0.22

use_average_seq = 0
; seq_dep_file = ../../oxDNA1_sequence_dependent_parameters.txt
; seq_dep_file = ../oxDNA1_sequence_dependent_parameters.txt
seq_dep_file = oxDNA1_sequence_dependent_parameters.txt

T = 334 K
dt = 0.003
verlet_skin = 0.5

##############################
####    INPUT / OUTPUT    ####
##############################
topology = try_my_sample/generated_seqA-GA100000-0.80_final_20200904210434.top
conf_file = try_my_sample/generated_seqA-GA100000-0.80_final_20200904210434.dat
lastconf_file = last_conf_seq_dep_seqA-GA100000-0.80_final_20200904210434.dat
trajectory_file = trajectory_seq_dep_seqA-GA100000-0.80_final_20200904210434.dat
refresh_vel = 1
log_file = log_seq_dep_seqA-GA100000-0.80_final_20200904210434.dat
no_stdout_energy = 1
restart_step_counter = 1
energy_file = energy_seq_dep_seqA-GA100000-0.80_final_20200904210434.dat
print_conf_interval = 100000000
print_energy_every = 100000
time_scale = linear
external_forces = 0

data_output_1 = {
	print_every = 10000
	name = hb_energy_seq_dep_seqA-GA100000-0.80_final_20200904210434.dat
	col_1 = {
		type = step
	}
	col_2 = {
		type = hb_energy
	}
}
input seq_dep
##############################
####  PROGRAM PARAMETERS  ####
##############################
sim_type = VMMC
backend = CPU
#debug = 1
seed = 42

##############################
####    SIM PARAMETERS    ####
##############################
; steps = 10
steps = 200000
newtonian_steps = 103
diff_coeff = 2.50
thermostat = john

list_type = cells
ensemble = nvt
delta_translation = 0.22
delta_rotation = 0.22

use_average_seq = 0
; seq_dep_file = ../../oxDNA1_sequence_dependent_parameters.txt
; seq_dep_file = ../oxDNA1_sequence_dependent_parameters.txt
seq_dep_file = oxDNA1_sequence_dependent_parameters.txt

T = 334 K
dt = 0.003
verlet_skin = 0.5

##############################
####    INPUT / OUTPUT    ####
##############################
topology = try_my_sample/generated_seqA-GA100000-0.80_final_20200904210434.top
conf_file = try_my_sample/generated_seqA-GA100000-0.80_final_20200904210434.dat
lastconf_file = last_conf_seq_dep_seqA-GA100000-0.80_final_20200904210434.dat
trajectory_file = trajectory_seq_dep_seqA-GA100000-0.80_final_20200904210434.dat
refresh_vel = 1
log_file = log_seq_dep_seqA-GA100000-0.80_final_20200904210434.dat
no_stdout_energy = 1
restart_step_counter = 1
energy_file = energy_seq_dep_seqA-GA100000-0.80_final_20200904210434.dat
print_conf_interval = 100000000
print_energy_every = 100000
time_scale = linear
external_forces = 0

data_output_1 = {
	print_every = 10000
	name = hb_energy_seq_dep_seqA-GA100000-0.80_final_20200904210434.dat
	col_1 = {
		type = step
	}
	col_2 = {
		type = hb_energy
	}
}
forces_seqA-GA100000-0.80_final_20200904210434.dat
generated_seqA-GA100000-0.80_final_20200904210434.dat
generated_seqA-GA100000-0.80_final_20200904210434.top
input_seqA-GA100000-0.80_final_20200904210434
input_seq_dep_seqA-GA100000-0.80_final_20200904210434
input_trap_seqA-GA100000-0.80_final_20200904210434
run.sh
run_A.sh
seqA-GA100000-0.80_final_20200904210434.dat
Starting VMMC simulation with the sequence-averaged version of the model
try_my_sample/input_seqA-GA100000-0.80_final_20200904210434
WARNING: Overwriting key `steps' (`10' to `2000000')
Starting VMMC simulation with the sequence-dependent version of the model
try_my_sample/input_seq_dep_seqA-GA100000-0.80_final_20200904210434
##############################
####  PROGRAM PARAMETERS  ####
##############################
sim_type = VMMC
backend = CPU
#debug = 1
seed = 42

##############################
####    SIM PARAMETERS    ####
##############################
; steps = 10
steps = 200000
newtonian_steps = 103
diff_coeff = 2.50
thermostat = john

list_type = cells
ensemble = nvt
delta_translation = 0.22
delta_rotation = 0.22

use_average_seq = 0
; seq_dep_file = ../../oxDNA1_sequence_dependent_parameters.txt
; seq_dep_file = ../oxDNA1_sequence_dependent_parameters.txt
seq_dep_file = oxDNA1_sequence_dependent_parameters.txt

T = 334 K
dt = 0.003
verlet_skin = 0.5

##############################
####    INPUT / OUTPUT    ####
##############################
topology = try_my_sample/generated_seqA-GA100000-0.80_final_20200904210434.top
conf_file = try_my_sample/generated_seqA-GA100000-0.80_final_20200904210434.dat
lastconf_file = last_conf_seq_dep_seqA-GA100000-0.80_final_20200904210434.dat
trajectory_file = trajectory_seq_dep_seqA-GA100000-0.80_final_20200904210434.dat
refresh_vel = 1
log_file = log_seq_dep_seqA-GA100000-0.80_final_20200904210434.dat
no_stdout_energy = 1
restart_step_counter = 1
energy_file = energy_seq_dep_seqA-GA100000-0.80_final_20200904210434.dat
print_conf_interval = 100000000
print_energy_every = 100000
time_scale = linear
external_forces = 0

data_output_1 = {
	print_every = 10000
	name = hb_energy_seq_dep_seqA-GA100000-0.80_final_20200904210434.dat
	col_1 = {
		type = step
	}
	col_2 = {
		type = hb_energy
	}
}
WARNING: Overwriting key `steps' (`10' to `200000')
WARNING: Overwriting key `seq_dep_file' (`../../oxDNA1_sequence_dependent_parameters.txt' to `../oxDNA1_sequence_dependent_parameters.txt')
WARNING: Overwriting key `seq_dep_file' (`../oxDNA1_sequence_dependent_parameters.txt' to `oxDNA1_sequence_dependent_parameters.txt')
Starting VMMC simulation with the sequence-averaged version of the model and traps acting between nucleotides (see hairpin_forces.dat for details of the traps)
try_my_sample/input_trap_seqA-GA100000-0.80_final_20200904210434
WARNING: Overwriting key `steps' (`10' to `200000')
mkdir: cannot create directory 'results/': File exists
mv: cannot stat 'try_my_samples/*.dat': No such file or directory
mv: cannot stat 'seqA-GA100000-0.80_final_20200904210434.dat': No such file or directory
expr: syntax error: unexpected argument 'run_samples/'

seqA-GA100000-0.80_final_20200904210434
try_my_sample/seqA-GA100000-0.80_final_20200904210434.dat
## Found single strand of 20 bases
## Found single strand of 20 bases
## Found single strand of 20 bases
## Found single strand of 20 bases
## Found single strand of 20 bases
## Found single strand of 20 bases
## Found single strand of 20 bases
## Found single strand of 20 bases
## Found single strand of 20 bases
## Found single strand of 20 bases
## Found single strand of 20 bases
## Found single strand of 20 bases
## Found single strand of 20 bases
## Found single strand of 20 bases
## Found single strand of 20 bases
## Found single strand of 20 bases
## Found single strand of 20 bases
## Found single strand of 20 bases
## Found single strand of 20 bases
## Found single strand of 20 bases
## Found single strand of 20 bases
## Found single strand of 20 bases
## Found single strand of 20 bases
## Found single strand of 20 bases
## Found single strand of 20 bases
## Found single strand of 20 bases
## Found single strand of 20 bases
## Found single strand of 20 bases
## Found single strand of 20 bases
## Found single strand of 20 bases
## Found single strand of 20 bases
## Found single strand of 20 bases
## Found single strand of 20 bases
## Found single strand of 20 bases
## Found single strand of 20 bases
## Found single strand of 20 bases
## Found single strand of 20 bases
## Found single strand of 20 bases
## Found single strand of 20 bases
## Found single strand of 20 bases
## Found single strand of 20 bases
## Found single strand of 20 bases
## Found single strand of 20 bases
## Found single strand of 20 bases
## Found single strand of 20 bases
## Found single strand of 20 bases
## Found single strand of 20 bases
## Found single strand of 20 bases
## Found single strand of 20 bases
## Found single strand of 20 bases
## nstrands, nnucl =  50 1000
## Adding single strand of 20 bases
##  done line 1 / 50, now at 20/1000
## Adding single strand of 20 bases
##  done line 2 / 50, now at 40/1000
## Adding single strand of 20 bases
##  done line 3 / 50, now at 60/1000
## Adding single strand of 20 bases
##  done line 4 / 50, now at 80/1000
## Adding single strand of 20 bases
##  done line 5 / 50, now at 100/1000
## Adding single strand of 20 bases
##  done line 6 / 50, now at 120/1000
## Adding single strand of 20 bases
##  done line 7 / 50, now at 140/1000
## Adding single strand of 20 bases
##  done line 8 / 50, now at 160/1000
## Adding single strand of 20 bases
##  done line 9 / 50, now at 180/1000
## Adding single strand of 20 bases
##  done line 10 / 50, now at 200/1000
## Adding single strand of 20 bases
##  done line 11 / 50, now at 220/1000
## Adding single strand of 20 bases
##  done line 12 / 50, now at 240/1000
## Adding single strand of 20 bases
##  done line 13 / 50, now at 260/1000
## Adding single strand of 20 bases
##  done line 14 / 50, now at 280/1000
## Adding single strand of 20 bases
##  done line 15 / 50, now at 300/1000
## Adding single strand of 20 bases
##  done line 16 / 50, now at 320/1000
## Adding single strand of 20 bases
##  done line 17 / 50, now at 340/1000
## Adding single strand of 20 bases
##  done line 18 / 50, now at 360/1000
## Adding single strand of 20 bases
##  done line 19 / 50, now at 380/1000
## Adding single strand of 20 bases
##  done line 20 / 50, now at 400/1000
## Adding single strand of 20 bases
##  done line 21 / 50, now at 420/1000
## Adding single strand of 20 bases
##  done line 22 / 50, now at 440/1000
## Adding single strand of 20 bases
##  done line 23 / 50, now at 460/1000
## Adding single strand of 20 bases
##  done line 24 / 50, now at 480/1000
## Adding single strand of 20 bases
##  done line 25 / 50, now at 500/1000
## Adding single strand of 20 bases
##  done line 26 / 50, now at 520/1000
## Adding single strand of 20 bases
##  done line 27 / 50, now at 540/1000
## Adding single strand of 20 bases
##  done line 28 / 50, now at 560/1000
## Adding single strand of 20 bases
##  done line 29 / 50, now at 580/1000
## Adding single strand of 20 bases
##  done line 30 / 50, now at 600/1000
## Adding single strand of 20 bases
##  done line 31 / 50, now at 620/1000
## Adding single strand of 20 bases
##  done line 32 / 50, now at 640/1000
## Adding single strand of 20 bases
##  done line 33 / 50, now at 660/1000
## Adding single strand of 20 bases
##  done line 34 / 50, now at 680/1000
## Adding single strand of 20 bases
##  done line 35 / 50, now at 700/1000
## Adding single strand of 20 bases
##  done line 36 / 50, now at 720/1000
## Adding single strand of 20 bases
##  done line 37 / 50, now at 740/1000
## Adding single strand of 20 bases
##  done line 38 / 50, now at 760/1000
## Adding single strand of 20 bases
##  done line 39 / 50, now at 780/1000
## Adding single strand of 20 bases
##  done line 40 / 50, now at 800/1000
## Adding single strand of 20 bases
##  done line 41 / 50, now at 820/1000
## Adding single strand of 20 bases
##  done line 42 / 50, now at 840/1000
## Adding single strand of 20 bases
##  done line 43 / 50, now at 860/1000
## Adding single strand of 20 bases
##  done line 44 / 50, now at 880/1000
## Adding single strand of 20 bases
##  done line 45 / 50, now at 900/1000
## Adding single strand of 20 bases
##  done line 46 / 50, now at 920/1000
## Adding single strand of 20 bases
##  done line 47 / 50, now at 940/1000
## Adding single strand of 20 bases
##  done line 48 / 50, now at 960/1000
## Adding single strand of 20 bases
##  done line 49 / 50, now at 980/1000
## Adding single strand of 20 bases
##  done line 50 / 50, now at 1000/1000
## ALL DONE. just generated 'generated.dat' and 'generated.top'
try_my_sample/input_seqA-GA100000-0.80_final_20200904210434 fixed
try_my_sample/input_seq_dep_seqA-GA100000-0.80_final_20200904210434 fixed
sed: -e expression #1, char 116: unterminated `s' command
try_my_sample/input_trap_seqA-GA100000-0.80_final_20200904210434 fixed
tmp2.sh
#!/usr/bin/bash
RUN_FILE="run_samples/make_samples_ked_2.sh"
echo `expr ls run_samples/`
chmod 755 $RUN_FILE
SEQ_FILE="seqA-GA100000-0.80_final_20200904210434.dat"
./$RUN_FILE $SEQ_FILE
input_seq_dep
##############################
####  PROGRAM PARAMETERS  ####
##############################
sim_type = VMMC
backend = CPU
#debug = 1
seed = 42

##############################
####    SIM PARAMETERS    ####
##############################
; steps = 10
steps = 200000
newtonian_steps = 103
diff_coeff = 2.50
thermostat = john

list_type = cells
ensemble = nvt
delta_translation = 0.22
delta_rotation = 0.22

use_average_seq = 0
; seq_dep_file = ../../oxDNA1_sequence_dependent_parameters.txt
; seq_dep_file = ../oxDNA1_sequence_dependent_parameters.txt
seq_dep_file = oxDNA1_sequence_dependent_parameters.txt

T = 334 K
dt = 0.003
verlet_skin = 0.5

##############################
####    INPUT / OUTPUT    ####
##############################
topology = try_my_sample/generated_seqA-GA100000-0.80_final_20200904210434.top
conf_file = try_my_sample/generated_seqA-GA100000-0.80_final_20200904210434.dat
lastconf_file = last_conf_seq_dep_seqA-GA100000-0.80_final_20200904210434.dat
trajectory_file = trajectory_seq_dep_seqA-GA100000-0.80_final_20200904210434.dat
refresh_vel = 1
log_file = log_seq_dep_seqA-GA100000-0.80_final_20200904210434.dat
no_stdout_energy = 1
restart_step_counter = 1
energy_file = energy_seq_dep_seqA-GA100000-0.80_final_20200904210434.dat
print_conf_interval = 100000000
print_energy_every = 100000
time_scale = linear
external_forces = 0

data_output_1 = {
	print_every = 10000
	name = hb_energy_seq_dep_seqA-GA100000-0.80_final_20200904210434.dat
	col_1 = {
		type = step
	}
	col_2 = {
		type = hb_energy
	}
}
input seq_dep
##############################
####  PROGRAM PARAMETERS  ####
##############################
sim_type = VMMC
backend = CPU
#debug = 1
seed = 42

##############################
####    SIM PARAMETERS    ####
##############################
; steps = 10
steps = 200000
newtonian_steps = 103
diff_coeff = 2.50
thermostat = john

list_type = cells
ensemble = nvt
delta_translation = 0.22
delta_rotation = 0.22

use_average_seq = 0
; seq_dep_file = ../../oxDNA1_sequence_dependent_parameters.txt
; seq_dep_file = ../oxDNA1_sequence_dependent_parameters.txt
seq_dep_file = oxDNA1_sequence_dependent_parameters.txt

T = 334 K
dt = 0.003
verlet_skin = 0.5

##############################
####    INPUT / OUTPUT    ####
##############################
topology = try_my_sample/generated_seqA-GA100000-0.80_final_20200904210434.top
conf_file = try_my_sample/generated_seqA-GA100000-0.80_final_20200904210434.dat
lastconf_file = last_conf_seq_dep_seqA-GA100000-0.80_final_20200904210434.dat
trajectory_file = trajectory_seq_dep_seqA-GA100000-0.80_final_20200904210434.dat
refresh_vel = 1
log_file = log_seq_dep_seqA-GA100000-0.80_final_20200904210434.dat
no_stdout_energy = 1
restart_step_counter = 1
energy_file = energy_seq_dep_seqA-GA100000-0.80_final_20200904210434.dat
print_conf_interval = 100000000
print_energy_every = 100000
time_scale = linear
external_forces = 0

data_output_1 = {
	print_every = 10000
	name = hb_energy_seq_dep_seqA-GA100000-0.80_final_20200904210434.dat
	col_1 = {
		type = step
	}
	col_2 = {
		type = hb_energy
	}
}
forces_seqA-GA100000-0.80_final_20200904210434.dat
generated_seqA-GA100000-0.80_final_20200904210434.dat
generated_seqA-GA100000-0.80_final_20200904210434.top
input_seqA-GA100000-0.80_final_20200904210434
input_seq_dep_seqA-GA100000-0.80_final_20200904210434
input_trap_seqA-GA100000-0.80_final_20200904210434
run.sh
run_A.sh
seqA-GA100000-0.80_final_20200904210434.dat
Starting VMMC simulation with the sequence-averaged version of the model
try_my_sample/input_seqA-GA100000-0.80_final_20200904210434
WARNING: Overwriting key `steps' (`10' to `10')
Starting VMMC simulation with the sequence-dependent version of the model
try_my_sample/input_seq_dep_seqA-GA100000-0.80_final_20200904210434
##############################
####  PROGRAM PARAMETERS  ####
##############################
sim_type = VMMC
backend = CPU
#debug = 1
seed = 42

##############################
####    SIM PARAMETERS    ####
##############################
; steps = 10
steps = 200000
newtonian_steps = 103
diff_coeff = 2.50
thermostat = john

list_type = cells
ensemble = nvt
delta_translation = 0.22
delta_rotation = 0.22

use_average_seq = 0
; seq_dep_file = ../../oxDNA1_sequence_dependent_parameters.txt
; seq_dep_file = ../oxDNA1_sequence_dependent_parameters.txt
seq_dep_file = oxDNA1_sequence_dependent_parameters.txt

T = 334 K
dt = 0.003
verlet_skin = 0.5

##############################
####    INPUT / OUTPUT    ####
##############################
topology = try_my_sample/generated_seqA-GA100000-0.80_final_20200904210434.top
conf_file = try_my_sample/generated_seqA-GA100000-0.80_final_20200904210434.dat
lastconf_file = last_conf_seq_dep_seqA-GA100000-0.80_final_20200904210434.dat
trajectory_file = trajectory_seq_dep_seqA-GA100000-0.80_final_20200904210434.dat
refresh_vel = 1
log_file = log_seq_dep_seqA-GA100000-0.80_final_20200904210434.dat
no_stdout_energy = 1
restart_step_counter = 1
energy_file = energy_seq_dep_seqA-GA100000-0.80_final_20200904210434.dat
print_conf_interval = 100000000
print_energy_every = 100000
time_scale = linear
external_forces = 0

data_output_1 = {
	print_every = 10000
	name = hb_energy_seq_dep_seqA-GA100000-0.80_final_20200904210434.dat
	col_1 = {
		type = step
	}
	col_2 = {
		type = hb_energy
	}
}
WARNING: Overwriting key `steps' (`10' to `200000')
WARNING: Overwriting key `seq_dep_file' (`../../oxDNA1_sequence_dependent_parameters.txt' to `../oxDNA1_sequence_dependent_parameters.txt')
WARNING: Overwriting key `seq_dep_file' (`../oxDNA1_sequence_dependent_parameters.txt' to `oxDNA1_sequence_dependent_parameters.txt')
Starting VMMC simulation with the sequence-averaged version of the model and traps acting between nucleotides (see hairpin_forces.dat for details of the traps)
try_my_sample/input_trap_seqA-GA100000-0.80_final_20200904210434
WARNING: Overwriting key `steps' (`10' to `200000')
mkdir: cannot create directory 'results/': File exists
mv: cannot stat 'try_my_samples/*.dat': No such file or directory
mv: cannot stat 'seqA-GA100000-0.80_final_20200904210434.dat': No such file or directory
expr: syntax error: unexpected argument 'run_samples/'

seqA-GA100000-0.80_final_20200904210434
try_my_sample/seqA-GA100000-0.80_final_20200904210434.dat
## Found single strand of 20 bases
## Found single strand of 20 bases
## Found single strand of 20 bases
## Found single strand of 20 bases
## Found single strand of 20 bases
## Found single strand of 20 bases
## Found single strand of 20 bases
## Found single strand of 20 bases
## Found single strand of 20 bases
## Found single strand of 20 bases
## Found single strand of 20 bases
## Found single strand of 20 bases
## Found single strand of 20 bases
## Found single strand of 20 bases
## Found single strand of 20 bases
## Found single strand of 20 bases
## Found single strand of 20 bases
## Found single strand of 20 bases
## Found single strand of 20 bases
## Found single strand of 20 bases
## Found single strand of 20 bases
## Found single strand of 20 bases
## Found single strand of 20 bases
## Found single strand of 20 bases
## Found single strand of 20 bases
## Found single strand of 20 bases
## Found single strand of 20 bases
## Found single strand of 20 bases
## Found single strand of 20 bases
## Found single strand of 20 bases
## Found single strand of 20 bases
## Found single strand of 20 bases
## Found single strand of 20 bases
## Found single strand of 20 bases
## Found single strand of 20 bases
## Found single strand of 20 bases
## Found single strand of 20 bases
## Found single strand of 20 bases
## Found single strand of 20 bases
## Found single strand of 20 bases
## Found single strand of 20 bases
## Found single strand of 20 bases
## Found single strand of 20 bases
## Found single strand of 20 bases
## Found single strand of 20 bases
## Found single strand of 20 bases
## Found single strand of 20 bases
## Found single strand of 20 bases
## Found single strand of 20 bases
## Found single strand of 20 bases
## nstrands, nnucl =  50 1000
## Adding single strand of 20 bases
##  done line 1 / 50, now at 20/1000
## Adding single strand of 20 bases
##  done line 2 / 50, now at 40/1000
## Adding single strand of 20 bases
##  done line 3 / 50, now at 60/1000
## Adding single strand of 20 bases
##  done line 4 / 50, now at 80/1000
## Adding single strand of 20 bases
##  done line 5 / 50, now at 100/1000
## Adding single strand of 20 bases
##  done line 6 / 50, now at 120/1000
## Adding single strand of 20 bases
##  done line 7 / 50, now at 140/1000
## Adding single strand of 20 bases
##  done line 8 / 50, now at 160/1000
## Adding single strand of 20 bases
##  done line 9 / 50, now at 180/1000
## Adding single strand of 20 bases
##  done line 10 / 50, now at 200/1000
## Adding single strand of 20 bases
##  done line 11 / 50, now at 220/1000
## Adding single strand of 20 bases
##  done line 12 / 50, now at 240/1000
## Adding single strand of 20 bases
##  done line 13 / 50, now at 260/1000
## Adding single strand of 20 bases
##  done line 14 / 50, now at 280/1000
## Adding single strand of 20 bases
##  done line 15 / 50, now at 300/1000
## Adding single strand of 20 bases
##  done line 16 / 50, now at 320/1000
## Adding single strand of 20 bases
##  done line 17 / 50, now at 340/1000
## Adding single strand of 20 bases
##  done line 18 / 50, now at 360/1000
## Adding single strand of 20 bases
##  done line 19 / 50, now at 380/1000
## Adding single strand of 20 bases
##  done line 20 / 50, now at 400/1000
## Adding single strand of 20 bases
##  done line 21 / 50, now at 420/1000
## Adding single strand of 20 bases
##  done line 22 / 50, now at 440/1000
## Adding single strand of 20 bases
##  done line 23 / 50, now at 460/1000
## Adding single strand of 20 bases
##  done line 24 / 50, now at 480/1000
## Adding single strand of 20 bases
##  done line 25 / 50, now at 500/1000
## Adding single strand of 20 bases
##  done line 26 / 50, now at 520/1000
## Adding single strand of 20 bases
##  done line 27 / 50, now at 540/1000
## Adding single strand of 20 bases
##  done line 28 / 50, now at 560/1000
## Adding single strand of 20 bases
##  done line 29 / 50, now at 580/1000
## Adding single strand of 20 bases
##  done line 30 / 50, now at 600/1000
## Adding single strand of 20 bases
##  done line 31 / 50, now at 620/1000
## Adding single strand of 20 bases
##  done line 32 / 50, now at 640/1000
## Adding single strand of 20 bases
##  done line 33 / 50, now at 660/1000
## Adding single strand of 20 bases
##  done line 34 / 50, now at 680/1000
## Adding single strand of 20 bases
##  done line 35 / 50, now at 700/1000
## Adding single strand of 20 bases
##  done line 36 / 50, now at 720/1000
## Adding single strand of 20 bases
##  done line 37 / 50, now at 740/1000
## Adding single strand of 20 bases
##  done line 38 / 50, now at 760/1000
## Adding single strand of 20 bases
##  done line 39 / 50, now at 780/1000
## Adding single strand of 20 bases
##  done line 40 / 50, now at 800/1000
## Adding single strand of 20 bases
##  done line 41 / 50, now at 820/1000
## Adding single strand of 20 bases
##  done line 42 / 50, now at 840/1000
## Adding single strand of 20 bases
##  done line 43 / 50, now at 860/1000
## Adding single strand of 20 bases
##  done line 44 / 50, now at 880/1000
## Adding single strand of 20 bases
##  done line 45 / 50, now at 900/1000
## Adding single strand of 20 bases
##  done line 46 / 50, now at 920/1000
## Adding single strand of 20 bases
##  done line 47 / 50, now at 940/1000
## Adding single strand of 20 bases
##  done line 48 / 50, now at 960/1000
## Adding single strand of 20 bases
##  done line 49 / 50, now at 980/1000
## Adding single strand of 20 bases
##  done line 50 / 50, now at 1000/1000
## ALL DONE. just generated 'generated.dat' and 'generated.top'
try_my_sample/input_seqA-GA100000-0.80_final_20200904210434 fixed
try_my_sample/input_seq_dep_seqA-GA100000-0.80_final_20200904210434 fixed
sed: -e expression #1, char 116: unterminated `s' command
try_my_sample/input_trap_seqA-GA100000-0.80_final_20200904210434 fixed
tmp2.sh
#!/usr/bin/bash
RUN_FILE="run_samples/make_samples_ked_2.sh"
echo `expr ls run_samples/`
chmod 755 $RUN_FILE
SEQ_FILE="seqA-GA100000-0.80_final_20200904210434.dat"
./$RUN_FILE $SEQ_FILE
input_seq_dep
##############################
####  PROGRAM PARAMETERS  ####
##############################
sim_type = VMMC
backend = CPU
#debug = 1
seed = 42

##############################
####    SIM PARAMETERS    ####
##############################
; steps = 10
steps = 10000000
newtonian_steps = 103
diff_coeff = 2.50
thermostat = john

list_type = cells
ensemble = nvt
delta_translation = 0.22
delta_rotation = 0.22

use_average_seq = 0
; seq_dep_file = ../../oxDNA1_sequence_dependent_parameters.txt
; seq_dep_file = ../oxDNA1_sequence_dependent_parameters.txt
seq_dep_file = oxDNA1_sequence_dependent_parameters.txt

T = 334 K
dt = 0.003
verlet_skin = 0.5

##############################
####    INPUT / OUTPUT    ####
##############################
topology = try_my_sample/generated_seqA-GA100000-0.80_final_20200904210434.top
conf_file = try_my_sample/generated_seqA-GA100000-0.80_final_20200904210434.dat
lastconf_file = last_conf_seq_dep_seqA-GA100000-0.80_final_20200904210434.dat
trajectory_file = trajectory_seq_dep_seqA-GA100000-0.80_final_20200904210434.dat
refresh_vel = 1
log_file = log_seq_dep_seqA-GA100000-0.80_final_20200904210434.dat
no_stdout_energy = 1
restart_step_counter = 1
energy_file = energy_seq_dep_seqA-GA100000-0.80_final_20200904210434.dat
print_conf_interval = 100000000
print_energy_every = 100000
time_scale = linear
external_forces = 0

data_output_1 = {
	print_every = 10000
	name = hb_energy_seq_dep_seqA-GA100000-0.80_final_20200904210434.dat
	col_1 = {
		type = step
	}
	col_2 = {
		type = hb_energy
	}
}
input seq_dep
##############################
####  PROGRAM PARAMETERS  ####
##############################
sim_type = VMMC
backend = CPU
#debug = 1
seed = 42

##############################
####    SIM PARAMETERS    ####
##############################
; steps = 10
steps = 10000000
newtonian_steps = 103
diff_coeff = 2.50
thermostat = john

list_type = cells
ensemble = nvt
delta_translation = 0.22
delta_rotation = 0.22

use_average_seq = 0
; seq_dep_file = ../../oxDNA1_sequence_dependent_parameters.txt
; seq_dep_file = ../oxDNA1_sequence_dependent_parameters.txt
seq_dep_file = oxDNA1_sequence_dependent_parameters.txt

T = 334 K
dt = 0.003
verlet_skin = 0.5

##############################
####    INPUT / OUTPUT    ####
##############################
topology = try_my_sample/generated_seqA-GA100000-0.80_final_20200904210434.top
conf_file = try_my_sample/generated_seqA-GA100000-0.80_final_20200904210434.dat
lastconf_file = last_conf_seq_dep_seqA-GA100000-0.80_final_20200904210434.dat
trajectory_file = trajectory_seq_dep_seqA-GA100000-0.80_final_20200904210434.dat
refresh_vel = 1
log_file = log_seq_dep_seqA-GA100000-0.80_final_20200904210434.dat
no_stdout_energy = 1
restart_step_counter = 1
energy_file = energy_seq_dep_seqA-GA100000-0.80_final_20200904210434.dat
print_conf_interval = 100000000
print_energy_every = 100000
time_scale = linear
external_forces = 0

data_output_1 = {
	print_every = 10000
	name = hb_energy_seq_dep_seqA-GA100000-0.80_final_20200904210434.dat
	col_1 = {
		type = step
	}
	col_2 = {
		type = hb_energy
	}
}
forces_seqA-GA100000-0.80_final_20200904210434.dat
generated_seqA-GA100000-0.80_final_20200904210434.dat
generated_seqA-GA100000-0.80_final_20200904210434.top
input_seqA-GA100000-0.80_final_20200904210434
input_seq_dep_seqA-GA100000-0.80_final_20200904210434
input_trap_seqA-GA100000-0.80_final_20200904210434
run.sh
run_A.sh
seqA-GA100000-0.80_final_20200904210434.dat
Starting VMMC simulation with the sequence-averaged version of the model
try_my_sample/input_seqA-GA100000-0.80_final_20200904210434
WARNING: Overwriting key `steps' (`10' to `10000000')
Starting VMMC simulation with the sequence-dependent version of the model
try_my_sample/input_seq_dep_seqA-GA100000-0.80_final_20200904210434
##############################
####  PROGRAM PARAMETERS  ####
##############################
sim_type = VMMC
backend = CPU
#debug = 1
seed = 42

##############################
####    SIM PARAMETERS    ####
##############################
; steps = 10
steps = 10000000
newtonian_steps = 103
diff_coeff = 2.50
thermostat = john

list_type = cells
ensemble = nvt
delta_translation = 0.22
delta_rotation = 0.22

use_average_seq = 0
; seq_dep_file = ../../oxDNA1_sequence_dependent_parameters.txt
; seq_dep_file = ../oxDNA1_sequence_dependent_parameters.txt
seq_dep_file = oxDNA1_sequence_dependent_parameters.txt

T = 334 K
dt = 0.003
verlet_skin = 0.5

##############################
####    INPUT / OUTPUT    ####
##############################
topology = try_my_sample/generated_seqA-GA100000-0.80_final_20200904210434.top
conf_file = try_my_sample/generated_seqA-GA100000-0.80_final_20200904210434.dat
lastconf_file = last_conf_seq_dep_seqA-GA100000-0.80_final_20200904210434.dat
trajectory_file = trajectory_seq_dep_seqA-GA100000-0.80_final_20200904210434.dat
refresh_vel = 1
log_file = log_seq_dep_seqA-GA100000-0.80_final_20200904210434.dat
no_stdout_energy = 1
restart_step_counter = 1
energy_file = energy_seq_dep_seqA-GA100000-0.80_final_20200904210434.dat
print_conf_interval = 100000000
print_energy_every = 100000
time_scale = linear
external_forces = 0

data_output_1 = {
	print_every = 10000
	name = hb_energy_seq_dep_seqA-GA100000-0.80_final_20200904210434.dat
	col_1 = {
		type = step
	}
	col_2 = {
		type = hb_energy
	}
}
WARNING: Overwriting key `steps' (`10' to `10000000')
WARNING: Overwriting key `seq_dep_file' (`../../oxDNA1_sequence_dependent_parameters.txt' to `../oxDNA1_sequence_dependent_parameters.txt')
WARNING: Overwriting key `seq_dep_file' (`../oxDNA1_sequence_dependent_parameters.txt' to `oxDNA1_sequence_dependent_parameters.txt')
expr: syntax error: unexpected argument 'run_samples/'

seqA-GA100000-0.80_final_20200904210434
try_my_sample/seqA-GA100000-0.80_final_20200904210434.dat
## Found single strand of 20 bases
## Found single strand of 20 bases
## Found single strand of 20 bases
## Found single strand of 20 bases
## Found single strand of 20 bases
## Found single strand of 20 bases
## Found single strand of 20 bases
## Found single strand of 20 bases
## Found single strand of 20 bases
## Found single strand of 20 bases
## Found single strand of 20 bases
## Found single strand of 20 bases
## Found single strand of 20 bases
## Found single strand of 20 bases
## Found single strand of 20 bases
## Found single strand of 20 bases
## Found single strand of 20 bases
## Found single strand of 20 bases
## Found single strand of 20 bases
## Found single strand of 20 bases
## Found single strand of 20 bases
## Found single strand of 20 bases
## Found single strand of 20 bases
## Found single strand of 20 bases
## Found single strand of 20 bases
## Found single strand of 20 bases
## Found single strand of 20 bases
## Found single strand of 20 bases
## Found single strand of 20 bases
## Found single strand of 20 bases
## Found single strand of 20 bases
## Found single strand of 20 bases
## Found single strand of 20 bases
## Found single strand of 20 bases
## Found single strand of 20 bases
## Found single strand of 20 bases
## Found single strand of 20 bases
## Found single strand of 20 bases
## Found single strand of 20 bases
## Found single strand of 20 bases
## Found single strand of 20 bases
## Found single strand of 20 bases
## Found single strand of 20 bases
## Found single strand of 20 bases
## Found single strand of 20 bases
## Found single strand of 20 bases
## Found single strand of 20 bases
## Found single strand of 20 bases
## Found single strand of 20 bases
## Found single strand of 20 bases
## nstrands, nnucl =  50 1000
## Adding single strand of 20 bases
##  done line 1 / 50, now at 20/1000
## Adding single strand of 20 bases
##  done line 2 / 50, now at 40/1000
## Adding single strand of 20 bases
##  done line 3 / 50, now at 60/1000
## Adding single strand of 20 bases
##  done line 4 / 50, now at 80/1000
## Adding single strand of 20 bases
##  done line 5 / 50, now at 100/1000
## Adding single strand of 20 bases
##  done line 6 / 50, now at 120/1000
## Adding single strand of 20 bases
##  done line 7 / 50, now at 140/1000
## Adding single strand of 20 bases
##  done line 8 / 50, now at 160/1000
## Adding single strand of 20 bases
##  done line 9 / 50, now at 180/1000
## Adding single strand of 20 bases
##  done line 10 / 50, now at 200/1000
## Adding single strand of 20 bases
##  done line 11 / 50, now at 220/1000
## Adding single strand of 20 bases
##  done line 12 / 50, now at 240/1000
## Adding single strand of 20 bases
##  done line 13 / 50, now at 260/1000
## Adding single strand of 20 bases
##  done line 14 / 50, now at 280/1000
## Adding single strand of 20 bases
##  done line 15 / 50, now at 300/1000
## Adding single strand of 20 bases
##  done line 16 / 50, now at 320/1000
## Adding single strand of 20 bases
##  done line 17 / 50, now at 340/1000
## Adding single strand of 20 bases
##  done line 18 / 50, now at 360/1000
## Adding single strand of 20 bases
##  done line 19 / 50, now at 380/1000
## Adding single strand of 20 bases
##  done line 20 / 50, now at 400/1000
## Adding single strand of 20 bases
##  done line 21 / 50, now at 420/1000
## Adding single strand of 20 bases
##  done line 22 / 50, now at 440/1000
## Adding single strand of 20 bases
##  done line 23 / 50, now at 460/1000
## Adding single strand of 20 bases
##  done line 24 / 50, now at 480/1000
## Adding single strand of 20 bases
##  done line 25 / 50, now at 500/1000
## Adding single strand of 20 bases
##  done line 26 / 50, now at 520/1000
## Adding single strand of 20 bases
##  done line 27 / 50, now at 540/1000
## Adding single strand of 20 bases
##  done line 28 / 50, now at 560/1000
## Adding single strand of 20 bases
##  done line 29 / 50, now at 580/1000
## Adding single strand of 20 bases
##  done line 30 / 50, now at 600/1000
## Adding single strand of 20 bases
##  done line 31 / 50, now at 620/1000
## Adding single strand of 20 bases
##  done line 32 / 50, now at 640/1000
## Adding single strand of 20 bases
##  done line 33 / 50, now at 660/1000
## Adding single strand of 20 bases
##  done line 34 / 50, now at 680/1000
## Adding single strand of 20 bases
##  done line 35 / 50, now at 700/1000
## Adding single strand of 20 bases
##  done line 36 / 50, now at 720/1000
## Adding single strand of 20 bases
##  done line 37 / 50, now at 740/1000
## Adding single strand of 20 bases
##  done line 38 / 50, now at 760/1000
## Adding single strand of 20 bases
##  done line 39 / 50, now at 780/1000
## Adding single strand of 20 bases
##  done line 40 / 50, now at 800/1000
## Adding single strand of 20 bases
##  done line 41 / 50, now at 820/1000
## Adding single strand of 20 bases
##  done line 42 / 50, now at 840/1000
## Adding single strand of 20 bases
##  done line 43 / 50, now at 860/1000
## Adding single strand of 20 bases
##  done line 44 / 50, now at 880/1000
## Adding single strand of 20 bases
##  done line 45 / 50, now at 900/1000
## Adding single strand of 20 bases
##  done line 46 / 50, now at 920/1000
## Adding single strand of 20 bases
##  done line 47 / 50, now at 940/1000
## Adding single strand of 20 bases
##  done line 48 / 50, now at 960/1000
## Adding single strand of 20 bases
##  done line 49 / 50, now at 980/1000
## Adding single strand of 20 bases
##  done line 50 / 50, now at 1000/1000
## ALL DONE. just generated 'generated.dat' and 'generated.top'
try_my_sample/input_seqA-GA100000-0.80_final_20200904210434 fixed
try_my_sample/input_seq_dep_seqA-GA100000-0.80_final_20200904210434 fixed
sed: -e expression #1, char 116: unterminated `s' command
try_my_sample/input_trap_seqA-GA100000-0.80_final_20200904210434 fixed
tmp2.sh
#!/usr/bin/bash
RUN_FILE="run_samples/make_samples_ked_2.sh"
echo `expr ls run_samples/`
chmod 755 $RUN_FILE
SEQ_FILE="seqA-GA100000-0.80_final_20200904210434.dat"
./$RUN_FILE $SEQ_FILE
input_seq_dep
##############################
####  PROGRAM PARAMETERS  ####
##############################
sim_type = VMMC
backend = CPU
#debug = 1
seed = 42

##############################
####    SIM PARAMETERS    ####
##############################
; steps = 10
steps = 200000
newtonian_steps = 103
diff_coeff = 2.50
thermostat = john

list_type = cells
ensemble = nvt
delta_translation = 0.22
delta_rotation = 0.22

use_average_seq = 0
; seq_dep_file = ../../oxDNA1_sequence_dependent_parameters.txt
; seq_dep_file = ../oxDNA1_sequence_dependent_parameters.txt
seq_dep_file = oxDNA1_sequence_dependent_parameters.txt

T = 334 K
dt = 0.003
verlet_skin = 0.5

##############################
####    INPUT / OUTPUT    ####
##############################
topology = try_my_sample/generated_seqA-GA100000-0.80_final_20200904210434.top
conf_file = try_my_sample/generated_seqA-GA100000-0.80_final_20200904210434.dat
lastconf_file = last_conf_seq_dep_seqA-GA100000-0.80_final_20200904210434.dat
trajectory_file = trajectory_seq_dep_seqA-GA100000-0.80_final_20200904210434.dat
refresh_vel = 1
log_file = log_seq_dep_seqA-GA100000-0.80_final_20200904210434.dat
no_stdout_energy = 1
restart_step_counter = 1
energy_file = energy_seq_dep_seqA-GA100000-0.80_final_20200904210434.dat
print_conf_interval = 100000000
print_energy_every = 100000
time_scale = linear
external_forces = 0

data_output_1 = {
	print_every = 10000
	name = hb_energy_seq_dep_seqA-GA100000-0.80_final_20200904210434.dat
	col_1 = {
		type = step
	}
	col_2 = {
		type = hb_energy
	}
}
input seq_dep
##############################
####  PROGRAM PARAMETERS  ####
##############################
sim_type = VMMC
backend = CPU
#debug = 1
seed = 42

##############################
####    SIM PARAMETERS    ####
##############################
; steps = 10
steps = 200000
newtonian_steps = 103
diff_coeff = 2.50
thermostat = john

list_type = cells
ensemble = nvt
delta_translation = 0.22
delta_rotation = 0.22

use_average_seq = 0
; seq_dep_file = ../../oxDNA1_sequence_dependent_parameters.txt
; seq_dep_file = ../oxDNA1_sequence_dependent_parameters.txt
seq_dep_file = oxDNA1_sequence_dependent_parameters.txt

T = 334 K
dt = 0.003
verlet_skin = 0.5

##############################
####    INPUT / OUTPUT    ####
##############################
topology = try_my_sample/generated_seqA-GA100000-0.80_final_20200904210434.top
conf_file = try_my_sample/generated_seqA-GA100000-0.80_final_20200904210434.dat
lastconf_file = last_conf_seq_dep_seqA-GA100000-0.80_final_20200904210434.dat
trajectory_file = trajectory_seq_dep_seqA-GA100000-0.80_final_20200904210434.dat
refresh_vel = 1
log_file = log_seq_dep_seqA-GA100000-0.80_final_20200904210434.dat
no_stdout_energy = 1
restart_step_counter = 1
energy_file = energy_seq_dep_seqA-GA100000-0.80_final_20200904210434.dat
print_conf_interval = 100000000
print_energy_every = 100000
time_scale = linear
external_forces = 0

data_output_1 = {
	print_every = 10000
	name = hb_energy_seq_dep_seqA-GA100000-0.80_final_20200904210434.dat
	col_1 = {
		type = step
	}
	col_2 = {
		type = hb_energy
	}
}
forces_seqA-GA100000-0.80_final_20200904210434.dat
generated_seqA-GA100000-0.80_final_20200904210434.dat
generated_seqA-GA100000-0.80_final_20200904210434.top
input_seqA-GA100000-0.80_final_20200904210434
input_seq_dep_seqA-GA100000-0.80_final_20200904210434
input_trap_seqA-GA100000-0.80_final_20200904210434
run.sh
run_A.sh
seqA-GA100000-0.80_final_20200904210434.dat
Starting VMMC simulation with the sequence-averaged version of the model
try_my_sample/input_seqA-GA100000-0.80_final_20200904210434
WARNING: Overwriting key `steps' (`10' to `200000')
Starting VMMC simulation with the sequence-dependent version of the model
try_my_sample/input_seq_dep_seqA-GA100000-0.80_final_20200904210434
##############################
####  PROGRAM PARAMETERS  ####
##############################
sim_type = VMMC
backend = CPU
#debug = 1
seed = 42

##############################
####    SIM PARAMETERS    ####
##############################
; steps = 10
steps = 200000
newtonian_steps = 103
diff_coeff = 2.50
thermostat = john

list_type = cells
ensemble = nvt
delta_translation = 0.22
delta_rotation = 0.22

use_average_seq = 0
; seq_dep_file = ../../oxDNA1_sequence_dependent_parameters.txt
; seq_dep_file = ../oxDNA1_sequence_dependent_parameters.txt
seq_dep_file = oxDNA1_sequence_dependent_parameters.txt

T = 334 K
dt = 0.003
verlet_skin = 0.5

##############################
####    INPUT / OUTPUT    ####
##############################
topology = try_my_sample/generated_seqA-GA100000-0.80_final_20200904210434.top
conf_file = try_my_sample/generated_seqA-GA100000-0.80_final_20200904210434.dat
lastconf_file = last_conf_seq_dep_seqA-GA100000-0.80_final_20200904210434.dat
trajectory_file = trajectory_seq_dep_seqA-GA100000-0.80_final_20200904210434.dat
refresh_vel = 1
log_file = log_seq_dep_seqA-GA100000-0.80_final_20200904210434.dat
no_stdout_energy = 1
restart_step_counter = 1
energy_file = energy_seq_dep_seqA-GA100000-0.80_final_20200904210434.dat
print_conf_interval = 100000000
print_energy_every = 100000
time_scale = linear
external_forces = 0

data_output_1 = {
	print_every = 10000
	name = hb_energy_seq_dep_seqA-GA100000-0.80_final_20200904210434.dat
	col_1 = {
		type = step
	}
	col_2 = {
		type = hb_energy
	}
}
WARNING: Overwriting key `steps' (`10' to `200000')
WARNING: Overwriting key `seq_dep_file' (`../../oxDNA1_sequence_dependent_parameters.txt' to `../oxDNA1_sequence_dependent_parameters.txt')
WARNING: Overwriting key `seq_dep_file' (`../oxDNA1_sequence_dependent_parameters.txt' to `oxDNA1_sequence_dependent_parameters.txt')
Starting VMMC simulation with the sequence-averaged version of the model and traps acting between nucleotides (see hairpin_forces.dat for details of the traps)
try_my_sample/input_trap_seqA-GA100000-0.80_final_20200904210434
WARNING: Overwriting key `steps' (`10' to `200000')
mkdir: cannot create directory 'results/': File exists
mv: cannot stat 'try_my_samples/*.dat': No such file or directory
mv: cannot stat 'seqA-GA100000-0.80_final_20200904210434.dat': No such file or directory
forces_seqA-GA100000-0.80_final_20200904210434.dat
run.sh
run_A.sh
seqA-GA100000-0.80_final_20200904210434.dat
