expr: syntax error: unexpected argument 'run_samples/'

seqC-random100000-0.80_final_20200904022430
try_my_sample/seqC-random100000-0.80_final_20200904022430.dat
## Found single strand of 20 bases
## Found single strand of 20 bases
## Found single strand of 20 bases
## Found single strand of 20 bases
## Found single strand of 20 bases
## Found single strand of 20 bases
## Found single strand of 20 bases
## Found single strand of 20 bases
## Found single strand of 20 bases
## Found single strand of 20 bases
## Found single strand of 20 bases
## Found single strand of 20 bases
## Found single strand of 20 bases
## Found single strand of 20 bases
## Found single strand of 20 bases
## Found single strand of 20 bases
## Found single strand of 20 bases
## Found single strand of 20 bases
## Found single strand of 20 bases
## Found single strand of 20 bases
## nstrands, nnucl =  20 400
## Adding single strand of 20 bases
##  done line 1 / 20, now at 20/400
## Adding single strand of 20 bases
##  done line 2 / 20, now at 40/400
## Adding single strand of 20 bases
##  done line 3 / 20, now at 60/400
## Adding single strand of 20 bases
##  done line 4 / 20, now at 80/400
## Adding single strand of 20 bases
##  done line 5 / 20, now at 100/400
## Adding single strand of 20 bases
##  done line 6 / 20, now at 120/400
## Adding single strand of 20 bases
##  done line 7 / 20, now at 140/400
## Adding single strand of 20 bases
##  done line 8 / 20, now at 160/400
## Adding single strand of 20 bases
##  done line 9 / 20, now at 180/400
## Adding single strand of 20 bases
##  done line 10 / 20, now at 200/400
## Adding single strand of 20 bases
##  done line 11 / 20, now at 220/400
## Adding single strand of 20 bases
##  done line 12 / 20, now at 240/400
## Adding single strand of 20 bases
##  done line 13 / 20, now at 260/400
## Adding single strand of 20 bases
##  done line 14 / 20, now at 280/400
## Adding single strand of 20 bases
##  done line 15 / 20, now at 300/400
## Adding single strand of 20 bases
##  done line 16 / 20, now at 320/400
## Adding single strand of 20 bases
##  done line 17 / 20, now at 340/400
## Adding single strand of 20 bases
##  done line 18 / 20, now at 360/400
## Adding single strand of 20 bases
##  done line 19 / 20, now at 380/400
## Adding single strand of 20 bases
##  done line 20 / 20, now at 400/400
## ALL DONE. just generated 'generated.dat' and 'generated.top'
try_my_sample/input_seqC-random100000-0.80_final_20200904022430 fixed
try_my_sample/input_seq_dep_seqC-random100000-0.80_final_20200904022430 fixed
sed: -e expression #1, char 116: unterminated `s' command
try_my_sample/input_trap_seqC-random100000-0.80_final_20200904022430 fixed
tmp2.sh
#!/usr/bin/bash
RUN_FILE="run_samples/make_samples_ked_2.sh"
echo `expr ls run_samples/`
chmod 755 $RUN_FILE
SEQ_FILE="seqC-random100000-0.80_final_20200904022430.dat"
./$RUN_FILE $SEQ_FILE
input_seq_dep
##############################
####  PROGRAM PARAMETERS  ####
##############################
sim_type = VMMC
backend = CPU
#debug = 1
seed = 42

##############################
####    SIM PARAMETERS    ####
##############################
; steps = 10
steps = 200000
newtonian_steps = 103
diff_coeff = 2.50
thermostat = john

list_type = cells
ensemble = nvt
delta_translation = 0.22
delta_rotation = 0.22

use_average_seq = 0
; seq_dep_file = ../../oxDNA1_sequence_dependent_parameters.txt
; seq_dep_file = ../oxDNA1_sequence_dependent_parameters.txt
seq_dep_file = oxDNA1_sequence_dependent_parameters.txt

T = 334 K
dt = 0.003
verlet_skin = 0.5

##############################
####    INPUT / OUTPUT    ####
##############################
topology = try_my_sample/generated_seqC-random100000-0.80_final_20200904022430.top
conf_file = try_my_sample/generated_seqC-random100000-0.80_final_20200904022430.dat
lastconf_file = last_conf_seq_dep_seqC-random100000-0.80_final_20200904022430.dat
trajectory_file = trajectory_seq_dep_seqC-random100000-0.80_final_20200904022430.dat
refresh_vel = 1
log_file = log_seq_dep_seqC-random100000-0.80_final_20200904022430.dat
no_stdout_energy = 1
restart_step_counter = 1
energy_file = energy_seq_dep_seqC-random100000-0.80_final_20200904022430.dat
print_conf_interval = 100000000
print_energy_every = 100000
time_scale = linear
external_forces = 0

data_output_1 = {
	print_every = 10000
	name = hb_energy_seq_dep_seqC-random100000-0.80_final_20200904022430.dat
	col_1 = {
		type = step
	}
	col_2 = {
		type = hb_energy
	}
}
input seq_dep
cat: try_my_sample/input_seq_dep_seqA-GA100000-0.80_final_20200904210434: No such file or directory
forces_seqC-random100000-0.80_final_20200904022430.dat
generated_seqC-random100000-0.80_final_20200904022430.dat
generated_seqC-random100000-0.80_final_20200904022430.top
input_seqC-random100000-0.80_final_20200904022430
input_seq_dep_seqC-random100000-0.80_final_20200904022430
input_trap_seqC-random100000-0.80_final_20200904022430
run.sh
run_A.sh
seqC-random100000-0.80_final_20200904022430.dat
Starting VMMC simulation with the sequence-averaged version of the model
try_my_sample/input_seqC-random100000-0.80_final_20200904022430
WARNING: Overwriting key `steps' (`10' to `200000')
Starting VMMC simulation with the sequence-dependent version of the model
try_my_sample/input_seq_dep_seqC-random100000-0.80_final_20200904022430
##############################
####  PROGRAM PARAMETERS  ####
##############################
sim_type = VMMC
backend = CPU
#debug = 1
seed = 42

##############################
####    SIM PARAMETERS    ####
##############################
; steps = 10
steps = 200000
newtonian_steps = 103
diff_coeff = 2.50
thermostat = john

list_type = cells
ensemble = nvt
delta_translation = 0.22
delta_rotation = 0.22

use_average_seq = 0
; seq_dep_file = ../../oxDNA1_sequence_dependent_parameters.txt
; seq_dep_file = ../oxDNA1_sequence_dependent_parameters.txt
seq_dep_file = oxDNA1_sequence_dependent_parameters.txt

T = 334 K
dt = 0.003
verlet_skin = 0.5

##############################
####    INPUT / OUTPUT    ####
##############################
topology = try_my_sample/generated_seqC-random100000-0.80_final_20200904022430.top
conf_file = try_my_sample/generated_seqC-random100000-0.80_final_20200904022430.dat
lastconf_file = last_conf_seq_dep_seqC-random100000-0.80_final_20200904022430.dat
trajectory_file = trajectory_seq_dep_seqC-random100000-0.80_final_20200904022430.dat
refresh_vel = 1
log_file = log_seq_dep_seqC-random100000-0.80_final_20200904022430.dat
no_stdout_energy = 1
restart_step_counter = 1
energy_file = energy_seq_dep_seqC-random100000-0.80_final_20200904022430.dat
print_conf_interval = 100000000
print_energy_every = 100000
time_scale = linear
external_forces = 0

data_output_1 = {
	print_every = 10000
	name = hb_energy_seq_dep_seqC-random100000-0.80_final_20200904022430.dat
	col_1 = {
		type = step
	}
	col_2 = {
		type = hb_energy
	}
}
WARNING: Overwriting key `steps' (`10' to `200000')
WARNING: Overwriting key `seq_dep_file' (`../../oxDNA1_sequence_dependent_parameters.txt' to `../oxDNA1_sequence_dependent_parameters.txt')
WARNING: Overwriting key `seq_dep_file' (`../oxDNA1_sequence_dependent_parameters.txt' to `oxDNA1_sequence_dependent_parameters.txt')
Starting VMMC simulation with the sequence-averaged version of the model and traps acting between nucleotides (see hairpin_forces.dat for details of the traps)
try_my_sample/input_trap_seqC-random100000-0.80_final_20200904022430
WARNING: Overwriting key `steps' (`10' to `200000')
mkdir: cannot create directory 'results/': File exists
mv: cannot stat 'try_my_samples/*.dat': No such file or directory
mv: cannot stat 'seqC-random100000-0.80_final_20200904022430.dat': No such file or directory
forces_seqC-random100000-0.80_final_20200904022430.dat
run.sh
run_A.sh
seqC-random100000-0.80_final_20200904022430.dat
