expr: syntax error: unexpected argument 'run_samples/'

seqL-random100000-0.85_final_20200923082005
try_my_sample/seqL-random100000-0.85_final_20200923082005.dat
## Found single strand of 49 bases
## Found single strand of 49 bases
## Found single strand of 49 bases
## Found single strand of 49 bases
## Found single strand of 49 bases
## Found single strand of 49 bases
## Found single strand of 49 bases
## Found single strand of 49 bases
## Found single strand of 49 bases
## Found single strand of 49 bases
## Found single strand of 49 bases
## Found single strand of 49 bases
## Found single strand of 49 bases
## Found single strand of 49 bases
## Found single strand of 49 bases
## Found single strand of 49 bases
## Found single strand of 49 bases
## Found single strand of 49 bases
## Found single strand of 49 bases
## Found single strand of 49 bases
## Found single strand of 51 bases
## Found single strand of 51 bases
## Found single strand of 51 bases
## Found single strand of 51 bases
## Found single strand of 51 bases
## Found single strand of 51 bases
## Found single strand of 51 bases
## Found single strand of 51 bases
## Found single strand of 51 bases
## Found single strand of 51 bases
## Found single strand of 51 bases
## Found single strand of 51 bases
## Found single strand of 51 bases
## Found single strand of 51 bases
## Found single strand of 51 bases
## Found single strand of 51 bases
## Found single strand of 51 bases
## Found single strand of 51 bases
## Found single strand of 51 bases
## Found single strand of 51 bases
## Found single strand of 45 bases
## Found single strand of 45 bases
## Found single strand of 45 bases
## Found single strand of 45 bases
## Found single strand of 45 bases
## Found single strand of 45 bases
## Found single strand of 45 bases
## Found single strand of 45 bases
## Found single strand of 45 bases
## Found single strand of 45 bases
## nstrands, nnucl =  50 2450
## Adding single strand of 49 bases
##  done line 1 / 50, now at 49/2450
## Adding single strand of 49 bases
##  done line 2 / 50, now at 98/2450
## Adding single strand of 49 bases
##  done line 3 / 50, now at 147/2450
## Adding single strand of 49 bases
##  done line 4 / 50, now at 196/2450
## Adding single strand of 49 bases
##  done line 5 / 50, now at 245/2450
## Adding single strand of 49 bases
##  done line 6 / 50, now at 294/2450
## Adding single strand of 49 bases
##  done line 7 / 50, now at 343/2450
## Adding single strand of 49 bases
##  done line 8 / 50, now at 392/2450
## Adding single strand of 49 bases
##  done line 9 / 50, now at 441/2450
## Adding single strand of 49 bases
##  done line 10 / 50, now at 490/2450
## Adding single strand of 49 bases
##  done line 11 / 50, now at 539/2450
## Adding single strand of 49 bases
##  done line 12 / 50, now at 588/2450
## Adding single strand of 49 bases
##  done line 13 / 50, now at 637/2450
## Adding single strand of 49 bases
##  done line 14 / 50, now at 686/2450
## Adding single strand of 49 bases
##  done line 15 / 50, now at 735/2450
## Adding single strand of 49 bases
##  done line 16 / 50, now at 784/2450
## Adding single strand of 49 bases
##  done line 17 / 50, now at 833/2450
## Adding single strand of 49 bases
##  done line 18 / 50, now at 882/2450
## Adding single strand of 49 bases
##  done line 19 / 50, now at 931/2450
## Adding single strand of 49 bases
##  done line 20 / 50, now at 980/2450
## Adding single strand of 51 bases
##  done line 21 / 50, now at 1031/2450
## Adding single strand of 51 bases
##  done line 22 / 50, now at 1082/2450
## Adding single strand of 51 bases
##  done line 23 / 50, now at 1133/2450
## Adding single strand of 51 bases
##  done line 24 / 50, now at 1184/2450
## Adding single strand of 51 bases
##  done line 25 / 50, now at 1235/2450
## Adding single strand of 51 bases
##  done line 26 / 50, now at 1286/2450
## Adding single strand of 51 bases
##  trying  27
##  done line 27 / 50, now at 1337/2450
## Adding single strand of 51 bases
##  done line 28 / 50, now at 1388/2450
## Adding single strand of 51 bases
##  done line 29 / 50, now at 1439/2450
## Adding single strand of 51 bases
##  trying  30
##  done line 30 / 50, now at 1490/2450
## Adding single strand of 51 bases
##  done line 31 / 50, now at 1541/2450
## Adding single strand of 51 bases
##  done line 32 / 50, now at 1592/2450
## Adding single strand of 51 bases
##  done line 33 / 50, now at 1643/2450
## Adding single strand of 51 bases
##  trying  34
##  done line 34 / 50, now at 1694/2450
## Adding single strand of 51 bases
##  done line 35 / 50, now at 1745/2450
## Adding single strand of 51 bases
##  done line 36 / 50, now at 1796/2450
## Adding single strand of 51 bases
##  done line 37 / 50, now at 1847/2450
## Adding single strand of 51 bases
##  done line 38 / 50, now at 1898/2450
## Adding single strand of 51 bases
##  trying  39
##  trying  39
##  done line 39 / 50, now at 1949/2450
## Adding single strand of 51 bases
##  done line 40 / 50, now at 2000/2450
## Adding single strand of 45 bases
##  done line 41 / 50, now at 2045/2450
## Adding single strand of 45 bases
##  done line 42 / 50, now at 2090/2450
## Adding single strand of 45 bases
##  done line 43 / 50, now at 2135/2450
## Adding single strand of 45 bases
##  done line 44 / 50, now at 2180/2450
## Adding single strand of 45 bases
##  done line 45 / 50, now at 2225/2450
## Adding single strand of 45 bases
##  done line 46 / 50, now at 2270/2450
## Adding single strand of 45 bases
##  done line 47 / 50, now at 2315/2450
## Adding single strand of 45 bases
##  done line 48 / 50, now at 2360/2450
## Adding single strand of 45 bases
##  done line 49 / 50, now at 2405/2450
## Adding single strand of 45 bases
##  done line 50 / 50, now at 2450/2450
## ALL DONE. just generated 'generated.dat' and 'generated.top'
try_my_sample/input_seqL-random100000-0.85_final_20200923082005 fixed
try_my_sample/input_seq_dep_seqL-random100000-0.85_final_20200923082005 fixed
sed: -e expression #1, char 116: unterminated `s' command
try_my_sample/input_trap_seqL-random100000-0.85_final_20200923082005 fixed
tmp2.sh
#!/usr/bin/bash
RUN_FILE="run_samples/make_samples_ked_2.sh"
echo `expr ls run_samples/`
chmod 755 $RUN_FILE
SEQ_FILE="seqL-random100000-0.85_final_20200923082005.dat"
./$RUN_FILE $SEQ_FILE
input_seq_dep
##############################
####  PROGRAM PARAMETERS  ####
##############################
sim_type = VMMC
backend = CPU
#debug = 1
seed = 42

##############################
####    SIM PARAMETERS    ####
##############################
; steps = 10
steps = 200000
newtonian_steps = 103
diff_coeff = 2.50
thermostat = john

list_type = cells
ensemble = nvt
delta_translation = 0.22
delta_rotation = 0.22

use_average_seq = 0
; seq_dep_file = ../../oxDNA1_sequence_dependent_parameters.txt
; seq_dep_file = ../oxDNA1_sequence_dependent_parameters.txt
seq_dep_file = oxDNA1_sequence_dependent_parameters.txt

T = 334 K
dt = 0.003
verlet_skin = 0.5

##############################
####    INPUT / OUTPUT    ####
##############################
topology = try_my_sample/generated_seqL-random100000-0.85_final_20200923082005.top
conf_file = try_my_sample/generated_seqL-random100000-0.85_final_20200923082005.dat
lastconf_file = last_conf_seq_dep_seqL-random100000-0.85_final_20200923082005.dat
trajectory_file = trajectory_seq_dep_seqL-random100000-0.85_final_20200923082005.dat
refresh_vel = 1
log_file = log_seq_dep_seqL-random100000-0.85_final_20200923082005.dat
no_stdout_energy = 1
restart_step_counter = 1
energy_file = energy_seq_dep_seqL-random100000-0.85_final_20200923082005.dat
print_conf_interval = 100000000
print_energy_every = 100000
time_scale = linear
external_forces = 0

data_output_1 = {
	print_every = 10000
	name = hb_energy_seq_dep_seqL-random100000-0.85_final_20200923082005.dat
	col_1 = {
		type = step
	}
	col_2 = {
		type = hb_energy
	}
}
input seq_dep
cat: try_my_sample/input_seq_dep_seqA-GA100000-0.80_final_20200904210434: No such file or directory
forces_seqL-random100000-0.85_final_20200923082005.dat
generated_seqL-random100000-0.85_final_20200923082005.dat
generated_seqL-random100000-0.85_final_20200923082005.top
input_seqL-random100000-0.85_final_20200923082005
input_seq_dep_seqL-random100000-0.85_final_20200923082005
input_trap_seqL-random100000-0.85_final_20200923082005
run.sh
run_A.sh
seqL-random100000-0.85_final_20200923082005.dat
Starting VMMC simulation with the sequence-averaged version of the model
try_my_sample/input_seqL-random100000-0.85_final_20200923082005
WARNING: Overwriting key `steps' (`10' to `200000')
Starting VMMC simulation with the sequence-dependent version of the model
try_my_sample/input_seq_dep_seqL-random100000-0.85_final_20200923082005
##############################
####  PROGRAM PARAMETERS  ####
##############################
sim_type = VMMC
backend = CPU
#debug = 1
seed = 42

##############################
####    SIM PARAMETERS    ####
##############################
; steps = 10
steps = 200000
newtonian_steps = 103
diff_coeff = 2.50
thermostat = john

list_type = cells
ensemble = nvt
delta_translation = 0.22
delta_rotation = 0.22

use_average_seq = 0
; seq_dep_file = ../../oxDNA1_sequence_dependent_parameters.txt
; seq_dep_file = ../oxDNA1_sequence_dependent_parameters.txt
seq_dep_file = oxDNA1_sequence_dependent_parameters.txt

T = 334 K
dt = 0.003
verlet_skin = 0.5

##############################
####    INPUT / OUTPUT    ####
##############################
topology = try_my_sample/generated_seqL-random100000-0.85_final_20200923082005.top
conf_file = try_my_sample/generated_seqL-random100000-0.85_final_20200923082005.dat
lastconf_file = last_conf_seq_dep_seqL-random100000-0.85_final_20200923082005.dat
trajectory_file = trajectory_seq_dep_seqL-random100000-0.85_final_20200923082005.dat
refresh_vel = 1
log_file = log_seq_dep_seqL-random100000-0.85_final_20200923082005.dat
no_stdout_energy = 1
restart_step_counter = 1
energy_file = energy_seq_dep_seqL-random100000-0.85_final_20200923082005.dat
print_conf_interval = 100000000
print_energy_every = 100000
time_scale = linear
external_forces = 0

data_output_1 = {
	print_every = 10000
	name = hb_energy_seq_dep_seqL-random100000-0.85_final_20200923082005.dat
	col_1 = {
		type = step
	}
	col_2 = {
		type = hb_energy
	}
}
WARNING: Overwriting key `steps' (`10' to `200000')
WARNING: Overwriting key `seq_dep_file' (`../../oxDNA1_sequence_dependent_parameters.txt' to `../oxDNA1_sequence_dependent_parameters.txt')
WARNING: Overwriting key `seq_dep_file' (`../oxDNA1_sequence_dependent_parameters.txt' to `oxDNA1_sequence_dependent_parameters.txt')
Starting VMMC simulation with the sequence-averaged version of the model and traps acting between nucleotides (see hairpin_forces.dat for details of the traps)
try_my_sample/input_trap_seqL-random100000-0.85_final_20200923082005
WARNING: Overwriting key `steps' (`10' to `200000')
mkdir: cannot create directory 'results/': File exists
mv: cannot stat 'try_my_samples/*.dat': No such file or directory
mv: cannot stat 'seqL-random100000-0.85_final_20200923082005.dat': No such file or directory
forces_seqL-random100000-0.85_final_20200923082005.dat
run.sh
run_A.sh
seqL-random100000-0.85_final_20200923082005.dat
expr: syntax error: unexpected argument 'run_samples/'

seqL-random100000-0.85_final_20200923082005
try_my_sample/seqL-random100000-0.85_final_20200923082005.dat
## Found single strand of 49 bases
## Found single strand of 49 bases
## Found single strand of 49 bases
## Found single strand of 49 bases
## Found single strand of 49 bases
## Found single strand of 49 bases
## Found single strand of 49 bases
## Found single strand of 49 bases
## Found single strand of 49 bases
## Found single strand of 49 bases
## Found single strand of 49 bases
## Found single strand of 49 bases
## Found single strand of 49 bases
## Found single strand of 49 bases
## Found single strand of 49 bases
## Found single strand of 49 bases
## Found single strand of 49 bases
## Found single strand of 49 bases
## Found single strand of 49 bases
## Found single strand of 49 bases
## Found single strand of 51 bases
## Found single strand of 51 bases
## Found single strand of 51 bases
## Found single strand of 51 bases
## Found single strand of 51 bases
## Found single strand of 51 bases
## Found single strand of 51 bases
## Found single strand of 51 bases
## Found single strand of 51 bases
## Found single strand of 51 bases
## Found single strand of 51 bases
## Found single strand of 51 bases
## Found single strand of 51 bases
## Found single strand of 51 bases
## Found single strand of 51 bases
## Found single strand of 51 bases
## Found single strand of 51 bases
## Found single strand of 51 bases
## Found single strand of 51 bases
## Found single strand of 51 bases
## Found single strand of 45 bases
## Found single strand of 45 bases
## Found single strand of 45 bases
## Found single strand of 45 bases
## Found single strand of 45 bases
## Found single strand of 45 bases
## Found single strand of 45 bases
## Found single strand of 45 bases
## Found single strand of 45 bases
## Found single strand of 45 bases
## nstrands, nnucl =  50 2450
## Adding single strand of 49 bases
##  done line 1 / 50, now at 49/2450
## Adding single strand of 49 bases
##  done line 2 / 50, now at 98/2450
## Adding single strand of 49 bases
##  done line 3 / 50, now at 147/2450
## Adding single strand of 49 bases
##  done line 4 / 50, now at 196/2450
## Adding single strand of 49 bases
##  done line 5 / 50, now at 245/2450
## Adding single strand of 49 bases
##  done line 6 / 50, now at 294/2450
## Adding single strand of 49 bases
##  done line 7 / 50, now at 343/2450
## Adding single strand of 49 bases
##  done line 8 / 50, now at 392/2450
## Adding single strand of 49 bases
##  done line 9 / 50, now at 441/2450
## Adding single strand of 49 bases
##  done line 10 / 50, now at 490/2450
## Adding single strand of 49 bases
##  done line 11 / 50, now at 539/2450
## Adding single strand of 49 bases
##  done line 12 / 50, now at 588/2450
## Adding single strand of 49 bases
##  trying  13
##  done line 13 / 50, now at 637/2450
## Adding single strand of 49 bases
##  done line 14 / 50, now at 686/2450
## Adding single strand of 49 bases
##  done line 15 / 50, now at 735/2450
## Adding single strand of 49 bases
##  done line 16 / 50, now at 784/2450
## Adding single strand of 49 bases
##  done line 17 / 50, now at 833/2450
## Adding single strand of 49 bases
##  done line 18 / 50, now at 882/2450
## Adding single strand of 49 bases
##  done line 19 / 50, now at 931/2450
## Adding single strand of 49 bases
##  done line 20 / 50, now at 980/2450
## Adding single strand of 51 bases
##  done line 21 / 50, now at 1031/2450
## Adding single strand of 51 bases
##  done line 22 / 50, now at 1082/2450
## Adding single strand of 51 bases
##  done line 23 / 50, now at 1133/2450
## Adding single strand of 51 bases
##  done line 24 / 50, now at 1184/2450
## Adding single strand of 51 bases
##  done line 25 / 50, now at 1235/2450
## Adding single strand of 51 bases
##  done line 26 / 50, now at 1286/2450
## Adding single strand of 51 bases
##  done line 27 / 50, now at 1337/2450
## Adding single strand of 51 bases
##  trying  28
##  done line 28 / 50, now at 1388/2450
## Adding single strand of 51 bases
##  done line 29 / 50, now at 1439/2450
## Adding single strand of 51 bases
##  done line 30 / 50, now at 1490/2450
## Adding single strand of 51 bases
##  done line 31 / 50, now at 1541/2450
## Adding single strand of 51 bases
##  done line 32 / 50, now at 1592/2450
## Adding single strand of 51 bases
##  done line 33 / 50, now at 1643/2450
## Adding single strand of 51 bases
##  trying  34
##  done line 34 / 50, now at 1694/2450
## Adding single strand of 51 bases
##  done line 35 / 50, now at 1745/2450
## Adding single strand of 51 bases
##  done line 36 / 50, now at 1796/2450
## Adding single strand of 51 bases
##  done line 37 / 50, now at 1847/2450
## Adding single strand of 51 bases
##  done line 38 / 50, now at 1898/2450
## Adding single strand of 51 bases
##  done line 39 / 50, now at 1949/2450
## Adding single strand of 51 bases
##  trying  40
##  done line 40 / 50, now at 2000/2450
## Adding single strand of 45 bases
##  done line 41 / 50, now at 2045/2450
## Adding single strand of 45 bases
##  done line 42 / 50, now at 2090/2450
## Adding single strand of 45 bases
##  done line 43 / 50, now at 2135/2450
## Adding single strand of 45 bases
##  done line 44 / 50, now at 2180/2450
## Adding single strand of 45 bases
##  done line 45 / 50, now at 2225/2450
## Adding single strand of 45 bases
##  done line 46 / 50, now at 2270/2450
## Adding single strand of 45 bases
##  done line 47 / 50, now at 2315/2450
## Adding single strand of 45 bases
##  done line 48 / 50, now at 2360/2450
## Adding single strand of 45 bases
##  done line 49 / 50, now at 2405/2450
## Adding single strand of 45 bases
##  done line 50 / 50, now at 2450/2450
## ALL DONE. just generated 'generated.dat' and 'generated.top'
try_my_sample/input_seqL-random100000-0.85_final_20200923082005 fixed
try_my_sample/input_seq_dep_seqL-random100000-0.85_final_20200923082005 fixed
sed: -e expression #1, char 116: unterminated `s' command
try_my_sample/input_trap_seqL-random100000-0.85_final_20200923082005 fixed
tmp2.sh
#!/usr/bin/bash
RUN_FILE="run_samples/make_samples_ked_2.sh"
echo `expr ls run_samples/`
chmod 755 $RUN_FILE
SEQ_FILE="seqL-random100000-0.85_final_20200923082005.dat"
./$RUN_FILE $SEQ_FILE
input_seq_dep
##############################
####  PROGRAM PARAMETERS  ####
##############################
sim_type = VMMC
backend = CPU
#debug = 1
seed = 42

##############################
####    SIM PARAMETERS    ####
##############################
; steps = 10
steps = 200000
newtonian_steps = 103
diff_coeff = 2.50
thermostat = john

list_type = cells
ensemble = nvt
delta_translation = 0.22
delta_rotation = 0.22

use_average_seq = 0
; seq_dep_file = ../../oxDNA1_sequence_dependent_parameters.txt
; seq_dep_file = ../oxDNA1_sequence_dependent_parameters.txt
seq_dep_file = oxDNA1_sequence_dependent_parameters.txt

T = 334 K
dt = 0.003
verlet_skin = 0.5

##############################
####    INPUT / OUTPUT    ####
##############################
topology = try_my_sample/generated_seqL-random100000-0.85_final_20200923082005.top
conf_file = try_my_sample/generated_seqL-random100000-0.85_final_20200923082005.dat
lastconf_file = last_conf_seq_dep_seqL-random100000-0.85_final_20200923082005.dat
trajectory_file = trajectory_seq_dep_seqL-random100000-0.85_final_20200923082005.dat
refresh_vel = 1
log_file = log_seq_dep_seqL-random100000-0.85_final_20200923082005.dat
no_stdout_energy = 1
restart_step_counter = 1
energy_file = energy_seq_dep_seqL-random100000-0.85_final_20200923082005.dat
;print_conf_interval = 100000000
print_conf_interval = 100000
print_energy_every = 100000
time_scale = linear
external_forces = 0

data_output_1 = {
	print_every = 10000
	name = hb_energy_seq_dep_seqL-random100000-0.85_final_20200923082005.dat
	col_1 = {
		type = step
	}
	col_2 = {
		type = hb_energy
	}
}
input seq_dep
cat: try_my_sample/input_seq_dep_seqA-GA100000-0.80_final_20200904210434: No such file or directory
forces_seqL-random100000-0.85_final_20200923082005.dat
generated_seqL-random100000-0.85_final_20200923082005.dat
generated_seqL-random100000-0.85_final_20200923082005.top
input_seqL-random100000-0.85_final_20200923082005
input_seq_dep_seqL-random100000-0.85_final_20200923082005
input_trap_seqL-random100000-0.85_final_20200923082005
run.sh
run_A.sh
seqL-random100000-0.85_final_20200923082005.dat
Starting VMMC simulation with the sequence-averaged version of the model
try_my_sample/input_seqL-random100000-0.85_final_20200923082005
WARNING: Overwriting key `steps' (`10' to `200000')
WARNING: Overwriting key `print_conf_interval' (`100000000' to `100000')
Starting VMMC simulation with the sequence-dependent version of the model
try_my_sample/input_seq_dep_seqL-random100000-0.85_final_20200923082005
##############################
####  PROGRAM PARAMETERS  ####
##############################
sim_type = VMMC
backend = CPU
#debug = 1
seed = 42

##############################
####    SIM PARAMETERS    ####
##############################
; steps = 10
steps = 200000
newtonian_steps = 103
diff_coeff = 2.50
thermostat = john

list_type = cells
ensemble = nvt
delta_translation = 0.22
delta_rotation = 0.22

use_average_seq = 0
; seq_dep_file = ../../oxDNA1_sequence_dependent_parameters.txt
; seq_dep_file = ../oxDNA1_sequence_dependent_parameters.txt
seq_dep_file = oxDNA1_sequence_dependent_parameters.txt

T = 334 K
dt = 0.003
verlet_skin = 0.5

##############################
####    INPUT / OUTPUT    ####
##############################
topology = try_my_sample/generated_seqL-random100000-0.85_final_20200923082005.top
conf_file = try_my_sample/generated_seqL-random100000-0.85_final_20200923082005.dat
lastconf_file = last_conf_seq_dep_seqL-random100000-0.85_final_20200923082005.dat
trajectory_file = trajectory_seq_dep_seqL-random100000-0.85_final_20200923082005.dat
refresh_vel = 1
log_file = log_seq_dep_seqL-random100000-0.85_final_20200923082005.dat
no_stdout_energy = 1
restart_step_counter = 1
energy_file = energy_seq_dep_seqL-random100000-0.85_final_20200923082005.dat
;print_conf_interval = 100000000
print_conf_interval = 100000
print_energy_every = 100000
time_scale = linear
external_forces = 0

data_output_1 = {
	print_every = 10000
	name = hb_energy_seq_dep_seqL-random100000-0.85_final_20200923082005.dat
	col_1 = {
		type = step
	}
	col_2 = {
		type = hb_energy
	}
}
WARNING: Overwriting key `steps' (`10' to `200000')
WARNING: Overwriting key `seq_dep_file' (`../../oxDNA1_sequence_dependent_parameters.txt' to `../oxDNA1_sequence_dependent_parameters.txt')
WARNING: Overwriting key `seq_dep_file' (`../oxDNA1_sequence_dependent_parameters.txt' to `oxDNA1_sequence_dependent_parameters.txt')
WARNING: Overwriting key `print_conf_interval' (`100000000' to `100000')
Starting VMMC simulation with the sequence-averaged version of the model and traps acting between nucleotides (see hairpin_forces.dat for details of the traps)
try_my_sample/input_trap_seqL-random100000-0.85_final_20200923082005
WARNING: Overwriting key `steps' (`10' to `200000')
WARNING: Overwriting key `print_conf_interval' (`100000000' to `100000')
mkdir: cannot create directory 'results/': File exists
mv: cannot stat 'try_my_samples/*.dat': No such file or directory
mv: cannot stat 'seqL-random100000-0.85_final_20200923082005.dat': No such file or directory
forces_seqL-random100000-0.85_final_20200923082005.dat
run.sh
run_A.sh
seqL-random100000-0.85_final_20200923082005.dat
