TensorFlow version: 2.10.0
alg_name                                     iteration cont_size evals     nb_updated     avg       std       min       max       ft_min              ft_max              qd_score  elapsed
RandomSearchMutPolyBounded-281473221030288   0         1/256     100       1              [0.575]   [0.]      [0.575]   [0.575]   [0.1673,3.0000]     [0.1673,3.0000]     0.57      2.81   
RandomSearchMutPolyBounded-281473221030288   1         4/256     100       12             [0.643]   [0.0246]  [0.6038]  [0.6715]  [0.1612,3.0000]     [0.1673,6.0000]     2.57      2.76   
RandomSearchMutPolyBounded-281473221030288   2         4/256     100       4              [0.6716]  [0.0267]  [0.6476]  [0.7124]  [0.1612,3.0000]     [0.1673,6.0000]     2.69      2.74   
RandomSearchMutPolyBounded-281473221030288   3         4/256     100       8              [0.7118]  [0.0195]  [0.6928]  [0.739]   [0.1612,3.0000]     [0.1673,6.0000]     2.85      2.93   
RandomSearchMutPolyBounded-281473221030288   4         4/256     100       4              [0.7284]  [0.0208]  [0.6939]  [0.7492]  [0.1612,3.0000]     [0.1673,6.0000]     2.91      2.75   
RandomSearchMutPolyBounded-281473221030288   5         4/256     100       5              [0.7407]  [0.0291]  [0.6971]  [0.7741]  [0.1612,3.0000]     [0.1673,6.0000]     2.96      2.88   
RandomSearchMutPolyBounded-281473221030288   6         4/256     100       2              [0.747]   [0.0352]  [0.6971]  [0.79]    [0.1612,3.0000]     [0.1612,6.0000]     2.99      2.85   
RandomSearchMutPolyBounded-281473221030288   7         4/256     100       2              [0.7502]  [0.0344]  [0.6971]  [0.79]    [0.1612,3.0000]     [0.1612,6.0000]     3.00      2.82   
RandomSearchMutPolyBounded-281473221030288   8         4/256     100       1              [0.7534]  [0.0364]  [0.6971]  [0.79]    [0.1612,3.0000]     [0.1612,6.0000]     3.01      2.75   
RandomSearchMutPolyBounded-281473221030288   9         4/256     100       1              [0.7579]  [0.0297]  [0.7152]  [0.79]    [0.1612,3.0000]     [0.1673,6.0000]     3.03      2.87   
RandomSearchMutPolyBounded-281473221030288   10        4/256     100       1              [0.7588]  [0.0307]  [0.7152]  [0.7937]  [0.1612,3.0000]     [0.1673,6.0000]     3.04      3.26   
RandomSearchMutPolyBounded-281473221030288   11        4/256     100       2              [0.7614]  [0.0299]  [0.7152]  [0.7937]  [0.1612,3.0000]     [0.1673,6.0000]     3.05      2.73   
RandomSearchMutPolyBounded-281473221030288   12        5/256     100       3              [0.7673]  [0.0258]  [0.7235]  [0.7992]  [0.1612,3.0000]     [0.1885,6.0000]     3.84      2.74   
RandomSearchMutPolyBounded-281473221030288   13        5/256     100       0              [0.7673]  [0.0258]  [0.7235]  [0.7992]  [0.1612,3.0000]     [0.1885,6.0000]     3.84      2.72   
RandomSearchMutPolyBounded-281473221030288   14        7/256     100       2              [0.7529]  [0.0354]  [0.6866]  [0.7992]  [0.1612,3.0000]     [0.1934,6.0000]     5.27      2.83   
RandomSearchMutPolyBounded-281473221030288   15        8/256     100       2              [0.7526]  [0.0336]  [0.6866]  [0.7992]  [0.1612,3.0000]     [0.1968,6.0000]     6.02      2.70   
RandomSearchMutPolyBounded-281473221030288   16        8/256     100       0              [0.7526]  [0.0336]  [0.6866]  [0.7992]  [0.1612,3.0000]     [0.1968,6.0000]     6.02      2.89   
RandomSearchMutPolyBounded-281473221030288   17        8/256     100       2              [0.7553]  [0.0365]  [0.6866]  [0.8022]  [0.1612,3.0000]     [0.1934,6.0000]     6.04      3.40   
RandomSearchMutPolyBounded-281473221030288   18        8/256     100       2              [0.7591]  [0.037]   [0.6866]  [0.8022]  [0.1612,3.0000]     [0.1934,6.0000]     6.07      2.77   
RandomSearchMutPolyBounded-281473221030288   19        8/256     100       1              [0.7591]  [0.037]   [0.6866]  [0.8022]  [0.1612,3.0000]     [0.1934,6.0000]     6.07      2.78   
RandomSearchMutPolyBounded-281473221030288   20        8/256     100       3              [0.7618]  [0.0329]  [0.7052]  [0.8022]  [0.1612,3.0000]     [0.1944,6.0000]     6.09      2.75   
RandomSearchMutPolyBounded-281473221030288   21        8/256     100       3              [0.7627]  [0.0329]  [0.7052]  [0.8025]  [0.1612,3.0000]     [0.1944,6.0000]     6.10      2.73   
RandomSearchMutPolyBounded-281473221030288   22        8/256     100       1              [0.7636]  [0.0313]  [0.7126]  [0.8025]  [0.1612,3.0000]     [0.1944,6.0000]     6.11      2.80   
RandomSearchMutPolyBounded-281473221030288   23        8/256     100       1              [0.7643]  [0.0322]  [0.7126]  [0.8056]  [0.1612,3.0000]     [0.1944,6.0000]     6.11      2.76   
RandomSearchMutPolyBounded-281473221030288   24        8/256     100       0              [0.7643]  [0.0322]  [0.7126]  [0.8056]  [0.1612,3.0000]     [0.1944,6.0000]     6.11      3.52   
RandomSearchMutPolyBounded-281473221030288   25        8/256     100       1              [0.7644]  [0.0322]  [0.7126]  [0.8056]  [0.1612,3.0000]     [0.1944,6.0000]     6.12      2.78   
RandomSearchMutPolyBounded-281473221030288   26        8/256     100       1              [0.7645]  [0.0322]  [0.7126]  [0.8056]  [0.1612,3.0000]     [0.1944,6.0000]     6.12      2.86   
RandomSearchMutPolyBounded-281473221030288   27        8/256     100       1              [0.765]   [0.0321]  [0.7126]  [0.8056]  [0.1612,3.0000]     [0.1944,6.0000]     6.12      2.92   
RandomSearchMutPolyBounded-281473221030288   28        8/256     100       0              [0.765]   [0.0321]  [0.7126]  [0.8056]  [0.1612,3.0000]     [0.1944,6.0000]     6.12      2.86   
RandomSearchMutPolyBounded-281473221030288   29        8/256     100       0              [0.765]   [0.0321]  [0.7126]  [0.8056]  [0.1612,3.0000]     [0.1944,6.0000]     6.12      2.77   
RandomSearchMutPolyBounded-281473221030288   30        8/256     100       1              [0.7652]  [0.0323]  [0.7126]  [0.8056]  [0.1612,3.0000]     [0.1944,6.0000]     6.12      2.79   
RandomSearchMutPolyBounded-281473221030288   31        8/256     100       1              [0.7655]  [0.0322]  [0.7126]  [0.8056]  [0.1612,3.0000]     [0.1944,6.0000]     6.12      3.51   
RandomSearchMutPolyBounded-281473221030288   32        8/256     100       1              [0.7661]  [0.0315]  [0.7126]  [0.8056]  [0.1612,3.0000]     [0.1944,6.0000]     6.13      2.82   
RandomSearchMutPolyBounded-281473221030288   33        8/256     100       1              [0.7664]  [0.0312]  [0.7126]  [0.8056]  [0.1612,3.0000]     [0.1944,6.0000]     6.13      5.34   
RandomSearchMutPolyBounded-281473221030288   34        8/256     100       0              [0.7664]  [0.0312]  [0.7126]  [0.8056]  [0.1612,3.0000]     [0.1944,6.0000]     6.13      2.84   
RandomSearchMutPolyBounded-281473221030288   35        8/256     100       2              [0.7672]  [0.0317]  [0.7126]  [0.8056]  [0.1612,3.0000]     [0.1944,6.0000]     6.14      2.92   
RandomSearchMutPolyBounded-281473221030288   36        8/256     100       1              [0.7675]  [0.0321]  [0.7126]  [0.8084]  [0.1673,3.0000]     [0.1944,6.0000]     6.14      2.93   
RandomSearchMutPolyBounded-281473221030288   37        8/256     100       2              [0.7681]  [0.0324]  [0.7126]  [0.8101]  [0.1673,3.0000]     [0.1944,6.0000]     6.15      2.88   
RandomSearchMutPolyBounded-281473221030288   38        8/256     100       0              [0.7681]  [0.0324]  [0.7126]  [0.8101]  [0.1673,3.0000]     [0.1944,6.0000]     6.15      3.54   
RandomSearchMutPolyBounded-281473221030288   39        8/256     100       0              [0.7681]  [0.0324]  [0.7126]  [0.8101]  [0.1673,3.0000]     [0.1944,6.0000]     6.15      2.79   
RandomSearchMutPolyBounded-281473221030288   40        8/256     100       0              [0.7681]  [0.0324]  [0.7126]  [0.8101]  [0.1673,3.0000]     [0.1944,6.0000]     6.15      2.93   
RandomSearchMutPolyBounded-281473221030288   41        8/256     100       0              [0.7681]  [0.0324]  [0.7126]  [0.8101]  [0.1673,3.0000]     [0.1944,6.0000]     6.15      2.77   
RandomSearchMutPolyBounded-281473221030288   42        8/256     100       0              [0.7681]  [0.0324]  [0.7126]  [0.8101]  [0.1673,3.0000]     [0.1944,6.0000]     6.15      2.75   
RandomSearchMutPolyBounded-281473221030288   43        8/256     100       1              [0.7686]  [0.0329]  [0.7126]  [0.8101]  [0.1673,3.0000]     [0.1944,6.0000]     6.15      2.71   
RandomSearchMutPolyBounded-281473221030288   44        8/256     100       1              [0.7688]  [0.033]   [0.7126]  [0.8101]  [0.1673,3.0000]     [0.1944,6.0000]     6.15      2.75   
RandomSearchMutPolyBounded-281473221030288   45        8/256     100       1              [0.769]   [0.0329]  [0.7126]  [0.8101]  [0.1673,3.0000]     [0.1944,6.0000]     6.15      3.21   
RandomSearchMutPolyBounded-281473221030288   46        8/256     100       1              [0.7693]  [0.0324]  [0.715]   [0.8101]  [0.1673,3.0000]     [0.1944,6.0000]     6.15      2.76   
RandomSearchMutPolyBounded-281473221030288   47        8/256     100       1              [0.7694]  [0.0324]  [0.715]   [0.8101]  [0.1673,3.0000]     [0.1944,6.0000]     6.15      2.74   
RandomSearchMutPolyBounded-281473221030288   48        8/256     100       1              [0.7696]  [0.0325]  [0.715]   [0.8101]  [0.1673,3.0000]     [0.1944,6.0000]     6.16      2.99   
RandomSearchMutPolyBounded-281473221030288   49        8/256     100       0              [0.7696]  [0.0325]  [0.715]   [0.8101]  [0.1673,3.0000]     [0.1944,6.0000]     6.16      3.03   
RandomSearchMutPolyBounded-281473221030288   50        8/256     100       0              [0.7696]  [0.0325]  [0.715]   [0.8101]  [0.1673,3.0000]     [0.1944,6.0000]     6.16      2.99   
RandomSearchMutPolyBounded-281473221030288   51        8/256     100       0              [0.7696]  [0.0325]  [0.715]   [0.8101]  [0.1673,3.0000]     [0.1944,6.0000]     6.16      2.86   
RandomSearchMutPolyBounded-281473221030288   52        8/256     100       1              [0.7697]  [0.0325]  [0.715]   [0.8101]  [0.1673,3.0000]     [0.1944,6.0000]     6.16      3.28   
RandomSearchMutPolyBounded-281473221030288   53        8/256     100       0              [0.7697]  [0.0325]  [0.715]   [0.8101]  [0.1673,3.0000]     [0.1944,6.0000]     6.16      3.18   
RandomSearchMutPolyBounded-281473221030288   54        8/256     100       0              [0.7697]  [0.0325]  [0.715]   [0.8101]  [0.1673,3.0000]     [0.1944,6.0000]     6.16      2.83   
RandomSearchMutPolyBounded-281473221030288   55        8/256     100       1              [0.7698]  [0.0326]  [0.715]   [0.8101]  [0.1673,3.0000]     [0.1944,6.0000]     6.16      2.83   
RandomSearchMutPolyBounded-281473221030288   56        8/256     100       1              [0.7699]  [0.0326]  [0.715]   [0.8101]  [0.1673,3.0000]     [0.1944,6.0000]     6.16      2.74   
RandomSearchMutPolyBounded-281473221030288   57        8/256     100       0              [0.7699]  [0.0326]  [0.715]   [0.8101]  [0.1673,3.0000]     [0.1944,6.0000]     6.16      2.76   
RandomSearchMutPolyBounded-281473221030288   58        8/256     100       1              [0.77]    [0.0327]  [0.715]   [0.8108]  [0.1673,3.0000]     [0.1944,6.0000]     6.16      2.76   
RandomSearchMutPolyBounded-281473221030288   59        8/256     100       1              [0.7702]  [0.0329]  [0.715]   [0.8108]  [0.1673,3.0000]     [0.1944,6.0000]     6.16      2.98   
RandomSearchMutPolyBounded-281473221030288   60        8/256     100       1              [0.7704]  [0.0331]  [0.715]   [0.8108]  [0.1673,3.0000]     [0.1944,6.0000]     6.16      3.14   
RandomSearchMutPolyBounded-281473221030288   61        8/256     100       0              [0.7704]  [0.0331]  [0.715]   [0.8108]  [0.1673,3.0000]     [0.1944,6.0000]     6.16      2.70   
RandomSearchMutPolyBounded-281473221030288   62        8/256     100       0              [0.7704]  [0.0331]  [0.715]   [0.8108]  [0.1673,3.0000]     [0.1944,6.0000]     6.16      2.71   
RandomSearchMutPolyBounded-281473221030288   63        8/256     100       0              [0.7704]  [0.0331]  [0.715]   [0.8108]  [0.1673,3.0000]     [0.1944,6.0000]     6.16      2.71   
RandomSearchMutPolyBounded-281473221030288   64        8/256     100       0              [0.7704]  [0.0331]  [0.715]   [0.8108]  [0.1673,3.0000]     [0.1944,6.0000]     6.16      2.85   
RandomSearchMutPolyBounded-281473221030288   65        8/256     100       0              [0.7704]  [0.0331]  [0.715]   [0.8108]  [0.1673,3.0000]     [0.1944,6.0000]     6.16      2.78   
RandomSearchMutPolyBounded-281473221030288   66        8/256     100       1              [0.7709]  [0.0337]  [0.715]   [0.8147]  [0.1673,3.0000]     [0.1944,6.0000]     6.17      2.82   
RandomSearchMutPolyBounded-281473221030288   67        8/256     100       0              [0.7709]  [0.0337]  [0.715]   [0.8147]  [0.1673,3.0000]     [0.1944,6.0000]     6.17      3.38   
RandomSearchMutPolyBounded-281473221030288   68        8/256     100       0              [0.7709]  [0.0337]  [0.715]   [0.8147]  [0.1673,3.0000]     [0.1944,6.0000]     6.17      3.04   
RandomSearchMutPolyBounded-281473221030288   69        8/256     100       0              [0.7709]  [0.0337]  [0.715]   [0.8147]  [0.1673,3.0000]     [0.1944,6.0000]     6.17      2.86   
RandomSearchMutPolyBounded-281473221030288   70        8/256     100       0              [0.7709]  [0.0337]  [0.715]   [0.8147]  [0.1673,3.0000]     [0.1944,6.0000]     6.17      2.83   
RandomSearchMutPolyBounded-281473221030288   71        8/256     100       0              [0.7709]  [0.0337]  [0.715]   [0.8147]  [0.1673,3.0000]     [0.1944,6.0000]     6.17      2.77   
RandomSearchMutPolyBounded-281473221030288   72        8/256     100       1              [0.7712]  [0.0339]  [0.715]   [0.8147]  [0.1673,3.0000]     [0.1944,6.0000]     6.17      2.81   
RandomSearchMutPolyBounded-281473221030288   73        8/256     100       1              [0.7714]  [0.0338]  [0.715]   [0.8147]  [0.1673,3.0000]     [0.1944,6.0000]     6.17      2.79   
RandomSearchMutPolyBounded-281473221030288   74        8/256     100       0              [0.7714]  [0.0338]  [0.715]   [0.8147]  [0.1673,3.0000]     [0.1944,6.0000]     6.17      3.46   
RandomSearchMutPolyBounded-281473221030288   75        8/256     100       0              [0.7714]  [0.0338]  [0.715]   [0.8147]  [0.1673,3.0000]     [0.1944,6.0000]     6.17      2.71   
RandomSearchMutPolyBounded-281473221030288   76        8/256     100       0              [0.7714]  [0.0338]  [0.715]   [0.8147]  [0.1673,3.0000]     [0.1944,6.0000]     6.17      2.77   
RandomSearchMutPolyBounded-281473221030288   77        8/256     100       0              [0.7714]  [0.0338]  [0.715]   [0.8147]  [0.1673,3.0000]     [0.1944,6.0000]     6.17      2.70   
RandomSearchMutPolyBounded-281473221030288   78        8/256     100       0              [0.7714]  [0.0338]  [0.715]   [0.8147]  [0.1673,3.0000]     [0.1944,6.0000]     6.17      2.75   
RandomSearchMutPolyBounded-281473221030288   79        8/256     100       0              [0.7714]  [0.0338]  [0.715]   [0.8147]  [0.1673,3.0000]     [0.1944,6.0000]     6.17      2.77   
RandomSearchMutPolyBounded-281473221030288   80        8/256     100       0              [0.7714]  [0.0338]  [0.715]   [0.8147]  [0.1673,3.0000]     [0.1944,6.0000]     6.17      2.83   
RandomSearchMutPolyBounded-281473221030288   81        8/256     100       0              [0.7714]  [0.0338]  [0.715]   [0.8147]  [0.1673,3.0000]     [0.1944,6.0000]     6.17      3.52   
RandomSearchMutPolyBounded-281473221030288   82        8/256     100       0              [0.7714]  [0.0338]  [0.715]   [0.8147]  [0.1673,3.0000]     [0.1944,6.0000]     6.17      2.76   
RandomSearchMutPolyBounded-281473221030288   83        8/256     100       1              [0.7716]  [0.0335]  [0.715]   [0.8147]  [0.1673,3.0000]     [0.1944,6.0000]     6.17      2.77   
RandomSearchMutPolyBounded-281473221030288   84        8/256     100       0              [0.7716]  [0.0335]  [0.715]   [0.8147]  [0.1673,3.0000]     [0.1944,6.0000]     6.17      2.74   
2023-07-06 22:52:13.982231: W tensorflow/core/data/root_dataset.cc:266] Optimization loop failed: CANCELLED: Operation was cancelled
TensorFlow version: 2.10.0
alg_name                                     iteration cont_size evals     nb_updated     avg       std       min       max       ft_min              ft_max              qd_score  elapsed
RandomSearchMutPolyBounded-281472263760160   0         19/256    100       45             [0.7449]  [0.1451]  [0.4707]  [0.898]   [0.6674,6.0000]     [0.9912,255.0000]   14.15     4.32   
RandomSearchMutPolyBounded-281472263760160   1         23/256    100       20             [0.6999]  [0.1681]  [0.4437]  [0.8982]  [0.2139,1.0000]     [0.9912,256.0000]   16.10     4.31   
RandomSearchMutPolyBounded-281472263760160   2         24/256    100       10             [0.6935]  [0.1684]  [0.4437]  [0.8982]  [0.2139,1.0000]     [0.9912,256.0000]   16.64     4.18   
RandomSearchMutPolyBounded-281472263760160   3         26/256    100       14             [0.6802]  [0.1689]  [0.4437]  [0.8982]  [0.2139,1.0000]     [0.9912,256.0000]   17.69     4.16   
RandomSearchMutPolyBounded-281472263760160   4         26/256    100       11             [0.6815]  [0.1682]  [0.4476]  [0.8982]  [0.2139,1.0000]     [0.9912,256.0000]   17.72     4.31   
RandomSearchMutPolyBounded-281472263760160   5         26/256    100       10             [0.6821]  [0.1683]  [0.4476]  [0.8982]  [0.2139,1.0000]     [0.9912,256.0000]   17.73     4.84   
RandomSearchMutPolyBounded-281472263760160   6         26/256    100       9              [0.683]   [0.1681]  [0.4476]  [0.8982]  [0.2139,1.0000]     [0.9912,256.0000]   17.76     4.20   
RandomSearchMutPolyBounded-281472263760160   7         26/256    100       10             [0.6845]  [0.1668]  [0.4476]  [0.8982]  [0.2139,1.0000]     [0.9912,256.0000]   17.80     4.39   
RandomSearchMutPolyBounded-281472263760160   8         26/256    100       7              [0.6856]  [0.1665]  [0.4476]  [0.8983]  [0.2139,1.0000]     [0.9912,255.0000]   17.83     4.94   
RandomSearchMutPolyBounded-281472263760160   9         26/256    100       9              [0.6864]  [0.1661]  [0.4514]  [0.8983]  [0.2064,1.0000]     [0.9912,255.0000]   17.85     4.41   
RandomSearchMutPolyBounded-281472263760160   10        26/256    100       5              [0.6869]  [0.1662]  [0.4514]  [0.8983]  [0.2064,1.0000]     [0.9912,255.0000]   17.86     4.38   
RandomSearchMutPolyBounded-281472263760160   11        26/256    100       7              [0.6871]  [0.1661]  [0.4514]  [0.8983]  [0.2064,1.0000]     [0.9912,255.0000]   17.87     4.47   
RandomSearchMutPolyBounded-281472263760160   12        26/256    100       2              [0.6874]  [0.1658]  [0.4514]  [0.8983]  [0.2064,1.0000]     [0.9912,255.0000]   17.87     5.01   
RandomSearchMutPolyBounded-281472263760160   13        26/256    100       5              [0.688]   [0.1653]  [0.4547]  [0.8983]  [0.2150,1.0000]     [0.9912,255.0000]   17.89     4.42   
RandomSearchMutPolyBounded-281472263760160   14        26/256    100       2              [0.6883]  [0.165]   [0.4547]  [0.8983]  [0.2150,1.0000]     [0.9912,255.0000]   17.90     4.22   
RandomSearchMutPolyBounded-281472263760160   15        26/256    100       3              [0.6885]  [0.165]   [0.4547]  [0.8983]  [0.2150,1.0000]     [0.9912,255.0000]   17.90     4.24   
RandomSearchMutPolyBounded-281472263760160   16        26/256    100       9              [0.6896]  [0.1641]  [0.4547]  [0.8983]  [0.2150,1.0000]     [0.9912,255.0000]   17.93     5.01   
RandomSearchMutPolyBounded-281472263760160   17        26/256    100       7              [0.69]    [0.1641]  [0.4547]  [0.8983]  [0.2150,1.0000]     [0.9912,255.0000]   17.94     4.47   
RandomSearchMutPolyBounded-281472263760160   18        26/256    100       3              [0.69]    [0.1642]  [0.4547]  [0.8983]  [0.2150,1.0000]     [0.9912,255.0000]   17.94     4.23   
RandomSearchMutPolyBounded-281472263760160   19        26/256    100       6              [0.6909]  [0.1633]  [0.4547]  [0.8983]  [0.2150,1.0000]     [0.9912,255.0000]   17.96     4.89   
RandomSearchMutPolyBounded-281472263760160   20        26/256    100       3              [0.6909]  [0.1634]  [0.4547]  [0.8983]  [0.2150,1.0000]     [0.9912,255.0000]   17.96     4.36   
RandomSearchMutPolyBounded-281472263760160   21        26/256    100       3              [0.691]   [0.1634]  [0.4547]  [0.8983]  [0.2150,1.0000]     [0.9912,255.0000]   17.97     4.29   
RandomSearchMutPolyBounded-281472263760160   22        26/256    100       4              [0.6912]  [0.1634]  [0.4547]  [0.8983]  [0.2150,1.0000]     [0.9912,255.0000]   17.97     4.27   
RandomSearchMutPolyBounded-281472263760160   23        26/256    100       4              [0.6917]  [0.1631]  [0.4547]  [0.8983]  [0.2150,1.0000]     [0.9912,255.0000]   17.99     4.94   
RandomSearchMutPolyBounded-281472263760160   24        26/256    100       4              [0.6923]  [0.1629]  [0.4547]  [0.8983]  [0.2150,1.0000]     [0.9912,255.0000]   18.00     4.18   
RandomSearchMutPolyBounded-281472263760160   25        26/256    100       4              [0.6926]  [0.1628]  [0.4547]  [0.8983]  [0.2150,1.0000]     [0.9912,255.0000]   18.01     4.23   
RandomSearchMutPolyBounded-281472263760160   26        26/256    100       3              [0.6928]  [0.1629]  [0.4547]  [0.8983]  [0.2150,1.0000]     [0.9912,255.0000]   18.01     4.32   
RandomSearchMutPolyBounded-281472263760160   27        26/256    100       1              [0.693]   [0.1628]  [0.4547]  [0.8983]  [0.2150,1.0000]     [0.9912,255.0000]   18.02     5.32   
RandomSearchMutPolyBounded-281472263760160   28        26/256    100       2              [0.6931]  [0.1628]  [0.4547]  [0.8983]  [0.2150,1.0000]     [0.9912,255.0000]   18.02     4.39   
RandomSearchMutPolyBounded-281472263760160   29        26/256    100       0              [0.6931]  [0.1628]  [0.4547]  [0.8983]  [0.2150,1.0000]     [0.9912,255.0000]   18.02     4.70   
RandomSearchMutPolyBounded-281472263760160   30        26/256    100       7              [0.6935]  [0.1627]  [0.4547]  [0.8983]  [0.2150,1.0000]     [0.9912,255.0000]   18.03     4.99   
RandomSearchMutPolyBounded-281472263760160   31        26/256    100       2              [0.6935]  [0.1626]  [0.4547]  [0.8983]  [0.2150,1.0000]     [0.9912,255.0000]   18.03     4.85   
RandomSearchMutPolyBounded-281472263760160   32        26/256    100       2              [0.6939]  [0.1622]  [0.4547]  [0.8983]  [0.2150,1.0000]     [0.9912,255.0000]   18.04     4.27   
RandomSearchMutPolyBounded-281472263760160   33        26/256    100       4              [0.694]   [0.1622]  [0.4547]  [0.8986]  [0.2150,1.0000]     [0.9912,255.0000]   18.04     4.54   
RandomSearchMutPolyBounded-281472263760160   34        26/256    100       1              [0.6941]  [0.1622]  [0.4547]  [0.8986]  [0.2150,1.0000]     [0.9912,255.0000]   18.05     5.67   
RandomSearchMutPolyBounded-281472263760160   35        26/256    100       4              [0.6944]  [0.1622]  [0.4547]  [0.8986]  [0.2150,1.0000]     [0.9912,255.0000]   18.05     4.39   
RandomSearchMutPolyBounded-281472263760160   36        26/256    100       1              [0.6944]  [0.1622]  [0.4547]  [0.8986]  [0.2150,1.0000]     [0.9912,255.0000]   18.05     4.23   
RandomSearchMutPolyBounded-281472263760160   37        26/256    100       5              [0.6951]  [0.1617]  [0.4547]  [0.8986]  [0.2150,1.0000]     [0.9912,255.0000]   18.07     4.23   
RandomSearchMutPolyBounded-281472263760160   38        26/256    100       4              [0.6953]  [0.1617]  [0.4547]  [0.8986]  [0.2150,1.0000]     [0.9912,255.0000]   18.08     4.90   
RandomSearchMutPolyBounded-281472263760160   39        26/256    100       3              [0.6953]  [0.1618]  [0.4547]  [0.8986]  [0.2150,1.0000]     [0.9912,255.0000]   18.08     4.21   
RandomSearchMutPolyBounded-281472263760160   40        26/256    100       2              [0.6954]  [0.1618]  [0.4547]  [0.8986]  [0.2150,1.0000]     [0.9912,255.0000]   18.08     4.36   
RandomSearchMutPolyBounded-281472263760160   41        26/256    100       5              [0.6956]  [0.1618]  [0.4547]  [0.8986]  [0.2150,1.0000]     [0.9912,255.0000]   18.08     4.21   
2023-07-06 22:54:49.699271: W tensorflow/core/data/root_dataset.cc:266] Optimization loop failed: CANCELLED: Operation was cancelled
RandomSearchMutPolyBounded-281472263760160   42        26/256    100       5              [0.6959]  [0.1615]  [0.4547]  [0.8986]  [0.2150,1.0000]     [0.9912,255.0000]   18.09     5.29   
RandomSearchMutPolyBounded-281472263760160   43        26/256    100       4              [0.6961]  [0.1616]  [0.4547]  [0.8986]  [0.2150,1.0000]     [0.9912,255.0000]   18.10     4.50   
RandomSearchMutPolyBounded-281472263760160   44        26/256    100       4              [0.6964]  [0.1614]  [0.4547]  [0.8986]  [0.2150,1.0000]     [0.9912,255.0000]   18.11     4.45   
RandomSearchMutPolyBounded-281472263760160   45        26/256    100       4              [0.6965]  [0.1615]  [0.4547]  [0.8986]  [0.2150,1.0000]     [0.9912,255.0000]   18.11     5.23   
RandomSearchMutPolyBounded-281472263760160   46        26/256    100       4              [0.6966]  [0.1615]  [0.4547]  [0.8986]  [0.2150,1.0000]     [0.9912,255.0000]   18.11     4.80   
RandomSearchMutPolyBounded-281472263760160   47        26/256    100       4              [0.6967]  [0.1616]  [0.4547]  [0.8986]  [0.2150,1.0000]     [0.9912,255.0000]   18.11     4.53   
RandomSearchMutPolyBounded-281472263760160   48        26/256    100       2              [0.6967]  [0.1615]  [0.4547]  [0.8986]  [0.2150,1.0000]     [0.9912,255.0000]   18.11     4.34   
RandomSearchMutPolyBounded-281472263760160   49        26/256    100       2              [0.6971]  [0.1613]  [0.4547]  [0.8986]  [0.2150,1.0000]     [0.9912,255.0000]   18.12     5.41   
RandomSearchMutPolyBounded-281472263760160   50        26/256    100       3              [0.6973]  [0.1612]  [0.4547]  [0.8986]  [0.2150,1.0000]     [0.9912,255.0000]   18.13     4.33   
RandomSearchMutPolyBounded-281472263760160   51        26/256    100       5              [0.6974]  [0.1612]  [0.4547]  [0.8986]  [0.2150,1.0000]     [0.9912,255.0000]   18.13     4.43   
RandomSearchMutPolyBounded-281472263760160   52        26/256    100       0              [0.6974]  [0.1612]  [0.4547]  [0.8986]  [0.2150,1.0000]     [0.9912,255.0000]   18.13     4.76   
RandomSearchMutPolyBounded-281472263760160   53        26/256    100       2              [0.6974]  [0.1613]  [0.4547]  [0.8986]  [0.2150,1.0000]     [0.9912,255.0000]   18.13     5.33   
RandomSearchMutPolyBounded-281472263760160   54        26/256    100       3              [0.6975]  [0.1613]  [0.4547]  [0.8986]  [0.2150,1.0000]     [0.9912,255.0000]   18.14     4.31   
RandomSearchMutPolyBounded-281472263760160   55        26/256    100       4              [0.6978]  [0.1611]  [0.4547]  [0.8986]  [0.2150,1.0000]     [0.9912,255.0000]   18.14     4.34   
RandomSearchMutPolyBounded-281472263760160   56        26/256    100       5              [0.6981]  [0.161]   [0.4547]  [0.8986]  [0.2150,1.0000]     [0.9912,255.0000]   18.15     4.70   
RandomSearchMutPolyBounded-281472263760160   57        26/256    100       1              [0.6981]  [0.161]   [0.4547]  [0.8986]  [0.2150,1.0000]     [0.9912,255.0000]   18.15     4.65   
RandomSearchMutPolyBounded-281472263760160   58        26/256    100       2              [0.6982]  [0.161]   [0.4547]  [0.8986]  [0.2150,1.0000]     [0.9912,255.0000]   18.15     4.43   
RandomSearchMutPolyBounded-281472263760160   59        26/256    100       1              [0.6983]  [0.161]   [0.4547]  [0.8986]  [0.2150,1.0000]     [0.9912,255.0000]   18.15     4.70   
RandomSearchMutPolyBounded-281472263760160   60        26/256    100       1              [0.6983]  [0.161]   [0.4547]  [0.8986]  [0.2150,1.0000]     [0.9912,255.0000]   18.15     5.69   
RandomSearchMutPolyBounded-281472263760160   61        26/256    100       2              [0.6984]  [0.161]   [0.4547]  [0.8986]  [0.2150,1.0000]     [0.9912,255.0000]   18.16     4.48   
RandomSearchMutPolyBounded-281472263760160   62        26/256    100       3              [0.6984]  [0.161]   [0.4547]  [0.8986]  [0.2150,1.0000]     [0.9912,255.0000]   18.16     4.42   
RandomSearchMutPolyBounded-281472263760160   63        26/256    100       1              [0.6984]  [0.161]   [0.4547]  [0.8986]  [0.2150,1.0000]     [0.9912,255.0000]   18.16     4.51   
RandomSearchMutPolyBounded-281472263760160   64        26/256    100       0              [0.6984]  [0.161]   [0.4547]  [0.8986]  [0.2150,1.0000]     [0.9912,255.0000]   18.16     5.05   
RandomSearchMutPolyBounded-281472263760160   65        26/256    100       1              [0.6984]  [0.161]   [0.4547]  [0.8986]  [0.2150,1.0000]     [0.9912,255.0000]   18.16     4.57   
RandomSearchMutPolyBounded-281472263760160   66        26/256    100       2              [0.6984]  [0.161]   [0.4547]  [0.8986]  [0.2150,1.0000]     [0.9912,255.0000]   18.16     4.27   
RandomSearchMutPolyBounded-281472263760160   67        26/256    100       0              [0.6984]  [0.161]   [0.4547]  [0.8986]  [0.2150,1.0000]     [0.9912,255.0000]   18.16     4.54   
RandomSearchMutPolyBounded-281472263760160   68        26/256    100       3              [0.6986]  [0.161]   [0.4547]  [0.8986]  [0.2150,1.0000]     [0.9912,255.0000]   18.16     5.28   
RandomSearchMutPolyBounded-281472263760160   69        26/256    100       1              [0.6987]  [0.1611]  [0.4547]  [0.8986]  [0.2150,1.0000]     [0.9912,255.0000]   18.17     4.32   
RandomSearchMutPolyBounded-281472263760160   70        26/256    100       2              [0.6991]  [0.1607]  [0.4547]  [0.8986]  [0.2150,1.0000]     [0.9912,255.0000]   18.18     5.80   
RandomSearchMutPolyBounded-281472263760160   71        26/256    100       2              [0.6991]  [0.1607]  [0.4547]  [0.8986]  [0.2150,1.0000]     [0.9912,255.0000]   18.18     5.20   
RandomSearchMutPolyBounded-281472263760160   72        26/256    100       0              [0.6991]  [0.1607]  [0.4547]  [0.8986]  [0.2150,1.0000]     [0.9912,255.0000]   18.18     4.35   
RandomSearchMutPolyBounded-281472263760160   73        26/256    100       2              [0.6993]  [0.1607]  [0.4547]  [0.8986]  [0.2150,1.0000]     [0.9912,255.0000]   18.18     4.47   
RandomSearchMutPolyBounded-281472263760160   74        26/256    100       1              [0.6993]  [0.1607]  [0.4547]  [0.8986]  [0.2150,1.0000]     [0.9912,255.0000]   18.18     4.31   
RandomSearchMutPolyBounded-281472263760160   75        26/256    100       1              [0.6993]  [0.1607]  [0.4547]  [0.8986]  [0.2150,1.0000]     [0.9912,255.0000]   18.18     5.06   
RandomSearchMutPolyBounded-281472263760160   76        26/256    100       0              [0.6993]  [0.1607]  [0.4547]  [0.8986]  [0.2150,1.0000]     [0.9912,255.0000]   18.18     4.24   
RandomSearchMutPolyBounded-281472263760160   77        26/256    100       2              [0.6995]  [0.1606]  [0.4547]  [0.8986]  [0.2150,1.0000]     [0.9912,255.0000]   18.19     4.41   
RandomSearchMutPolyBounded-281472263760160   78        26/256    100       1              [0.6995]  [0.1606]  [0.4547]  [0.8986]  [0.2150,1.0000]     [0.9912,255.0000]   18.19     4.40   
RandomSearchMutPolyBounded-281472263760160   79        26/256    100       2              [0.6996]  [0.1607]  [0.4547]  [0.8986]  [0.2150,1.0000]     [0.9912,255.0000]   18.19     5.40   
RandomSearchMutPolyBounded-281472263760160   80        26/256    100       2              [0.6997]  [0.1606]  [0.4547]  [0.8986]  [0.2150,1.0000]     [0.9912,255.0000]   18.19     4.66   
RandomSearchMutPolyBounded-281472263760160   81        26/256    100       1              [0.6997]  [0.1606]  [0.4547]  [0.8986]  [0.2150,1.0000]     [0.9912,255.0000]   18.19     4.27   
RandomSearchMutPolyBounded-281472263760160   82        26/256    100       1              [0.6997]  [0.1606]  [0.4547]  [0.8986]  [0.2150,1.0000]     [0.9912,255.0000]   18.19     5.63   
RandomSearchMutPolyBounded-281472263760160   83        26/256    100       1              [0.6998]  [0.1606]  [0.4547]  [0.8986]  [0.2150,1.0000]     [0.9912,255.0000]   18.19     4.69   
RandomSearchMutPolyBounded-281472263760160   84        26/256    100       3              [0.6998]  [0.1606]  [0.4547]  [0.8986]  [0.2150,1.0000]     [0.9912,255.0000]   18.20     4.40   
2023-07-06 23:45:21.250570: W tensorflow/core/data/root_dataset.cc:266] Optimization loop failed: CANCELLED: Operation was cancelled
TensorFlow version: 2.10.0
alg_name                                     iteration cont_size evals     nb_updated     avg       std       min       max       ft_min              ft_max              qd_score  elapsed
RandomSearchMutPolyBounded-281473089775904   0         22/256    100       39             [0.7065]  [0.1654]  [0.4497]  [0.8955]  [0.3398,2.0000]     [0.9909,247.0000]   15.54     5.26   
RandomSearchMutPolyBounded-281473089775904   1         24/256    100       19             [0.6888]  [0.1711]  [0.4497]  [0.8976]  [0.3398,2.0000]     [0.9911,253.0000]   16.53     5.25   
RandomSearchMutPolyBounded-281473089775904   2         25/256    100       15             [0.6817]  [0.1723]  [0.4499]  [0.8976]  [0.3398,2.0000]     [0.9911,253.0000]   17.04     5.15   
RandomSearchMutPolyBounded-281473089775904   3         26/256    100       11             [0.6749]  [0.175]   [0.4408]  [0.8976]  [0.2048,1.0000]     [0.9911,253.0000]   17.55     4.87   
RandomSearchMutPolyBounded-281473089775904   4         26/256    100       15             [0.6757]  [0.1752]  [0.4408]  [0.8982]  [0.2048,1.0000]     [0.9912,256.0000]   17.57     5.27   
RandomSearchMutPolyBounded-281473089775904   5         26/256    100       5              [0.6763]  [0.1751]  [0.4408]  [0.8982]  [0.2048,1.0000]     [0.9912,256.0000]   17.58     5.63   
RandomSearchMutPolyBounded-281473089775904   6         26/256    100       16             [0.6787]  [0.1737]  [0.4493]  [0.8982]  [0.2142,1.0000]     [0.9912,256.0000]   17.65     4.98   
RandomSearchMutPolyBounded-281473089775904   7         26/256    100       11             [0.6802]  [0.1729]  [0.4493]  [0.8982]  [0.2142,1.0000]     [0.9912,256.0000]   17.69     4.87   
RandomSearchMutPolyBounded-281473089775904   8         26/256    100       9              [0.6817]  [0.1725]  [0.4493]  [0.8982]  [0.2142,1.0000]     [0.9912,256.0000]   17.72     6.46   
RandomSearchMutPolyBounded-281473089775904   9         26/256    100       9              [0.6835]  [0.1706]  [0.454]   [0.8982]  [0.2085,1.0000]     [0.9912,256.0000]   17.77     4.93   
RandomSearchMutPolyBounded-281473089775904   10        26/256    100       10             [0.6852]  [0.1696]  [0.454]   [0.8982]  [0.2085,1.0000]     [0.9912,256.0000]   17.82     4.85   
RandomSearchMutPolyBounded-281473089775904   11        26/256    100       2              [0.6854]  [0.1694]  [0.454]   [0.8982]  [0.2085,1.0000]     [0.9912,256.0000]   17.82     5.01   
RandomSearchMutPolyBounded-281473089775904   12        26/256    100       5              [0.686]   [0.1692]  [0.454]   [0.8982]  [0.2085,1.0000]     [0.9912,256.0000]   17.83     6.56   
RandomSearchMutPolyBounded-281473089775904   13        26/256    100       2              [0.686]   [0.1692]  [0.454]   [0.8982]  [0.2085,1.0000]     [0.9912,256.0000]   17.84     5.38   
RandomSearchMutPolyBounded-281473089775904   14        26/256    100       7              [0.687]   [0.1684]  [0.454]   [0.8982]  [0.2085,1.0000]     [0.9912,256.0000]   17.86     5.15   
RandomSearchMutPolyBounded-281473089775904   15        26/256    100       5              [0.6873]  [0.1682]  [0.454]   [0.8982]  [0.2085,1.0000]     [0.9912,256.0000]   17.87     5.21   
RandomSearchMutPolyBounded-281473089775904   16        26/256    100       2              [0.6874]  [0.1683]  [0.454]   [0.8982]  [0.2085,1.0000]     [0.9912,256.0000]   17.87     6.38   
RandomSearchMutPolyBounded-281473089775904   17        26/256    100       2              [0.6876]  [0.1681]  [0.454]   [0.8982]  [0.2085,1.0000]     [0.9912,256.0000]   17.88     5.47   
RandomSearchMutPolyBounded-281473089775904   18        26/256    100       1              [0.6876]  [0.1682]  [0.454]   [0.8982]  [0.2085,1.0000]     [0.9912,256.0000]   17.88     5.13   
RandomSearchMutPolyBounded-281473089775904   19        26/256    100       5              [0.688]   [0.1677]  [0.4595]  [0.8982]  [0.2045,1.0000]     [0.9912,256.0000]   17.89     6.32   
RandomSearchMutPolyBounded-281473089775904   20        26/256    100       5              [0.6886]  [0.1672]  [0.4595]  [0.8982]  [0.2045,1.0000]     [0.9912,256.0000]   17.90     5.19   
RandomSearchMutPolyBounded-281473089775904   21        26/256    100       7              [0.6893]  [0.1665]  [0.4595]  [0.8982]  [0.2045,1.0000]     [0.9912,256.0000]   17.92     4.90   
RandomSearchMutPolyBounded-281473089775904   22        26/256    100       3              [0.6894]  [0.1666]  [0.4595]  [0.8982]  [0.2045,1.0000]     [0.9912,256.0000]   17.92     4.94   
RandomSearchMutPolyBounded-281473089775904   23        26/256    100       4              [0.6898]  [0.1661]  [0.4595]  [0.8982]  [0.2045,1.0000]     [0.9912,256.0000]   17.94     6.14   
RandomSearchMutPolyBounded-281473089775904   24        26/256    100       4              [0.6903]  [0.1658]  [0.4595]  [0.8982]  [0.2045,1.0000]     [0.9912,256.0000]   17.95     4.89   
RandomSearchMutPolyBounded-281473089775904   25        26/256    100       3              [0.6905]  [0.1656]  [0.4595]  [0.8982]  [0.2045,1.0000]     [0.9912,256.0000]   17.95     5.44   
RandomSearchMutPolyBounded-281473089775904   26        26/256    100       5              [0.6909]  [0.1652]  [0.4595]  [0.8982]  [0.2045,1.0000]     [0.9912,256.0000]   17.96     6.31   
RandomSearchMutPolyBounded-281473089775904   27        26/256    100       9              [0.6921]  [0.1643]  [0.4595]  [0.8982]  [0.2045,1.0000]     [0.9912,256.0000]   17.99     8.72   
RandomSearchMutPolyBounded-281473089775904   28        26/256    100       3              [0.6921]  [0.1643]  [0.4595]  [0.8982]  [0.2045,1.0000]     [0.9912,256.0000]   17.99     5.03   
RandomSearchMutPolyBounded-281473089775904   29        26/256    100       5              [0.6923]  [0.164]   [0.4595]  [0.8982]  [0.2045,1.0000]     [0.9912,256.0000]   18.00     5.42   
RandomSearchMutPolyBounded-281473089775904   30        26/256    100       4              [0.6925]  [0.164]   [0.4595]  [0.8982]  [0.2045,1.0000]     [0.9912,256.0000]   18.00     6.48   
RandomSearchMutPolyBounded-281473089775904   31        26/256    100       4              [0.693]   [0.164]   [0.4595]  [0.8982]  [0.2045,1.0000]     [0.9912,256.0000]   18.02     5.26   
RandomSearchMutPolyBounded-281473089775904   32        26/256    100       6              [0.6935]  [0.1637]  [0.4595]  [0.8982]  [0.2045,1.0000]     [0.9912,256.0000]   18.03     5.05   
RandomSearchMutPolyBounded-281473089775904   33        26/256    100       6              [0.6939]  [0.1635]  [0.4595]  [0.8982]  [0.2045,1.0000]     [0.9912,256.0000]   18.04     4.86   
RandomSearchMutPolyBounded-281473089775904   34        26/256    100       3              [0.6939]  [0.1635]  [0.4595]  [0.8982]  [0.2045,1.0000]     [0.9912,256.0000]   18.04     7.42   
RandomSearchMutPolyBounded-281473089775904   35        26/256    100       5              [0.6942]  [0.1637]  [0.4595]  [0.8982]  [0.2045,1.0000]     [0.9912,256.0000]   18.05     6.41   
RandomSearchMutPolyBounded-281473089775904   36        26/256    100       5              [0.6947]  [0.1634]  [0.4595]  [0.8982]  [0.2045,1.0000]     [0.9912,256.0000]   18.06     5.26   
RandomSearchMutPolyBounded-281473089775904   37        26/256    100       2              [0.6948]  [0.1634]  [0.4595]  [0.8982]  [0.2045,1.0000]     [0.9912,256.0000]   18.06     4.39   
RandomSearchMutPolyBounded-281473089775904   38        26/256    100       2              [0.695]   [0.1634]  [0.4595]  [0.8982]  [0.2045,1.0000]     [0.9912,256.0000]   18.07     5.17   
RandomSearchMutPolyBounded-281473089775904   39        26/256    100       5              [0.6957]  [0.163]   [0.4595]  [0.8982]  [0.2045,1.0000]     [0.9912,256.0000]   18.09     4.37   
RandomSearchMutPolyBounded-281473089775904   40        26/256    100       3              [0.6958]  [0.163]   [0.4595]  [0.8982]  [0.2045,1.0000]     [0.9912,256.0000]   18.09     4.38   
RandomSearchMutPolyBounded-281473089775904   41        26/256    100       2              [0.6958]  [0.163]   [0.4595]  [0.8982]  [0.2045,1.0000]     [0.9912,256.0000]   18.09     4.66   
RandomSearchMutPolyBounded-281473089775904   42        26/256    100       6              [0.6962]  [0.1629]  [0.4595]  [0.8982]  [0.2045,1.0000]     [0.9912,256.0000]   18.10     5.49   
RandomSearchMutPolyBounded-281473089775904   43        26/256    100       1              [0.6962]  [0.1629]  [0.4595]  [0.8982]  [0.2045,1.0000]     [0.9912,256.0000]   18.10     4.95   
RandomSearchMutPolyBounded-281473089775904   44        26/256    100       3              [0.6963]  [0.1629]  [0.4595]  [0.8982]  [0.2045,1.0000]     [0.9912,256.0000]   18.10     4.45   
RandomSearchMutPolyBounded-281473089775904   45        26/256    100       1              [0.6963]  [0.163]   [0.4595]  [0.8982]  [0.2045,1.0000]     [0.9912,256.0000]   18.10     5.24   
RandomSearchMutPolyBounded-281473089775904   46        26/256    100       2              [0.6964]  [0.1629]  [0.4595]  [0.8982]  [0.2045,1.0000]     [0.9912,256.0000]   18.11     4.86   
RandomSearchMutPolyBounded-281473089775904   47        26/256    100       1              [0.6965]  [0.1629]  [0.4595]  [0.8982]  [0.2045,1.0000]     [0.9912,256.0000]   18.11     4.66   
RandomSearchMutPolyBounded-281473089775904   48        26/256    100       2              [0.6965]  [0.163]   [0.4595]  [0.8982]  [0.2045,1.0000]     [0.9912,256.0000]   18.11     4.48   
RandomSearchMutPolyBounded-281473089775904   49        26/256    100       1              [0.6966]  [0.1629]  [0.4595]  [0.8982]  [0.2045,1.0000]     [0.9912,256.0000]   18.11     6.43   
RandomSearchMutPolyBounded-281473089775904   50        26/256    100       3              [0.6967]  [0.1629]  [0.4595]  [0.8982]  [0.2045,1.0000]     [0.9912,256.0000]   18.11     4.60   
RandomSearchMutPolyBounded-281473089775904   51        26/256    100       0              [0.6967]  [0.1629]  [0.4595]  [0.8982]  [0.2045,1.0000]     [0.9912,256.0000]   18.11     4.61   
RandomSearchMutPolyBounded-281473089775904   52        26/256    100       0              [0.6967]  [0.1629]  [0.4595]  [0.8982]  [0.2045,1.0000]     [0.9912,256.0000]   18.11     4.77   
RandomSearchMutPolyBounded-281473089775904   53        26/256    100       4              [0.6968]  [0.1629]  [0.4595]  [0.8982]  [0.2045,1.0000]     [0.9912,256.0000]   18.12     5.74   
RandomSearchMutPolyBounded-281473089775904   54        26/256    100       1              [0.6968]  [0.1629]  [0.4595]  [0.8982]  [0.2045,1.0000]     [0.9912,256.0000]   18.12     4.74   
RandomSearchMutPolyBounded-281473089775904   55        26/256    100       4              [0.6969]  [0.1629]  [0.4595]  [0.8982]  [0.2045,1.0000]     [0.9912,256.0000]   18.12     4.61   
RandomSearchMutPolyBounded-281473089775904   56        26/256    100       2              [0.6969]  [0.1629]  [0.4595]  [0.8982]  [0.2045,1.0000]     [0.9912,256.0000]   18.12     4.99   
RandomSearchMutPolyBounded-281473089775904   57        26/256    100       3              [0.697]   [0.1629]  [0.4595]  [0.8982]  [0.2045,1.0000]     [0.9912,256.0000]   18.12     4.68   
RandomSearchMutPolyBounded-281473089775904   58        26/256    100       2              [0.6971]  [0.1629]  [0.4595]  [0.8982]  [0.2045,1.0000]     [0.9912,256.0000]   18.12     4.35   
RandomSearchMutPolyBounded-281473089775904   59        26/256    100       1              [0.6971]  [0.1629]  [0.4595]  [0.8982]  [0.2045,1.0000]     [0.9912,256.0000]   18.12     4.56   
RandomSearchMutPolyBounded-281473089775904   60        26/256    100       1              [0.6972]  [0.1628]  [0.4595]  [0.8982]  [0.2045,1.0000]     [0.9912,256.0000]   18.13     4.94   
RandomSearchMutPolyBounded-281473089775904   61        26/256    100       2              [0.6973]  [0.1629]  [0.4595]  [0.8982]  [0.2045,1.0000]     [0.9912,256.0000]   18.13     4.64   
RandomSearchMutPolyBounded-281473089775904   62        26/256    100       2              [0.6974]  [0.1628]  [0.4595]  [0.8982]  [0.2045,1.0000]     [0.9912,256.0000]   18.13     4.35   
RandomSearchMutPolyBounded-281473089775904   63        26/256    100       3              [0.6975]  [0.1628]  [0.4595]  [0.8982]  [0.2045,1.0000]     [0.9912,256.0000]   18.13     4.77   
RandomSearchMutPolyBounded-281473089775904   64        26/256    100       3              [0.6975]  [0.1628]  [0.4595]  [0.8982]  [0.2045,1.0000]     [0.9912,256.0000]   18.14     5.52   
RandomSearchMutPolyBounded-281473089775904   65        26/256    100       2              [0.6976]  [0.1627]  [0.4595]  [0.8982]  [0.2045,1.0000]     [0.9912,256.0000]   18.14     4.60   
RandomSearchMutPolyBounded-281473089775904   66        26/256    100       1              [0.6978]  [0.1626]  [0.4595]  [0.8982]  [0.2045,1.0000]     [0.9912,256.0000]   18.14     4.42   
RandomSearchMutPolyBounded-281473089775904   67        26/256    100       1              [0.6978]  [0.1626]  [0.4595]  [0.8982]  [0.2045,1.0000]     [0.9912,256.0000]   18.14     4.90   
RandomSearchMutPolyBounded-281473089775904   68        26/256    100       1              [0.6978]  [0.1626]  [0.4595]  [0.8982]  [0.2045,1.0000]     [0.9912,256.0000]   18.14     5.15   
RandomSearchMutPolyBounded-281473089775904   69        26/256    100       0              [0.6978]  [0.1626]  [0.4595]  [0.8982]  [0.2045,1.0000]     [0.9912,256.0000]   18.14     5.08   
RandomSearchMutPolyBounded-281473089775904   70        26/256    100       0              [0.6978]  [0.1626]  [0.4595]  [0.8982]  [0.2045,1.0000]     [0.9912,256.0000]   18.14     5.80   
RandomSearchMutPolyBounded-281473089775904   71        26/256    100       1              [0.6979]  [0.1626]  [0.4595]  [0.8982]  [0.2045,1.0000]     [0.9912,256.0000]   18.14     5.29   
RandomSearchMutPolyBounded-281473089775904   72        26/256    100       2              [0.6979]  [0.1626]  [0.4595]  [0.8982]  [0.2045,1.0000]     [0.9912,256.0000]   18.15     4.45   
RandomSearchMutPolyBounded-281473089775904   73        26/256    100       0              [0.6979]  [0.1626]  [0.4595]  [0.8982]  [0.2045,1.0000]     [0.9912,256.0000]   18.15     4.54   
RandomSearchMutPolyBounded-281473089775904   74        26/256    100       1              [0.6979]  [0.1626]  [0.4595]  [0.8982]  [0.2045,1.0000]     [0.9912,256.0000]   18.15     4.76   
RandomSearchMutPolyBounded-281473089775904   75        26/256    100       2              [0.6979]  [0.1626]  [0.4595]  [0.8982]  [0.2045,1.0000]     [0.9912,256.0000]   18.15     5.33   
RandomSearchMutPolyBounded-281473089775904   76        26/256    100       1              [0.6979]  [0.1626]  [0.4595]  [0.8982]  [0.2045,1.0000]     [0.9912,256.0000]   18.15     4.54   
RandomSearchMutPolyBounded-281473089775904   77        26/256    100       2              [0.698]   [0.1627]  [0.4595]  [0.8982]  [0.2045,1.0000]     [0.9912,256.0000]   18.15     5.17   
RandomSearchMutPolyBounded-281473089775904   78        26/256    100       1              [0.698]   [0.1627]  [0.4595]  [0.8982]  [0.2045,1.0000]     [0.9912,256.0000]   18.15     5.16   
RandomSearchMutPolyBounded-281473089775904   79        26/256    100       1              [0.698]   [0.1627]  [0.4595]  [0.8982]  [0.2045,1.0000]     [0.9912,256.0000]   18.15     5.65   
RandomSearchMutPolyBounded-281473089775904   80        26/256    100       5              [0.6981]  [0.1627]  [0.4595]  [0.8982]  [0.2045,1.0000]     [0.9912,256.0000]   18.15     5.03   
RandomSearchMutPolyBounded-281473089775904   81        26/256    100       1              [0.6982]  [0.1626]  [0.4595]  [0.8982]  [0.2045,1.0000]     [0.9912,256.0000]   18.15     5.19   
RandomSearchMutPolyBounded-281473089775904   82        26/256    100       2              [0.6982]  [0.1626]  [0.4595]  [0.8982]  [0.2045,1.0000]     [0.9912,256.0000]   18.15     5.77   
RandomSearchMutPolyBounded-281473089775904   83        26/256    100       1              [0.6986]  [0.1624]  [0.4595]  [0.8982]  [0.2045,1.0000]     [0.9912,256.0000]   18.16     5.30   
RandomSearchMutPolyBounded-281473089775904   84        26/256    100       0              [0.6986]  [0.1624]  [0.4595]  [0.8982]  [0.2045,1.0000]     [0.9912,256.0000]   18.16     5.08   
RandomSearchMutPolyBounded-281473089775904   85        26/256    100       0              [0.6986]  [0.1624]  [0.4595]  [0.8982]  [0.2045,1.0000]     [0.9912,256.0000]   18.16     4.78   
RandomSearchMutPolyBounded-281473089775904   86        26/256    100       0              [0.6986]  [0.1624]  [0.4595]  [0.8982]  [0.2045,1.0000]     [0.9912,256.0000]   18.16     5.76   
RandomSearchMutPolyBounded-281473089775904   87        26/256    100       0              [0.6986]  [0.1624]  [0.4595]  [0.8982]  [0.2045,1.0000]     [0.9912,256.0000]   18.16     4.84   
RandomSearchMutPolyBounded-281473089775904   88        26/256    100       0              [0.6986]  [0.1624]  [0.4595]  [0.8982]  [0.2045,1.0000]     [0.9912,256.0000]   18.16     4.78   
RandomSearchMutPolyBounded-281473089775904   89        26/256    100       0              [0.6986]  [0.1624]  [0.4595]  [0.8982]  [0.2045,1.0000]     [0.9912,256.0000]   18.16     4.58   
RandomSearchMutPolyBounded-281473089775904   90        26/256    100       0              [0.6986]  [0.1624]  [0.4595]  [0.8982]  [0.2045,1.0000]     [0.9912,256.0000]   18.16     5.28   
RandomSearchMutPolyBounded-281473089775904   91        26/256    100       3              [0.6987]  [0.1624]  [0.4595]  [0.8982]  [0.2045,1.0000]     [0.9912,256.0000]   18.17     4.56   
RandomSearchMutPolyBounded-281473089775904   92        26/256    100       0              [0.6987]  [0.1624]  [0.4595]  [0.8982]  [0.2045,1.0000]     [0.9912,256.0000]   18.17     4.61   
RandomSearchMutPolyBounded-281473089775904   93        26/256    100       1              [0.6987]  [0.1624]  [0.4595]  [0.8982]  [0.2045,1.0000]     [0.9912,256.0000]   18.17     5.27   
RandomSearchMutPolyBounded-281473089775904   94        26/256    100       0              [0.6987]  [0.1624]  [0.4595]  [0.8982]  [0.2045,1.0000]     [0.9912,256.0000]   18.17     4.91   
RandomSearchMutPolyBounded-281473089775904   95        26/256    100       1              [0.6987]  [0.1624]  [0.4595]  [0.8982]  [0.2045,1.0000]     [0.9912,256.0000]   18.17     4.75   
RandomSearchMutPolyBounded-281473089775904   96        26/256    100       1              [0.6988]  [0.1624]  [0.4595]  [0.8982]  [0.2045,1.0000]     [0.9912,256.0000]   18.17     4.60   
RandomSearchMutPolyBounded-281473089775904   97        26/256    100       0              [0.6988]  [0.1624]  [0.4595]  [0.8982]  [0.2045,1.0000]     [0.9912,256.0000]   18.17     5.48   
RandomSearchMutPolyBounded-281473089775904   98        26/256    100       2              [0.6988]  [0.1624]  [0.4595]  [0.8982]  [0.2045,1.0000]     [0.9912,256.0000]   18.17     4.75   
RandomSearchMutPolyBounded-281473089775904   99        26/256    100       3              [0.6988]  [0.1624]  [0.4595]  [0.8982]  [0.2045,1.0000]     [0.9912,256.0000]   18.17     4.87   
RandomSearchMutPolyBounded-281473089775904   100       26/256    100       4              [0.699]   [0.1624]  [0.4595]  [0.8982]  [0.2045,1.0000]     [0.9912,256.0000]   18.17     4.77   
RandomSearchMutPolyBounded-281473089775904   101       26/256    100       1              [0.699]   [0.1625]  [0.4595]  [0.8982]  [0.2045,1.0000]     [0.9912,256.0000]   18.17     5.44   
RandomSearchMutPolyBounded-281473089775904   102       26/256    100       2              [0.699]   [0.1625]  [0.4595]  [0.8982]  [0.2045,1.0000]     [0.9912,256.0000]   18.17     4.60   
RandomSearchMutPolyBounded-281473089775904   103       26/256    100       0              [0.699]   [0.1625]  [0.4595]  [0.8982]  [0.2045,1.0000]     [0.9912,256.0000]   18.17     4.56   
RandomSearchMutPolyBounded-281473089775904   104       26/256    100       1              [0.699]   [0.1625]  [0.4595]  [0.8982]  [0.2045,1.0000]     [0.9912,256.0000]   18.18     4.93   
RandomSearchMutPolyBounded-281473089775904   105       26/256    100       0              [0.699]   [0.1625]  [0.4595]  [0.8982]  [0.2045,1.0000]     [0.9912,256.0000]   18.18     4.97   
RandomSearchMutPolyBounded-281473089775904   106       26/256    100       1              [0.6991]  [0.1625]  [0.4595]  [0.8984]  [0.2045,1.0000]     [0.9912,255.0000]   18.18     4.98   
RandomSearchMutPolyBounded-281473089775904   107       26/256    100       1              [0.6992]  [0.1625]  [0.4595]  [0.8984]  [0.2045,1.0000]     [0.9912,255.0000]   18.18     4.67   
RandomSearchMutPolyBounded-281473089775904   108       26/256    100       5              [0.6993]  [0.1626]  [0.4595]  [0.8984]  [0.2045,1.0000]     [0.9912,255.0000]   18.18     6.00   
RandomSearchMutPolyBounded-281473089775904   109       26/256    100       1              [0.6993]  [0.1626]  [0.4595]  [0.8984]  [0.2045,1.0000]     [0.9912,255.0000]   18.18     5.29   
RandomSearchMutPolyBounded-281473089775904   110       26/256    100       1              [0.6993]  [0.1626]  [0.4595]  [0.8984]  [0.2045,1.0000]     [0.9912,255.0000]   18.18     5.27   
RandomSearchMutPolyBounded-281473089775904   111       26/256    100       0              [0.6993]  [0.1626]  [0.4595]  [0.8984]  [0.2045,1.0000]     [0.9912,255.0000]   18.18     5.22   
RandomSearchMutPolyBounded-281473089775904   112       26/256    100       0              [0.6993]  [0.1626]  [0.4595]  [0.8984]  [0.2045,1.0000]     [0.9912,255.0000]   18.18     5.71   
RandomSearchMutPolyBounded-281473089775904   113       26/256    100       3              [0.6994]  [0.1627]  [0.4595]  [0.8984]  [0.2045,1.0000]     [0.9912,255.0000]   18.18     4.64   
RandomSearchMutPolyBounded-281473089775904   114       26/256    100       1              [0.6994]  [0.1627]  [0.4595]  [0.8984]  [0.2045,1.0000]     [0.9912,255.0000]   18.18     4.94   
RandomSearchMutPolyBounded-281473089775904   115       26/256    100       2              [0.6994]  [0.1627]  [0.4595]  [0.8984]  [0.2045,1.0000]     [0.9912,255.0000]   18.18     4.95   
RandomSearchMutPolyBounded-281473089775904   116       26/256    100       0              [0.6994]  [0.1627]  [0.4595]  [0.8984]  [0.2045,1.0000]     [0.9912,255.0000]   18.18     5.70   
RandomSearchMutPolyBounded-281473089775904   117       26/256    100       1              [0.6995]  [0.1627]  [0.4595]  [0.8984]  [0.2045,1.0000]     [0.9912,255.0000]   18.19     4.79   
RandomSearchMutPolyBounded-281473089775904   118       26/256    100       0              [0.6995]  [0.1627]  [0.4595]  [0.8984]  [0.2045,1.0000]     [0.9912,255.0000]   18.19     4.71   
RandomSearchMutPolyBounded-281473089775904   119       26/256    100       1              [0.6996]  [0.1627]  [0.4595]  [0.8984]  [0.2045,1.0000]     [0.9912,255.0000]   18.19     5.42   
RandomSearchMutPolyBounded-281473089775904   120       26/256    100       1              [0.6996]  [0.1627]  [0.4595]  [0.8984]  [0.2045,1.0000]     [0.9912,255.0000]   18.19     5.00   
RandomSearchMutPolyBounded-281473089775904   121       26/256    100       0              [0.6996]  [0.1627]  [0.4595]  [0.8984]  [0.2045,1.0000]     [0.9912,255.0000]   18.19     4.87   
RandomSearchMutPolyBounded-281473089775904   122       26/256    100       2              [0.6996]  [0.1627]  [0.4595]  [0.8984]  [0.2045,1.0000]     [0.9912,255.0000]   18.19     4.98   
RandomSearchMutPolyBounded-281473089775904   123       26/256    100       0              [0.6996]  [0.1627]  [0.4595]  [0.8984]  [0.2045,1.0000]     [0.9912,255.0000]   18.19     5.70   
RandomSearchMutPolyBounded-281473089775904   124       26/256    100       2              [0.6996]  [0.1627]  [0.4595]  [0.8984]  [0.2045,1.0000]     [0.9912,255.0000]   18.19     4.88   
RandomSearchMutPolyBounded-281473089775904   125       26/256    100       1              [0.6997]  [0.1628]  [0.4595]  [0.8984]  [0.2045,1.0000]     [0.9912,255.0000]   18.19     4.74   
RandomSearchMutPolyBounded-281473089775904   126       26/256    100       0              [0.6997]  [0.1628]  [0.4595]  [0.8984]  [0.2045,1.0000]     [0.9912,255.0000]   18.19     5.18   
RandomSearchMutPolyBounded-281473089775904   127       26/256    100       1              [0.6997]  [0.1628]  [0.4595]  [0.8984]  [0.2045,1.0000]     [0.9912,255.0000]   18.19     5.52   
TensorFlow version: 2.10.0
Downloading data from file:///home/user/judgement_system/data/npy/x_random_l3_6_dv.npy
    8192/11570816 [..............................] - ETA: 0s 4440064/11570816 [==========>...................] - ETA: 0s 6668288/11570816 [================>.............] - ETA: 0s 8896512/11570816 [======================>.......] - ETA: 0s11570816/11570816 [==============================] - 0s 0us/step
Downloading data from file:///home/user/judgement_system/data/npy/y_random_l3_6_dv.npy
6824/6824 [==============================] - 0s 0us/step
alg_name                                     iteration cont_size evals     nb_updated     avg       std       min       max       ft_min    ft_max    qd_score  elapsed
RandomSearchMutPolyBounded-281472363036384   0         0/256     100       0              nan       nan       nan       nan       [NaN,NaN] [NaN,NaN] 0.00      2.42   
RandomSearchMutPolyBounded-281472363036384   1         0/256     100       0              nan       nan       nan       nan       [NaN,NaN] [NaN,NaN] 0.00      2.54   
RandomSearchMutPolyBounded-281472363036384   2         1/256     100       1              [0.633]   [0.]      [0.633]   [0.633]   [0.1893,6.0000]     [0.1893,6.0000]     0.63      2.69   
RandomSearchMutPolyBounded-281472363036384   3         7/256     100       13             [0.6431]  [0.0193]  [0.6179]  [0.6759]  [0.1674,3.0000]     [0.1893,6.0000]     4.50      2.38   
RandomSearchMutPolyBounded-281472363036384   4         8/256     100       9              [0.672]   [0.0201]  [0.6396]  [0.7032]  [0.1674,3.0000]     [0.1991,6.0000]     5.38      2.37   
RandomSearchMutPolyBounded-281472363036384   5         8/256     100       9              [0.6911]  [0.0282]  [0.6396]  [0.7403]  [0.1674,3.0000]     [0.1991,6.0000]     5.53      2.44   
RandomSearchMutPolyBounded-281472363036384   6         8/256     100       8              [0.7077]  [0.0353]  [0.6396]  [0.7581]  [0.1674,3.0000]     [0.1991,6.0000]     5.66      2.39   
RandomSearchMutPolyBounded-281472363036384   7         8/256     100       7              [0.7298]  [0.0331]  [0.6788]  [0.7792]  [0.1674,3.0000]     [0.1893,6.0000]     5.84      2.41   
RandomSearchMutPolyBounded-281472363036384   8         8/256     100       4              [0.7368]  [0.0352]  [0.6788]  [0.7792]  [0.1674,3.0000]     [0.1893,6.0000]     5.89      2.47   
RandomSearchMutPolyBounded-281472363036384   9         8/256     100       4              [0.7416]  [0.0369]  [0.6788]  [0.7932]  [0.1674,3.0000]     [0.1893,6.0000]     5.93      2.75   
RandomSearchMutPolyBounded-281472363036384   10        8/256     100       3              [0.7434]  [0.0363]  [0.6788]  [0.7932]  [0.1674,3.0000]     [0.1893,6.0000]     5.95      2.88   
RandomSearchMutPolyBounded-281472363036384   11        8/256     100       3              [0.745]   [0.0366]  [0.6788]  [0.7932]  [0.1674,3.0000]     [0.1893,6.0000]     5.96      2.54   
RandomSearchMutPolyBounded-281472363036384   12        8/256     100       0              [0.745]   [0.0366]  [0.6788]  [0.7932]  [0.1674,3.0000]     [0.1893,6.0000]     5.96      2.46   
RandomSearchMutPolyBounded-281472363036384   13        8/256     100       3              [0.7467]  [0.0382]  [0.6788]  [0.7996]  [0.1674,3.0000]     [0.1893,6.0000]     5.97      2.37   
RandomSearchMutPolyBounded-281472363036384   14        8/256     100       3              [0.7477]  [0.0373]  [0.6788]  [0.7996]  [0.1674,3.0000]     [0.1893,6.0000]     5.98      2.53   
RandomSearchMutPolyBounded-281472363036384   15        8/256     100       0              [0.7477]  [0.0373]  [0.6788]  [0.7996]  [0.1674,3.0000]     [0.1893,6.0000]     5.98      2.39   
RandomSearchMutPolyBounded-281472363036384   16        8/256     100       1              [0.7479]  [0.0371]  [0.6788]  [0.7996]  [0.1674,3.0000]     [0.1893,6.0000]     5.98      2.38   
RandomSearchMutPolyBounded-281472363036384   17        8/256     100       1              [0.7486]  [0.0372]  [0.6788]  [0.7996]  [0.1674,3.0000]     [0.1893,6.0000]     5.99      2.93   
RandomSearchMutPolyBounded-281472363036384   18        8/256     100       1              [0.7488]  [0.0372]  [0.6788]  [0.7996]  [0.1674,3.0000]     [0.1893,6.0000]     5.99      2.38   
RandomSearchMutPolyBounded-281472363036384   19        8/256     100       3              [0.7496]  [0.0379]  [0.6788]  [0.7996]  [0.1674,3.0000]     [0.1893,6.0000]     6.00      2.39   
RandomSearchMutPolyBounded-281472363036384   20        8/256     100       1              [0.75]    [0.0371]  [0.6824]  [0.7996]  [0.1674,3.0000]     [0.1893,6.0000]     6.00      2.40   
RandomSearchMutPolyBounded-281472363036384   21        8/256     100       2              [0.7509]  [0.0377]  [0.6824]  [0.8026]  [0.1674,3.0000]     [0.1893,6.0000]     6.01      2.39   
RandomSearchMutPolyBounded-281472363036384   22        8/256     100       2              [0.7514]  [0.038]   [0.6824]  [0.8052]  [0.1674,3.0000]     [0.1893,6.0000]     6.01      2.39   
RandomSearchMutPolyBounded-281472363036384   23        8/256     100       2              [0.7541]  [0.0369]  [0.6824]  [0.8052]  [0.1674,3.0000]     [0.1893,6.0000]     6.03      2.44   
RandomSearchMutPolyBounded-281472363036384   24        8/256     100       0              [0.7541]  [0.0369]  [0.6824]  [0.8052]  [0.1674,3.0000]     [0.1893,6.0000]     6.03      2.98   
RandomSearchMutPolyBounded-281472363036384   25        8/256     100       3              [0.7553]  [0.0364]  [0.6824]  [0.8052]  [0.1674,3.0000]     [0.1893,6.0000]     6.04      2.39   
RandomSearchMutPolyBounded-281472363036384   26        8/256     100       1              [0.7554]  [0.0364]  [0.6824]  [0.8052]  [0.1674,3.0000]     [0.1893,6.0000]     6.04      2.39   
RandomSearchMutPolyBounded-281472363036384   27        8/256     100       2              [0.7563]  [0.0371]  [0.6824]  [0.8052]  [0.1674,3.0000]     [0.1893,6.0000]     6.05      2.40   
RandomSearchMutPolyBounded-281472363036384   28        8/256     100       1              [0.7566]  [0.0364]  [0.6854]  [0.8052]  [0.1674,3.0000]     [0.1893,6.0000]     6.05      2.45   
RandomSearchMutPolyBounded-281472363036384   29        8/256     100       0              [0.7566]  [0.0364]  [0.6854]  [0.8052]  [0.1674,3.0000]     [0.1893,6.0000]     6.05      2.65   
RandomSearchMutPolyBounded-281472363036384   30        8/256     100       0              [0.7566]  [0.0364]  [0.6854]  [0.8052]  [0.1674,3.0000]     [0.1893,6.0000]     6.05      2.74   
RandomSearchMutPolyBounded-281472363036384   31        8/256     100       1              [0.7574]  [0.0375]  [0.6854]  [0.8117]  [0.1674,3.0000]     [0.1893,6.0000]     6.06      3.20   
RandomSearchMutPolyBounded-281472363036384   32        8/256     100       2              [0.7578]  [0.0372]  [0.6869]  [0.8117]  [0.1674,3.0000]     [0.1893,6.0000]     6.06      2.58   
RandomSearchMutPolyBounded-281472363036384   33        8/256     100       1              [0.7585]  [0.0378]  [0.6869]  [0.8117]  [0.1674,3.0000]     [0.1893,6.0000]     6.07      2.47   
RandomSearchMutPolyBounded-281472363036384   34        8/256     100       0              [0.7585]  [0.0378]  [0.6869]  [0.8117]  [0.1674,3.0000]     [0.1893,6.0000]     6.07      2.48   
RandomSearchMutPolyBounded-281472363036384   35        8/256     100       0              [0.7585]  [0.0378]  [0.6869]  [0.8117]  [0.1674,3.0000]     [0.1893,6.0000]     6.07      2.59   
RandomSearchMutPolyBounded-281472363036384   36        8/256     100       2              [0.7592]  [0.0382]  [0.6869]  [0.8117]  [0.1674,3.0000]     [0.1893,6.0000]     6.07      2.46   
RandomSearchMutPolyBounded-281472363036384   37        8/256     100       1              [0.7595]  [0.0382]  [0.6869]  [0.8117]  [0.1674,3.0000]     [0.1893,6.0000]     6.08      2.40   
RandomSearchMutPolyBounded-281472363036384   38        8/256     100       2              [0.7602]  [0.0378]  [0.6869]  [0.8117]  [0.1674,3.0000]     [0.1893,6.0000]     6.08      2.93   
RandomSearchMutPolyBounded-281472363036384   39        8/256     100       1              [0.7608]  [0.0387]  [0.6869]  [0.8167]  [0.1610,3.0000]     [0.1893,6.0000]     6.09      2.39   
RandomSearchMutPolyBounded-281472363036384   40        8/256     100       1              [0.7614]  [0.0388]  [0.6869]  [0.8167]  [0.1610,3.0000]     [0.1893,6.0000]     6.09      2.42   
RandomSearchMutPolyBounded-281472363036384   41        8/256     100       1              [0.7616]  [0.0388]  [0.6869]  [0.8167]  [0.1610,3.0000]     [0.1893,6.0000]     6.09      2.47   
RandomSearchMutPolyBounded-281472363036384   42        8/256     100       0              [0.7616]  [0.0388]  [0.6869]  [0.8167]  [0.1610,3.0000]     [0.1893,6.0000]     6.09      2.40   
RandomSearchMutPolyBounded-281472363036384   43        8/256     100       2              [0.7624]  [0.0395]  [0.6869]  [0.8167]  [0.1610,3.0000]     [0.1893,6.0000]     6.10      2.40   
RandomSearchMutPolyBounded-281472363036384   44        8/256     100       0              [0.7624]  [0.0395]  [0.6869]  [0.8167]  [0.1610,3.0000]     [0.1893,6.0000]     6.10      2.41   
RandomSearchMutPolyBounded-281472363036384   45        8/256     100       3              [0.7645]  [0.0388]  [0.6894]  [0.8167]  [0.1610,3.0000]     [0.1893,6.0000]     6.12      2.91   
RandomSearchMutPolyBounded-281472363036384   46        8/256     100       1              [0.7654]  [0.0381]  [0.6894]  [0.8167]  [0.1610,3.0000]     [0.1893,6.0000]     6.12      2.50   
RandomSearchMutPolyBounded-281472363036384   47        8/256     100       1              [0.7661]  [0.0368]  [0.6949]  [0.8167]  [0.1610,3.0000]     [0.1893,6.0000]     6.13      2.39   
RandomSearchMutPolyBounded-281472363036384   48        8/256     100       1              [0.7676]  [0.0339]  [0.7071]  [0.8167]  [0.1610,3.0000]     [0.1893,6.0000]     6.14      2.39   
RandomSearchMutPolyBounded-281472363036384   49        8/256     100       0              [0.7676]  [0.0339]  [0.7071]  [0.8167]  [0.1610,3.0000]     [0.1893,6.0000]     6.14      2.39   
RandomSearchMutPolyBounded-281472363036384   50        8/256     100       3              [0.7685]  [0.0343]  [0.7071]  [0.8167]  [0.1610,3.0000]     [0.1893,6.0000]     6.15      2.40   
RandomSearchMutPolyBounded-281472363036384   51        8/256     100       2              [0.769]   [0.0347]  [0.7071]  [0.8187]  [0.1610,3.0000]     [0.1893,6.0000]     6.15      2.41   
RandomSearchMutPolyBounded-281472363036384   52        8/256     100       0              [0.769]   [0.0347]  [0.7071]  [0.8187]  [0.1610,3.0000]     [0.1893,6.0000]     6.15      2.86   
RandomSearchMutPolyBounded-281472363036384   53        8/256     100       0              [0.769]   [0.0347]  [0.7071]  [0.8187]  [0.1610,3.0000]     [0.1893,6.0000]     6.15      2.68   
RandomSearchMutPolyBounded-281472363036384   54        8/256     100       0              [0.769]   [0.0347]  [0.7071]  [0.8187]  [0.1610,3.0000]     [0.1893,6.0000]     6.15      2.70   
RandomSearchMutPolyBounded-281472363036384   55        8/256     100       1              [0.7701]  [0.0339]  [0.7071]  [0.8187]  [0.1610,3.0000]     [0.1893,6.0000]     6.16      2.44   
RandomSearchMutPolyBounded-281472363036384   56        8/256     100       0              [0.7701]  [0.0339]  [0.7071]  [0.8187]  [0.1610,3.0000]     [0.1893,6.0000]     6.16      2.52   
RandomSearchMutPolyBounded-281472363036384   57        8/256     100       1              [0.7701]  [0.0339]  [0.7071]  [0.8187]  [0.1610,3.0000]     [0.1893,6.0000]     6.16      2.49   
RandomSearchMutPolyBounded-281472363036384   58        8/256     100       0              [0.7701]  [0.0339]  [0.7071]  [0.8187]  [0.1610,3.0000]     [0.1893,6.0000]     6.16      2.59   
RandomSearchMutPolyBounded-281472363036384   59        8/256     100       0              [0.7701]  [0.0339]  [0.7071]  [0.8187]  [0.1610,3.0000]     [0.1893,6.0000]     6.16      3.16   
RandomSearchMutPolyBounded-281472363036384   60        8/256     100       0              [0.7701]  [0.0339]  [0.7071]  [0.8187]  [0.1610,3.0000]     [0.1893,6.0000]     6.16      3.52   
RandomSearchMutPolyBounded-281472363036384   61        8/256     100       0              [0.7701]  [0.0339]  [0.7071]  [0.8187]  [0.1610,3.0000]     [0.1893,6.0000]     6.16      2.73   
RandomSearchMutPolyBounded-281472363036384   62        8/256     100       1              [0.7704]  [0.0342]  [0.7071]  [0.8187]  [0.1610,3.0000]     [0.1893,6.0000]     6.16      2.71   
RandomSearchMutPolyBounded-281472363036384   63        8/256     100       0              [0.7704]  [0.0342]  [0.7071]  [0.8187]  [0.1610,3.0000]     [0.1893,6.0000]     6.16      2.89   
RandomSearchMutPolyBounded-281472363036384   64        8/256     100       0              [0.7704]  [0.0342]  [0.7071]  [0.8187]  [0.1610,3.0000]     [0.1893,6.0000]     6.16      2.47   
RandomSearchMutPolyBounded-281472363036384   65        8/256     100       0              [0.7704]  [0.0342]  [0.7071]  [0.8187]  [0.1610,3.0000]     [0.1893,6.0000]     6.16      2.49   
RandomSearchMutPolyBounded-281472363036384   66        8/256     100       0              [0.7704]  [0.0342]  [0.7071]  [0.8187]  [0.1610,3.0000]     [0.1893,6.0000]     6.16      2.70   
RandomSearchMutPolyBounded-281472363036384   67        8/256     100       0              [0.7704]  [0.0342]  [0.7071]  [0.8187]  [0.1610,3.0000]     [0.1893,6.0000]     6.16      2.95   
RandomSearchMutPolyBounded-281472363036384   68        8/256     100       0              [0.7704]  [0.0342]  [0.7071]  [0.8187]  [0.1610,3.0000]     [0.1893,6.0000]     6.16      2.42   
RandomSearchMutPolyBounded-281472363036384   69        8/256     100       1              [0.7709]  [0.0343]  [0.7071]  [0.8187]  [0.1610,3.0000]     [0.1893,6.0000]     6.17      2.84   
RandomSearchMutPolyBounded-281472363036384   70        8/256     100       0              [0.7709]  [0.0343]  [0.7071]  [0.8187]  [0.1610,3.0000]     [0.1893,6.0000]     6.17      2.40   
RandomSearchMutPolyBounded-281472363036384   71        8/256     100       0              [0.7709]  [0.0343]  [0.7071]  [0.8187]  [0.1610,3.0000]     [0.1893,6.0000]     6.17      2.40   
RandomSearchMutPolyBounded-281472363036384   72        8/256     100       0              [0.7709]  [0.0343]  [0.7071]  [0.8187]  [0.1610,3.0000]     [0.1893,6.0000]     6.17      2.41   
RandomSearchMutPolyBounded-281472363036384   73        8/256     100       0              [0.7709]  [0.0343]  [0.7071]  [0.8187]  [0.1610,3.0000]     [0.1893,6.0000]     6.17      2.41   
RandomSearchMutPolyBounded-281472363036384   74        8/256     100       0              [0.7709]  [0.0343]  [0.7071]  [0.8187]  [0.1610,3.0000]     [0.1893,6.0000]     6.17      3.27   
RandomSearchMutPolyBounded-281472363036384   75        8/256     100       2              [0.771]   [0.0344]  [0.7072]  [0.8187]  [0.1610,3.0000]     [0.1885,6.0000]     6.17      2.43   
RandomSearchMutPolyBounded-281472363036384   76        8/256     100       1              [0.7715]  [0.035]   [0.7072]  [0.8222]  [0.1610,3.0000]     [0.1885,6.0000]     6.17      2.47   
RandomSearchMutPolyBounded-281472363036384   77        8/256     100       0              [0.7715]  [0.035]   [0.7072]  [0.8222]  [0.1610,3.0000]     [0.1885,6.0000]     6.17      2.48   
RandomSearchMutPolyBounded-281472363036384   78        8/256     100       1              [0.7716]  [0.0351]  [0.7072]  [0.8222]  [0.1610,3.0000]     [0.1885,6.0000]     6.17      2.41   
RandomSearchMutPolyBounded-281472363036384   79        8/256     100       0              [0.7716]  [0.0351]  [0.7072]  [0.8222]  [0.1610,3.0000]     [0.1885,6.0000]     6.17      2.44   
RandomSearchMutPolyBounded-281472363036384   80        8/256     100       0              [0.7716]  [0.0351]  [0.7072]  [0.8222]  [0.1610,3.0000]     [0.1885,6.0000]     6.17      2.45   
RandomSearchMutPolyBounded-281472363036384   81        8/256     100       0              [0.7716]  [0.0351]  [0.7072]  [0.8222]  [0.1610,3.0000]     [0.1885,6.0000]     6.17      3.12   
RandomSearchMutPolyBounded-281472363036384   82        8/256     100       0              [0.7716]  [0.0351]  [0.7072]  [0.8222]  [0.1610,3.0000]     [0.1885,6.0000]     6.17      2.45   
RandomSearchMutPolyBounded-281472363036384   83        8/256     100       0              [0.7716]  [0.0351]  [0.7072]  [0.8222]  [0.1610,3.0000]     [0.1885,6.0000]     6.17      2.42   
RandomSearchMutPolyBounded-281472363036384   84        8/256     100       0              [0.7716]  [0.0351]  [0.7072]  [0.8222]  [0.1610,3.0000]     [0.1885,6.0000]     6.17      2.41   
/usr/local/lib/python3.10/dist-packages/qdpy/plots.py:151: UserWarning: FixedFormatter should only be used together with FixedLocator
  ax.set_xticklabels([round(float(x / float(data.shape[0]) * deltaFeature0 + featuresBounds[0][0]), 2) for x in xticks], fontsize=22)
/usr/local/lib/python3.10/dist-packages/qdpy/plots.py:153: UserWarning: FixedFormatter should only be used together with FixedLocator
  ax.set_yticklabels([round(float(y / float(data.shape[1]) * deltaFeature1 + featuresBounds[1][0]), 2) for y in yticks], fontsize=22)
/usr/local/lib/python3.10/dist-packages/qdpy/plots.py:151: UserWarning: FixedFormatter should only be used together with FixedLocator
  ax.set_xticklabels([round(float(x / float(data.shape[0]) * deltaFeature0 + featuresBounds[0][0]), 2) for x in xticks], fontsize=22)
/usr/local/lib/python3.10/dist-packages/qdpy/plots.py:153: UserWarning: FixedFormatter should only be used together with FixedLocator
  ax.set_yticklabels([round(float(y / float(data.shape[1]) * deltaFeature1 + featuresBounds[1][0]), 2) for y in yticks], fontsize=22)
RandomSearchMutPolyBounded-281472363036384   85        8/256     100       0              [0.7716]  [0.0351]  [0.7072]  [0.8222]  [0.1610,3.0000]     [0.1885,6.0000]     6.17      2.42   
RandomSearchMutPolyBounded-281472363036384   86        8/256     100       0              [0.7716]  [0.0351]  [0.7072]  [0.8222]  [0.1610,3.0000]     [0.1885,6.0000]     6.17      2.48   
RandomSearchMutPolyBounded-281472363036384   87        8/256     100       1              [0.7722]  [0.0356]  [0.7072]  [0.8222]  [0.1610,3.0000]     [0.1885,6.0000]     6.18      2.57   
RandomSearchMutPolyBounded-281472363036384   88        8/256     100       0              [0.7722]  [0.0356]  [0.7072]  [0.8222]  [0.1610,3.0000]     [0.1885,6.0000]     6.18      2.97   
RandomSearchMutPolyBounded-281472363036384   89        8/256     100       0              [0.7722]  [0.0356]  [0.7072]  [0.8222]  [0.1610,3.0000]     [0.1885,6.0000]     6.18      2.47   
RandomSearchMutPolyBounded-281472363036384   90        8/256     100       1              [0.7722]  [0.0356]  [0.7072]  [0.8222]  [0.1610,3.0000]     [0.1885,6.0000]     6.18      2.42   
RandomSearchMutPolyBounded-281472363036384   91        8/256     100       2              [0.7732]  [0.0357]  [0.7072]  [0.8222]  [0.1610,3.0000]     [0.1885,6.0000]     6.19      2.40   
RandomSearchMutPolyBounded-281472363036384   92        8/256     100       0              [0.7732]  [0.0357]  [0.7072]  [0.8222]  [0.1610,3.0000]     [0.1885,6.0000]     6.19      2.42   
RandomSearchMutPolyBounded-281472363036384   93        8/256     100       0              [0.7732]  [0.0357]  [0.7072]  [0.8222]  [0.1610,3.0000]     [0.1885,6.0000]     6.19      2.52   
RandomSearchMutPolyBounded-281472363036384   94        8/256     100       1              [0.7735]  [0.0351]  [0.7095]  [0.8222]  [0.1610,3.0000]     [0.1885,6.0000]     6.19      2.45   
RandomSearchMutPolyBounded-281472363036384   95        8/256     100       0              [0.7735]  [0.0351]  [0.7095]  [0.8222]  [0.1610,3.0000]     [0.1885,6.0000]     6.19      3.03   
RandomSearchMutPolyBounded-281472363036384   96        8/256     100       1              [0.7735]  [0.0351]  [0.7095]  [0.8222]  [0.1610,3.0000]     [0.1885,6.0000]     6.19      2.52   
RandomSearchMutPolyBounded-281472363036384   97        8/256     100       0              [0.7735]  [0.0351]  [0.7095]  [0.8222]  [0.1610,3.0000]     [0.1885,6.0000]     6.19      2.39   
RandomSearchMutPolyBounded-281472363036384   98        8/256     100       2              [0.7736]  [0.0352]  [0.7095]  [0.8222]  [0.1610,3.0000]     [0.1885,6.0000]     6.19      2.44   
RandomSearchMutPolyBounded-281472363036384   99        8/256     100       0              [0.7736]  [0.0352]  [0.7095]  [0.8222]  [0.1610,3.0000]     [0.1885,6.0000]     6.19      2.44   
Finished optimisation using algorithm 'RandomSearchMutPolyBounded-281472363036384'. Total elapsed: 255.86506245005876.
Summary RandomSearchMutPolyBounded:
  batch_size: 100
  budget: 10000
  container:  Summary Grid:
    activity_per_bin: [[ 0.  0.  0.  0.  0.  0.  0.  0.  0.  0.  0.  0.  0.  0.  0.  0.]  [ 0.  0.  0.  0.  0.  0.  0.  0.  0.  0.  0.  0.  0.  0.  0.  0.]  [12.  0.  0.  0.  0. 15.  0.  0.  0.  0. 20.  0.  0.  0.  0. 16.]  [11.  0.  0.  0.  0. 16.  0.  0.  0.  0. 20 ...
    best: Individual([0.6319818423058612, 0.33712796597158545, 0.670366776897084, 0.14805437156369539, 0.4613212842393237, 0.8241012267579246, 0.3728181032259271, 0.037453230091503364, 0.6412735125759387, 0.998563153069795, 0.3268338668718226, 0.058615947 ...
    best_features: (0.16097806534008288, 6)
    best_fitness: (0.822159844524561,)
    best_index: (2, 15)
    capacity: 256
    depot: None
    discard_random_on_bin_overload: False
    features: {(0, 0): [], (0, 1): [], (0, 2): [], (0, 3): [], (0, 4): [], (0, 5): [], (0, 6): [], (0, 7): [], (0, 8): [], (0, 9): [], (0, 10): [], (0, 11): [], (0, 12): [], (0, 13): [], (0, 14): [], (0, 15): [], (1, 0): [], (1, 1): [], (1, 2): [], (1, 3): [] ...
    features_domain: ((0.0, 1.0), (3, 6))
    features_extrema: ((0.16097806534008288, 0.18853612879491036), (3.0, 6.0))
    filled_bins: 8
    fitness: {(0, 0): [], (0, 1): [], (0, 2): [], (0, 3): [], (0, 4): [], (0, 5): [], (0, 6): [], (0, 7): [], (0, 8): [], (0, 9): [], (0, 10): [], (0, 11): [], (0, 12): [], (0, 13): [], (0, 14): [], (0, 15): [], (1, 0): [], (1, 1): [], (1, 2): [], (1, 3): [] ...
    fitness_domain: ((0.0, 1.0),)
    fitness_extrema: ((0.7095305077578973, 0.822159844524561),)
    free: 248
    history_recentness_per_bin: {(0, 0): [], (0, 1): [], (0, 2): [], (0, 3): [], (0, 4): [], (0, 5): [], (0, 6): [], (0, 7): [], (0, 8): [], (0, 9): [], (0, 10): [], (0, 11): [], (0, 12): [], (0, 13): [], (0, 14): [], (0, 15): [], (1, 0): [], (1, 1): [], (1, 2): [], (1, 3): [] ...
    items: [Individual([0.6247488479716754, 0.4120309196426797, 0.6070926546709589, 0.16437473398339442, 0.4613212842393237, 0.7533219321503968, 0.3413719680899592, 0.037453230091503364, 0.6976155461228987, 0.8839440284655559, 0.3200279344183037, 0.0085749 ...
    max_items_per_bin: 1
    name: Grid-281473078574576
    nb_added: 128
    nb_discarded: 120
    nb_items_per_bin: [[0. 0. 0. 0. 0. 0. 0. 0. 0. 0. 0. 0. 0. 0. 0. 0.]  [0. 0. 0. 0. 0. 0. 0. 0. 0. 0. 0. 0. 0. 0. 0. 0.]  [1. 0. 0. 0. 0. 1. 0. 0. 0. 0. 1. 0. 0. 0. 0. 1.]  [1. 0. 0. 0. 0. 1. 0. 0. 0. 0. 1. 0. 0. 0. 0. 1.]  [0. 0. 0. 0. 0. 0. 0. 0. 0. 0. 0. 0. 0.  ...
    nb_operations: 248
    nb_rejected: 6613
    quality: {(0, 0): None, (0, 1): None, (0, 2): None, (0, 3): None, (0, 4): None, (0, 5): None, (0, 6): None, (0, 7): None, (0, 8): None, (0, 9): None, (0, 10): None, (0, 11): None, (0, 12): None, (0, 13): None, (0, 14): None, (0, 15): None, (1, 0): None,  ...
    quality_array: [[[       nan]   [       nan]   [       nan]   [       nan]   [       nan]   [       nan]   [       nan]   [       nan]   [       nan]   [       nan]   [       nan]   [       nan]   [       nan]   [       nan]   [       nan]   [       nan]]   [[ ...
    recentness: [107, 118, 119, 123, 124, 125, 126, 127]
    recentness_per_bin: {(0, 0): [], (0, 1): [], (0, 2): [], (0, 3): [], (0, 4): [], (0, 5): [], (0, 6): [], (0, 7): [], (0, 8): [], (0, 9): [], (0, 10): [], (0, 11): [], (0, 12): [], (0, 13): [], (0, 14): [], (0, 15): [], (1, 0): [], (1, 1): [], (1, 2): [], (1, 3): [] ...
    shape: (16, 16)
    size: 8
    solutions: {(0, 0): [], (0, 1): [], (0, 2): [], (0, 3): [], (0, 4): [], (0, 5): [], (0, 6): [], (0, 7): [], (0, 8): [], (0, 9): [], (0, 10): [], (0, 11): [], (0, 12): [], (0, 13): [], (0, 14): [], (0, 15): [], (1, 0): [], (1, 1): [], (1, 2): [], (1, 3): [] ...
  current_iter: 100
  deepcopy_on_selection: True
  dimension: 1729
  eta: 20.0
  ind_domain: (0.0, 1.0)
  init_pb: 0.5
  mut_pb: 0.2
  name: RandomSearchMutPolyBounded-281472363036384
  nb_evaluations: 10000
  nb_evaluations_in_iteration: 0
  nb_max_iter: 100
  nb_suggestions: 10000
  nb_suggestions_in_iteration: 0
  nb_updated: 128
  nb_updated_in_iteration: 0
  optimisation_task: maximisation
  sel_pb: 0.5
test/qdpy_log_l1_230613.p
All results are available in the 'test/qdpy_log_l1_230613.p' pickle file.
