expr: syntax error: unexpected argument 'run_samples/'

seqK-random100000-0.85_final_20200906055631
try_my_sample/seqK-random100000-0.85_final_20200906055631.dat
## Found single strand of 49 bases
## Found single strand of 49 bases
## Found single strand of 49 bases
## Found single strand of 49 bases
## Found single strand of 49 bases
## Found single strand of 49 bases
## Found single strand of 49 bases
## Found single strand of 49 bases
## Found single strand of 49 bases
## Found single strand of 49 bases
## Found single strand of 51 bases
## Found single strand of 51 bases
## Found single strand of 51 bases
## Found single strand of 51 bases
## Found single strand of 51 bases
## Found single strand of 51 bases
## Found single strand of 51 bases
## Found single strand of 51 bases
## Found single strand of 51 bases
## Found single strand of 51 bases
## Found single strand of 49 bases
## Found single strand of 49 bases
## Found single strand of 49 bases
## Found single strand of 49 bases
## Found single strand of 49 bases
## Found single strand of 49 bases
## Found single strand of 49 bases
## Found single strand of 49 bases
## Found single strand of 49 bases
## Found single strand of 49 bases
## Found single strand of 49 bases
## Found single strand of 49 bases
## Found single strand of 49 bases
## Found single strand of 49 bases
## Found single strand of 49 bases
## Found single strand of 49 bases
## Found single strand of 49 bases
## Found single strand of 49 bases
## Found single strand of 49 bases
## Found single strand of 49 bases
## Found single strand of 51 bases
## Found single strand of 51 bases
## Found single strand of 51 bases
## Found single strand of 51 bases
## Found single strand of 51 bases
## Found single strand of 51 bases
## Found single strand of 51 bases
## Found single strand of 51 bases
## Found single strand of 51 bases
## Found single strand of 51 bases
## nstrands, nnucl =  50 2490
## Adding single strand of 49 bases
##  done line 1 / 50, now at 49/2490
## Adding single strand of 49 bases
##  done line 2 / 50, now at 98/2490
## Adding single strand of 49 bases
##  done line 3 / 50, now at 147/2490
## Adding single strand of 49 bases
##  done line 4 / 50, now at 196/2490
## Adding single strand of 49 bases
##  done line 5 / 50, now at 245/2490
## Adding single strand of 49 bases
##  done line 6 / 50, now at 294/2490
## Adding single strand of 49 bases
##  done line 7 / 50, now at 343/2490
## Adding single strand of 49 bases
##  done line 8 / 50, now at 392/2490
## Adding single strand of 49 bases
##  done line 9 / 50, now at 441/2490
## Adding single strand of 49 bases
##  done line 10 / 50, now at 490/2490
## Adding single strand of 51 bases
##  done line 11 / 50, now at 541/2490
## Adding single strand of 51 bases
##  done line 12 / 50, now at 592/2490
## Adding single strand of 51 bases
##  done line 13 / 50, now at 643/2490
## Adding single strand of 51 bases
##  done line 14 / 50, now at 694/2490
## Adding single strand of 51 bases
##  done line 15 / 50, now at 745/2490
## Adding single strand of 51 bases
##  done line 16 / 50, now at 796/2490
## Adding single strand of 51 bases
##  done line 17 / 50, now at 847/2490
## Adding single strand of 51 bases
##  done line 18 / 50, now at 898/2490
## Adding single strand of 51 bases
##  done line 19 / 50, now at 949/2490
## Adding single strand of 51 bases
##  done line 20 / 50, now at 1000/2490
## Adding single strand of 49 bases
##  done line 21 / 50, now at 1049/2490
## Adding single strand of 49 bases
##  done line 22 / 50, now at 1098/2490
## Adding single strand of 49 bases
##  done line 23 / 50, now at 1147/2490
## Adding single strand of 49 bases
##  done line 24 / 50, now at 1196/2490
## Adding single strand of 49 bases
##  done line 25 / 50, now at 1245/2490
## Adding single strand of 49 bases
##  done line 26 / 50, now at 1294/2490
## Adding single strand of 49 bases
##  done line 27 / 50, now at 1343/2490
## Adding single strand of 49 bases
##  done line 28 / 50, now at 1392/2490
## Adding single strand of 49 bases
##  done line 29 / 50, now at 1441/2490
## Adding single strand of 49 bases
##  trying  30
##  done line 30 / 50, now at 1490/2490
## Adding single strand of 49 bases
##  done line 31 / 50, now at 1539/2490
## Adding single strand of 49 bases
##  done line 32 / 50, now at 1588/2490
## Adding single strand of 49 bases
##  done line 33 / 50, now at 1637/2490
## Adding single strand of 49 bases
##  done line 34 / 50, now at 1686/2490
## Adding single strand of 49 bases
##  done line 35 / 50, now at 1735/2490
## Adding single strand of 49 bases
##  done line 36 / 50, now at 1784/2490
## Adding single strand of 49 bases
##  done line 37 / 50, now at 1833/2490
## Adding single strand of 49 bases
##  done line 38 / 50, now at 1882/2490
## Adding single strand of 49 bases
##  done line 39 / 50, now at 1931/2490
## Adding single strand of 49 bases
##  done line 40 / 50, now at 1980/2490
## Adding single strand of 51 bases
##  done line 41 / 50, now at 2031/2490
## Adding single strand of 51 bases
##  done line 42 / 50, now at 2082/2490
## Adding single strand of 51 bases
##  done line 43 / 50, now at 2133/2490
## Adding single strand of 51 bases
##  done line 44 / 50, now at 2184/2490
## Adding single strand of 51 bases
##  done line 45 / 50, now at 2235/2490
## Adding single strand of 51 bases
##  done line 46 / 50, now at 2286/2490
## Adding single strand of 51 bases
##  done line 47 / 50, now at 2337/2490
## Adding single strand of 51 bases
##  done line 48 / 50, now at 2388/2490
## Adding single strand of 51 bases
##  done line 49 / 50, now at 2439/2490
## Adding single strand of 51 bases
##  trying  50
##  done line 50 / 50, now at 2490/2490
## ALL DONE. just generated 'generated.dat' and 'generated.top'
try_my_sample/input_seqK-random100000-0.85_final_20200906055631 fixed
try_my_sample/input_seq_dep_seqK-random100000-0.85_final_20200906055631 fixed
sed: -e expression #1, char 116: unterminated `s' command
try_my_sample/input_trap_seqK-random100000-0.85_final_20200906055631 fixed
tmp2.sh
#!/usr/bin/bash
RUN_FILE="run_samples/make_samples_ked_2.sh"
echo `expr ls run_samples/`
chmod 755 $RUN_FILE
SEQ_FILE="seqK-random100000-0.85_final_20200906055631.dat"
./$RUN_FILE $SEQ_FILE
input_seq_dep
##############################
####  PROGRAM PARAMETERS  ####
##############################
sim_type = VMMC
backend = CPU
#debug = 1
seed = 42

##############################
####    SIM PARAMETERS    ####
##############################
; steps = 10
steps = 200000
newtonian_steps = 103
diff_coeff = 2.50
thermostat = john

list_type = cells
ensemble = nvt
delta_translation = 0.22
delta_rotation = 0.22

use_average_seq = 0
; seq_dep_file = ../../oxDNA1_sequence_dependent_parameters.txt
; seq_dep_file = ../oxDNA1_sequence_dependent_parameters.txt
seq_dep_file = oxDNA1_sequence_dependent_parameters.txt

T = 334 K
dt = 0.003
verlet_skin = 0.5

##############################
####    INPUT / OUTPUT    ####
##############################
topology = try_my_sample/generated_seqK-random100000-0.85_final_20200906055631.top
conf_file = try_my_sample/generated_seqK-random100000-0.85_final_20200906055631.dat
lastconf_file = last_conf_seq_dep_seqK-random100000-0.85_final_20200906055631.dat
trajectory_file = trajectory_seq_dep_seqK-random100000-0.85_final_20200906055631.dat
refresh_vel = 1
log_file = log_seq_dep_seqK-random100000-0.85_final_20200906055631.dat
no_stdout_energy = 1
restart_step_counter = 1
energy_file = energy_seq_dep_seqK-random100000-0.85_final_20200906055631.dat
print_conf_interval = 100000000
print_energy_every = 100000
time_scale = linear
external_forces = 0

data_output_1 = {
	print_every = 10000
	name = hb_energy_seq_dep_seqK-random100000-0.85_final_20200906055631.dat
	col_1 = {
		type = step
	}
	col_2 = {
		type = hb_energy
	}
}
input seq_dep
cat: try_my_sample/input_seq_dep_seqA-GA100000-0.80_final_20200904210434: No such file or directory
forces_seqK-random100000-0.85_final_20200906055631.dat
generated_seqK-random100000-0.85_final_20200906055631.dat
generated_seqK-random100000-0.85_final_20200906055631.top
input_seqK-random100000-0.85_final_20200906055631
input_seq_dep_seqK-random100000-0.85_final_20200906055631
input_trap_seqK-random100000-0.85_final_20200906055631
run.sh
run_A.sh
seqK-random100000-0.85_final_20200906055631.dat
Starting VMMC simulation with the sequence-averaged version of the model
try_my_sample/input_seqK-random100000-0.85_final_20200906055631
WARNING: Overwriting key `steps' (`10' to `200000')
Starting VMMC simulation with the sequence-dependent version of the model
try_my_sample/input_seq_dep_seqK-random100000-0.85_final_20200906055631
##############################
####  PROGRAM PARAMETERS  ####
##############################
sim_type = VMMC
backend = CPU
#debug = 1
seed = 42

##############################
####    SIM PARAMETERS    ####
##############################
; steps = 10
steps = 200000
newtonian_steps = 103
diff_coeff = 2.50
thermostat = john

list_type = cells
ensemble = nvt
delta_translation = 0.22
delta_rotation = 0.22

use_average_seq = 0
; seq_dep_file = ../../oxDNA1_sequence_dependent_parameters.txt
; seq_dep_file = ../oxDNA1_sequence_dependent_parameters.txt
seq_dep_file = oxDNA1_sequence_dependent_parameters.txt

T = 334 K
dt = 0.003
verlet_skin = 0.5

##############################
####    INPUT / OUTPUT    ####
##############################
topology = try_my_sample/generated_seqK-random100000-0.85_final_20200906055631.top
conf_file = try_my_sample/generated_seqK-random100000-0.85_final_20200906055631.dat
lastconf_file = last_conf_seq_dep_seqK-random100000-0.85_final_20200906055631.dat
trajectory_file = trajectory_seq_dep_seqK-random100000-0.85_final_20200906055631.dat
refresh_vel = 1
log_file = log_seq_dep_seqK-random100000-0.85_final_20200906055631.dat
no_stdout_energy = 1
restart_step_counter = 1
energy_file = energy_seq_dep_seqK-random100000-0.85_final_20200906055631.dat
print_conf_interval = 100000000
print_energy_every = 100000
time_scale = linear
external_forces = 0

data_output_1 = {
	print_every = 10000
	name = hb_energy_seq_dep_seqK-random100000-0.85_final_20200906055631.dat
	col_1 = {
		type = step
	}
	col_2 = {
		type = hb_energy
	}
}
WARNING: Overwriting key `steps' (`10' to `200000')
WARNING: Overwriting key `seq_dep_file' (`../../oxDNA1_sequence_dependent_parameters.txt' to `../oxDNA1_sequence_dependent_parameters.txt')
WARNING: Overwriting key `seq_dep_file' (`../oxDNA1_sequence_dependent_parameters.txt' to `oxDNA1_sequence_dependent_parameters.txt')
Starting VMMC simulation with the sequence-averaged version of the model and traps acting between nucleotides (see hairpin_forces.dat for details of the traps)
try_my_sample/input_trap_seqK-random100000-0.85_final_20200906055631
WARNING: Overwriting key `steps' (`10' to `200000')
mkdir: cannot create directory 'results/': File exists
mv: cannot stat 'try_my_samples/*.dat': No such file or directory
mv: cannot stat 'seqK-random100000-0.85_final_20200906055631.dat': No such file or directory
forces_seqK-random100000-0.85_final_20200906055631.dat
run.sh
run_A.sh
seqK-random100000-0.85_final_20200906055631.dat
