expr: syntax error: unexpected argument 'run_samples/'

seqF-random100000-0.50_final_20200904023946
try_my_sample/seqF-random100000-0.50_final_20200904023946.dat
## Found single strand of 20 bases
## Found single strand of 20 bases
## Found single strand of 20 bases
## Found single strand of 20 bases
## Found single strand of 20 bases
## Found single strand of 20 bases
## Found single strand of 20 bases
## Found single strand of 20 bases
## Found single strand of 20 bases
## Found single strand of 20 bases
## Found single strand of 20 bases
## Found single strand of 20 bases
## Found single strand of 20 bases
## Found single strand of 20 bases
## Found single strand of 20 bases
## Found single strand of 20 bases
## Found single strand of 20 bases
## Found single strand of 20 bases
## Found single strand of 20 bases
## Found single strand of 20 bases
## Found single strand of 20 bases
## Found single strand of 20 bases
## Found single strand of 20 bases
## Found single strand of 20 bases
## Found single strand of 20 bases
## Found single strand of 20 bases
## Found single strand of 20 bases
## Found single strand of 20 bases
## Found single strand of 20 bases
## Found single strand of 20 bases
## Found single strand of 20 bases
## Found single strand of 20 bases
## Found single strand of 20 bases
## Found single strand of 20 bases
## Found single strand of 20 bases
## Found single strand of 20 bases
## Found single strand of 20 bases
## Found single strand of 20 bases
## Found single strand of 20 bases
## Found single strand of 20 bases
## Found single strand of 20 bases
## Found single strand of 20 bases
## Found single strand of 20 bases
## Found single strand of 20 bases
## Found single strand of 20 bases
## Found single strand of 20 bases
## Found single strand of 20 bases
## Found single strand of 20 bases
## Found single strand of 20 bases
## Found single strand of 20 bases
## nstrands, nnucl =  50 1000
## Adding single strand of 20 bases
##  done line 1 / 50, now at 20/1000
## Adding single strand of 20 bases
##  done line 2 / 50, now at 40/1000
## Adding single strand of 20 bases
##  done line 3 / 50, now at 60/1000
## Adding single strand of 20 bases
##  done line 4 / 50, now at 80/1000
## Adding single strand of 20 bases
##  done line 5 / 50, now at 100/1000
## Adding single strand of 20 bases
##  done line 6 / 50, now at 120/1000
## Adding single strand of 20 bases
##  done line 7 / 50, now at 140/1000
## Adding single strand of 20 bases
##  done line 8 / 50, now at 160/1000
## Adding single strand of 20 bases
##  done line 9 / 50, now at 180/1000
## Adding single strand of 20 bases
##  done line 10 / 50, now at 200/1000
## Adding single strand of 20 bases
##  done line 11 / 50, now at 220/1000
## Adding single strand of 20 bases
##  done line 12 / 50, now at 240/1000
## Adding single strand of 20 bases
##  done line 13 / 50, now at 260/1000
## Adding single strand of 20 bases
##  done line 14 / 50, now at 280/1000
## Adding single strand of 20 bases
##  done line 15 / 50, now at 300/1000
## Adding single strand of 20 bases
##  done line 16 / 50, now at 320/1000
## Adding single strand of 20 bases
##  done line 17 / 50, now at 340/1000
## Adding single strand of 20 bases
##  done line 18 / 50, now at 360/1000
## Adding single strand of 20 bases
##  done line 19 / 50, now at 380/1000
## Adding single strand of 20 bases
##  done line 20 / 50, now at 400/1000
## Adding single strand of 20 bases
##  done line 21 / 50, now at 420/1000
## Adding single strand of 20 bases
##  done line 22 / 50, now at 440/1000
## Adding single strand of 20 bases
##  done line 23 / 50, now at 460/1000
## Adding single strand of 20 bases
##  done line 24 / 50, now at 480/1000
## Adding single strand of 20 bases
##  done line 25 / 50, now at 500/1000
## Adding single strand of 20 bases
##  done line 26 / 50, now at 520/1000
## Adding single strand of 20 bases
##  done line 27 / 50, now at 540/1000
## Adding single strand of 20 bases
##  done line 28 / 50, now at 560/1000
## Adding single strand of 20 bases
##  done line 29 / 50, now at 580/1000
## Adding single strand of 20 bases
##  done line 30 / 50, now at 600/1000
## Adding single strand of 20 bases
##  done line 31 / 50, now at 620/1000
## Adding single strand of 20 bases
##  done line 32 / 50, now at 640/1000
## Adding single strand of 20 bases
##  done line 33 / 50, now at 660/1000
## Adding single strand of 20 bases
##  done line 34 / 50, now at 680/1000
## Adding single strand of 20 bases
##  done line 35 / 50, now at 700/1000
## Adding single strand of 20 bases
##  done line 36 / 50, now at 720/1000
## Adding single strand of 20 bases
##  done line 37 / 50, now at 740/1000
## Adding single strand of 20 bases
##  done line 38 / 50, now at 760/1000
## Adding single strand of 20 bases
##  done line 39 / 50, now at 780/1000
## Adding single strand of 20 bases
##  done line 40 / 50, now at 800/1000
## Adding single strand of 20 bases
##  done line 41 / 50, now at 820/1000
## Adding single strand of 20 bases
##  done line 42 / 50, now at 840/1000
## Adding single strand of 20 bases
##  done line 43 / 50, now at 860/1000
## Adding single strand of 20 bases
##  done line 44 / 50, now at 880/1000
## Adding single strand of 20 bases
##  done line 45 / 50, now at 900/1000
## Adding single strand of 20 bases
##  done line 46 / 50, now at 920/1000
## Adding single strand of 20 bases
##  done line 47 / 50, now at 940/1000
## Adding single strand of 20 bases
##  done line 48 / 50, now at 960/1000
## Adding single strand of 20 bases
##  done line 49 / 50, now at 980/1000
## Adding single strand of 20 bases
##  done line 50 / 50, now at 1000/1000
## ALL DONE. just generated 'generated.dat' and 'generated.top'
try_my_sample/input_seqF-random100000-0.50_final_20200904023946 fixed
try_my_sample/input_seq_dep_seqF-random100000-0.50_final_20200904023946 fixed
sed: -e expression #1, char 116: unterminated `s' command
try_my_sample/input_trap_seqF-random100000-0.50_final_20200904023946 fixed
tmp2.sh
#!/usr/bin/bash
RUN_FILE="run_samples/make_samples_ked_2.sh"
echo `expr ls run_samples/`
chmod 755 $RUN_FILE
SEQ_FILE="seqF-random100000-0.50_final_20200904023946.dat"
./$RUN_FILE $SEQ_FILE
input_seq_dep
##############################
####  PROGRAM PARAMETERS  ####
##############################
sim_type = VMMC
backend = CPU
#debug = 1
seed = 42

##############################
####    SIM PARAMETERS    ####
##############################
; steps = 10
steps = 200000
newtonian_steps = 103
diff_coeff = 2.50
thermostat = john

list_type = cells
ensemble = nvt
delta_translation = 0.22
delta_rotation = 0.22

use_average_seq = 0
; seq_dep_file = ../../oxDNA1_sequence_dependent_parameters.txt
; seq_dep_file = ../oxDNA1_sequence_dependent_parameters.txt
seq_dep_file = oxDNA1_sequence_dependent_parameters.txt

T = 334 K
dt = 0.003
verlet_skin = 0.5

##############################
####    INPUT / OUTPUT    ####
##############################
topology = try_my_sample/generated_seqF-random100000-0.50_final_20200904023946.top
conf_file = try_my_sample/generated_seqF-random100000-0.50_final_20200904023946.dat
lastconf_file = last_conf_seq_dep_seqF-random100000-0.50_final_20200904023946.dat
trajectory_file = trajectory_seq_dep_seqF-random100000-0.50_final_20200904023946.dat
refresh_vel = 1
log_file = log_seq_dep_seqF-random100000-0.50_final_20200904023946.dat
no_stdout_energy = 1
restart_step_counter = 1
energy_file = energy_seq_dep_seqF-random100000-0.50_final_20200904023946.dat
print_conf_interval = 100000000
print_energy_every = 100000
time_scale = linear
external_forces = 0

data_output_1 = {
	print_every = 10000
	name = hb_energy_seq_dep_seqF-random100000-0.50_final_20200904023946.dat
	col_1 = {
		type = step
	}
	col_2 = {
		type = hb_energy
	}
}
input seq_dep
cat: try_my_sample/input_seq_dep_seqA-GA100000-0.80_final_20200904210434: No such file or directory
forces_seqF-random100000-0.50_final_20200904023946.dat
generated_seqF-random100000-0.50_final_20200904023946.dat
generated_seqF-random100000-0.50_final_20200904023946.top
input_seqF-random100000-0.50_final_20200904023946
input_seq_dep_seqF-random100000-0.50_final_20200904023946
input_trap_seqF-random100000-0.50_final_20200904023946
run.sh
run_A.sh
seqF-random100000-0.50_final_20200904023946.dat
Starting VMMC simulation with the sequence-averaged version of the model
try_my_sample/input_seqF-random100000-0.50_final_20200904023946
WARNING: Overwriting key `steps' (`10' to `200000')
Starting VMMC simulation with the sequence-dependent version of the model
try_my_sample/input_seq_dep_seqF-random100000-0.50_final_20200904023946
##############################
####  PROGRAM PARAMETERS  ####
##############################
sim_type = VMMC
backend = CPU
#debug = 1
seed = 42

##############################
####    SIM PARAMETERS    ####
##############################
; steps = 10
steps = 200000
newtonian_steps = 103
diff_coeff = 2.50
thermostat = john

list_type = cells
ensemble = nvt
delta_translation = 0.22
delta_rotation = 0.22

use_average_seq = 0
; seq_dep_file = ../../oxDNA1_sequence_dependent_parameters.txt
; seq_dep_file = ../oxDNA1_sequence_dependent_parameters.txt
seq_dep_file = oxDNA1_sequence_dependent_parameters.txt

T = 334 K
dt = 0.003
verlet_skin = 0.5

##############################
####    INPUT / OUTPUT    ####
##############################
topology = try_my_sample/generated_seqF-random100000-0.50_final_20200904023946.top
conf_file = try_my_sample/generated_seqF-random100000-0.50_final_20200904023946.dat
lastconf_file = last_conf_seq_dep_seqF-random100000-0.50_final_20200904023946.dat
trajectory_file = trajectory_seq_dep_seqF-random100000-0.50_final_20200904023946.dat
refresh_vel = 1
log_file = log_seq_dep_seqF-random100000-0.50_final_20200904023946.dat
no_stdout_energy = 1
restart_step_counter = 1
energy_file = energy_seq_dep_seqF-random100000-0.50_final_20200904023946.dat
print_conf_interval = 100000000
print_energy_every = 100000
time_scale = linear
external_forces = 0

data_output_1 = {
	print_every = 10000
	name = hb_energy_seq_dep_seqF-random100000-0.50_final_20200904023946.dat
	col_1 = {
		type = step
	}
	col_2 = {
		type = hb_energy
	}
}
WARNING: Overwriting key `steps' (`10' to `200000')
WARNING: Overwriting key `seq_dep_file' (`../../oxDNA1_sequence_dependent_parameters.txt' to `../oxDNA1_sequence_dependent_parameters.txt')
WARNING: Overwriting key `seq_dep_file' (`../oxDNA1_sequence_dependent_parameters.txt' to `oxDNA1_sequence_dependent_parameters.txt')
Starting VMMC simulation with the sequence-averaged version of the model and traps acting between nucleotides (see hairpin_forces.dat for details of the traps)
try_my_sample/input_trap_seqF-random100000-0.50_final_20200904023946
WARNING: Overwriting key `steps' (`10' to `200000')
mkdir: cannot create directory 'results/': File exists
mv: cannot stat 'try_my_samples/*.dat': No such file or directory
mv: cannot stat 'seqF-random100000-0.50_final_20200904023946.dat': No such file or directory
forces_seqF-random100000-0.50_final_20200904023946.dat
run.sh
run_A.sh
seqF-random100000-0.50_final_20200904023946.dat
