expr: syntax error: unexpected argument 'run_samples/'

seqJ-GA100000-0.85_final_20200908014722
try_my_sample/seqJ-GA100000-0.85_final_20200908014722.dat
## Found single strand of 51 bases
## Found single strand of 51 bases
## Found single strand of 51 bases
## Found single strand of 51 bases
## Found single strand of 51 bases
## Found single strand of 51 bases
## Found single strand of 51 bases
## Found single strand of 51 bases
## Found single strand of 51 bases
## Found single strand of 51 bases
## Found single strand of 51 bases
## Found single strand of 51 bases
## Found single strand of 51 bases
## Found single strand of 51 bases
## Found single strand of 51 bases
## Found single strand of 51 bases
## Found single strand of 51 bases
## Found single strand of 51 bases
## Found single strand of 51 bases
## Found single strand of 51 bases
## Found single strand of 51 bases
## Found single strand of 51 bases
## Found single strand of 51 bases
## Found single strand of 51 bases
## Found single strand of 51 bases
## Found single strand of 51 bases
## Found single strand of 51 bases
## Found single strand of 51 bases
## Found single strand of 51 bases
## Found single strand of 51 bases
## Found single strand of 51 bases
## Found single strand of 51 bases
## Found single strand of 51 bases
## Found single strand of 51 bases
## Found single strand of 51 bases
## Found single strand of 51 bases
## Found single strand of 51 bases
## Found single strand of 51 bases
## Found single strand of 51 bases
## Found single strand of 51 bases
## Found single strand of 51 bases
## Found single strand of 51 bases
## Found single strand of 51 bases
## Found single strand of 51 bases
## Found single strand of 51 bases
## Found single strand of 51 bases
## Found single strand of 51 bases
## Found single strand of 51 bases
## Found single strand of 51 bases
## Found single strand of 51 bases
## nstrands, nnucl =  50 2550
## Adding single strand of 51 bases
##  done line 1 / 50, now at 51/2550
## Adding single strand of 51 bases
##  done line 2 / 50, now at 102/2550
## Adding single strand of 51 bases
##  done line 3 / 50, now at 153/2550
## Adding single strand of 51 bases
##  trying  4
##  done line 4 / 50, now at 204/2550
## Adding single strand of 51 bases
##  done line 5 / 50, now at 255/2550
## Adding single strand of 51 bases
##  done line 6 / 50, now at 306/2550
## Adding single strand of 51 bases
##  done line 7 / 50, now at 357/2550
## Adding single strand of 51 bases
##  done line 8 / 50, now at 408/2550
## Adding single strand of 51 bases
##  done line 9 / 50, now at 459/2550
## Adding single strand of 51 bases
##  done line 10 / 50, now at 510/2550
## Adding single strand of 51 bases
##  done line 11 / 50, now at 561/2550
## Adding single strand of 51 bases
##  done line 12 / 50, now at 612/2550
## Adding single strand of 51 bases
##  done line 13 / 50, now at 663/2550
## Adding single strand of 51 bases
##  done line 14 / 50, now at 714/2550
## Adding single strand of 51 bases
##  done line 15 / 50, now at 765/2550
## Adding single strand of 51 bases
##  done line 16 / 50, now at 816/2550
## Adding single strand of 51 bases
##  done line 17 / 50, now at 867/2550
## Adding single strand of 51 bases
##  done line 18 / 50, now at 918/2550
## Adding single strand of 51 bases
##  done line 19 / 50, now at 969/2550
## Adding single strand of 51 bases
##  done line 20 / 50, now at 1020/2550
## Adding single strand of 51 bases
##  done line 21 / 50, now at 1071/2550
## Adding single strand of 51 bases
##  done line 22 / 50, now at 1122/2550
## Adding single strand of 51 bases
##  done line 23 / 50, now at 1173/2550
## Adding single strand of 51 bases
##  done line 24 / 50, now at 1224/2550
## Adding single strand of 51 bases
##  done line 25 / 50, now at 1275/2550
## Adding single strand of 51 bases
##  done line 26 / 50, now at 1326/2550
## Adding single strand of 51 bases
##  done line 27 / 50, now at 1377/2550
## Adding single strand of 51 bases
##  done line 28 / 50, now at 1428/2550
## Adding single strand of 51 bases
##  done line 29 / 50, now at 1479/2550
## Adding single strand of 51 bases
##  done line 30 / 50, now at 1530/2550
## Adding single strand of 51 bases
##  done line 31 / 50, now at 1581/2550
## Adding single strand of 51 bases
##  done line 32 / 50, now at 1632/2550
## Adding single strand of 51 bases
##  done line 33 / 50, now at 1683/2550
## Adding single strand of 51 bases
##  done line 34 / 50, now at 1734/2550
## Adding single strand of 51 bases
##  done line 35 / 50, now at 1785/2550
## Adding single strand of 51 bases
##  done line 36 / 50, now at 1836/2550
## Adding single strand of 51 bases
##  done line 37 / 50, now at 1887/2550
## Adding single strand of 51 bases
##  done line 38 / 50, now at 1938/2550
## Adding single strand of 51 bases
##  done line 39 / 50, now at 1989/2550
## Adding single strand of 51 bases
##  done line 40 / 50, now at 2040/2550
## Adding single strand of 51 bases
##  done line 41 / 50, now at 2091/2550
## Adding single strand of 51 bases
##  done line 42 / 50, now at 2142/2550
## Adding single strand of 51 bases
##  done line 43 / 50, now at 2193/2550
## Adding single strand of 51 bases
##  done line 44 / 50, now at 2244/2550
## Adding single strand of 51 bases
##  done line 45 / 50, now at 2295/2550
## Adding single strand of 51 bases
##  done line 46 / 50, now at 2346/2550
## Adding single strand of 51 bases
##  done line 47 / 50, now at 2397/2550
## Adding single strand of 51 bases
##  done line 48 / 50, now at 2448/2550
## Adding single strand of 51 bases
##  done line 49 / 50, now at 2499/2550
## Adding single strand of 51 bases
##  done line 50 / 50, now at 2550/2550
## ALL DONE. just generated 'generated.dat' and 'generated.top'
try_my_sample/input_seqJ-GA100000-0.85_final_20200908014722 fixed
try_my_sample/input_seq_dep_seqJ-GA100000-0.85_final_20200908014722 fixed
sed: -e expression #1, char 116: unterminated `s' command
try_my_sample/input_trap_seqJ-GA100000-0.85_final_20200908014722 fixed
tmp2.sh
#!/usr/bin/bash
RUN_FILE="run_samples/make_samples_ked_2.sh"
echo `expr ls run_samples/`
chmod 755 $RUN_FILE
SEQ_FILE="seqJ-GA100000-0.85_final_20200908014722.dat"
./$RUN_FILE $SEQ_FILE
input_seq_dep
##############################
####  PROGRAM PARAMETERS  ####
##############################
sim_type = VMMC
backend = CPU
#debug = 1
seed = 42

##############################
####    SIM PARAMETERS    ####
##############################
; steps = 10
steps = 200000
newtonian_steps = 103
diff_coeff = 2.50
thermostat = john

list_type = cells
ensemble = nvt
delta_translation = 0.22
delta_rotation = 0.22

use_average_seq = 0
; seq_dep_file = ../../oxDNA1_sequence_dependent_parameters.txt
; seq_dep_file = ../oxDNA1_sequence_dependent_parameters.txt
seq_dep_file = oxDNA1_sequence_dependent_parameters.txt

T = 334 K
dt = 0.003
verlet_skin = 0.5

##############################
####    INPUT / OUTPUT    ####
##############################
topology = try_my_sample/generated_seqJ-GA100000-0.85_final_20200908014722.top
conf_file = try_my_sample/generated_seqJ-GA100000-0.85_final_20200908014722.dat
lastconf_file = last_conf_seq_dep_seqJ-GA100000-0.85_final_20200908014722.dat
trajectory_file = trajectory_seq_dep_seqJ-GA100000-0.85_final_20200908014722.dat
refresh_vel = 1
log_file = log_seq_dep_seqJ-GA100000-0.85_final_20200908014722.dat
no_stdout_energy = 1
restart_step_counter = 1
energy_file = energy_seq_dep_seqJ-GA100000-0.85_final_20200908014722.dat
print_conf_interval = 100000000
print_energy_every = 100000
time_scale = linear
external_forces = 0

data_output_1 = {
	print_every = 10000
	name = hb_energy_seq_dep_seqJ-GA100000-0.85_final_20200908014722.dat
	col_1 = {
		type = step
	}
	col_2 = {
		type = hb_energy
	}
}
input seq_dep
cat: try_my_sample/input_seq_dep_seqA-GA100000-0.80_final_20200904210434: No such file or directory
forces_seqJ-GA100000-0.85_final_20200908014722.dat
generated_seqJ-GA100000-0.85_final_20200908014722.dat
generated_seqJ-GA100000-0.85_final_20200908014722.top
input_seqJ-GA100000-0.85_final_20200908014722
input_seq_dep_seqJ-GA100000-0.85_final_20200908014722
input_trap_seqJ-GA100000-0.85_final_20200908014722
run.sh
run_A.sh
seqJ-GA100000-0.85_final_20200908014722.dat
Starting VMMC simulation with the sequence-averaged version of the model
try_my_sample/input_seqJ-GA100000-0.85_final_20200908014722
WARNING: Overwriting key `steps' (`10' to `200000')
Starting VMMC simulation with the sequence-dependent version of the model
try_my_sample/input_seq_dep_seqJ-GA100000-0.85_final_20200908014722
##############################
####  PROGRAM PARAMETERS  ####
##############################
sim_type = VMMC
backend = CPU
#debug = 1
seed = 42

##############################
####    SIM PARAMETERS    ####
##############################
; steps = 10
steps = 200000
newtonian_steps = 103
diff_coeff = 2.50
thermostat = john

list_type = cells
ensemble = nvt
delta_translation = 0.22
delta_rotation = 0.22

use_average_seq = 0
; seq_dep_file = ../../oxDNA1_sequence_dependent_parameters.txt
; seq_dep_file = ../oxDNA1_sequence_dependent_parameters.txt
seq_dep_file = oxDNA1_sequence_dependent_parameters.txt

T = 334 K
dt = 0.003
verlet_skin = 0.5

##############################
####    INPUT / OUTPUT    ####
##############################
topology = try_my_sample/generated_seqJ-GA100000-0.85_final_20200908014722.top
conf_file = try_my_sample/generated_seqJ-GA100000-0.85_final_20200908014722.dat
lastconf_file = last_conf_seq_dep_seqJ-GA100000-0.85_final_20200908014722.dat
trajectory_file = trajectory_seq_dep_seqJ-GA100000-0.85_final_20200908014722.dat
refresh_vel = 1
log_file = log_seq_dep_seqJ-GA100000-0.85_final_20200908014722.dat
no_stdout_energy = 1
restart_step_counter = 1
energy_file = energy_seq_dep_seqJ-GA100000-0.85_final_20200908014722.dat
print_conf_interval = 100000000
print_energy_every = 100000
time_scale = linear
external_forces = 0

data_output_1 = {
	print_every = 10000
	name = hb_energy_seq_dep_seqJ-GA100000-0.85_final_20200908014722.dat
	col_1 = {
		type = step
	}
	col_2 = {
		type = hb_energy
	}
}
WARNING: Overwriting key `steps' (`10' to `200000')
WARNING: Overwriting key `seq_dep_file' (`../../oxDNA1_sequence_dependent_parameters.txt' to `../oxDNA1_sequence_dependent_parameters.txt')
WARNING: Overwriting key `seq_dep_file' (`../oxDNA1_sequence_dependent_parameters.txt' to `oxDNA1_sequence_dependent_parameters.txt')
Starting VMMC simulation with the sequence-averaged version of the model and traps acting between nucleotides (see hairpin_forces.dat for details of the traps)
try_my_sample/input_trap_seqJ-GA100000-0.85_final_20200908014722
WARNING: Overwriting key `steps' (`10' to `200000')
mkdir: cannot create directory 'results/': File exists
mv: cannot stat 'try_my_samples/*.dat': No such file or directory
mv: cannot stat 'seqJ-GA100000-0.85_final_20200908014722.dat': No such file or directory
forces_seqJ-GA100000-0.85_final_20200908014722.dat
run.sh
run_A.sh
seqJ-GA100000-0.85_final_20200908014722.dat
