expr: syntax error: unexpected argument 'run_samples/'

seqD-GA100000-0.80_final_20200905140419
try_my_sample/seqD-GA100000-0.80_final_20200905140419.dat
## Found single strand of 20 bases
## Found single strand of 20 bases
## Found single strand of 20 bases
## Found single strand of 20 bases
## Found single strand of 20 bases
## Found single strand of 20 bases
## Found single strand of 20 bases
## Found single strand of 20 bases
## Found single strand of 20 bases
## Found single strand of 20 bases
## Found single strand of 20 bases
## Found single strand of 20 bases
## Found single strand of 20 bases
## Found single strand of 20 bases
## Found single strand of 20 bases
## Found single strand of 20 bases
## Found single strand of 20 bases
## Found single strand of 20 bases
## Found single strand of 20 bases
## Found single strand of 20 bases
## Found single strand of 20 bases
## Found single strand of 20 bases
## Found single strand of 20 bases
## Found single strand of 20 bases
## Found single strand of 20 bases
## Found single strand of 20 bases
## Found single strand of 20 bases
## Found single strand of 20 bases
## Found single strand of 20 bases
## Found single strand of 20 bases
## Found single strand of 20 bases
## Found single strand of 20 bases
## Found single strand of 20 bases
## Found single strand of 20 bases
## Found single strand of 20 bases
## Found single strand of 20 bases
## Found single strand of 20 bases
## Found single strand of 20 bases
## Found single strand of 20 bases
## Found single strand of 20 bases
## Found single strand of 20 bases
## Found single strand of 20 bases
## Found single strand of 20 bases
## Found single strand of 20 bases
## Found single strand of 20 bases
## Found single strand of 20 bases
## Found single strand of 20 bases
## Found single strand of 20 bases
## Found single strand of 20 bases
## Found single strand of 20 bases
## Found single strand of 20 bases
## Found single strand of 20 bases
## Found single strand of 20 bases
## Found single strand of 20 bases
## Found single strand of 20 bases
## Found single strand of 20 bases
## Found single strand of 20 bases
## Found single strand of 20 bases
## Found single strand of 20 bases
## Found single strand of 20 bases
## nstrands, nnucl =  60 1200
## Adding single strand of 20 bases
##  done line 1 / 60, now at 20/1200
## Adding single strand of 20 bases
##  done line 2 / 60, now at 40/1200
## Adding single strand of 20 bases
##  done line 3 / 60, now at 60/1200
## Adding single strand of 20 bases
##  done line 4 / 60, now at 80/1200
## Adding single strand of 20 bases
##  done line 5 / 60, now at 100/1200
## Adding single strand of 20 bases
##  done line 6 / 60, now at 120/1200
## Adding single strand of 20 bases
##  done line 7 / 60, now at 140/1200
## Adding single strand of 20 bases
##  done line 8 / 60, now at 160/1200
## Adding single strand of 20 bases
##  done line 9 / 60, now at 180/1200
## Adding single strand of 20 bases
##  done line 10 / 60, now at 200/1200
## Adding single strand of 20 bases
##  done line 11 / 60, now at 220/1200
## Adding single strand of 20 bases
##  done line 12 / 60, now at 240/1200
## Adding single strand of 20 bases
##  done line 13 / 60, now at 260/1200
## Adding single strand of 20 bases
##  done line 14 / 60, now at 280/1200
## Adding single strand of 20 bases
##  done line 15 / 60, now at 300/1200
## Adding single strand of 20 bases
##  done line 16 / 60, now at 320/1200
## Adding single strand of 20 bases
##  done line 17 / 60, now at 340/1200
## Adding single strand of 20 bases
##  done line 18 / 60, now at 360/1200
## Adding single strand of 20 bases
##  done line 19 / 60, now at 380/1200
## Adding single strand of 20 bases
##  done line 20 / 60, now at 400/1200
## Adding single strand of 20 bases
##  done line 21 / 60, now at 420/1200
## Adding single strand of 20 bases
##  done line 22 / 60, now at 440/1200
## Adding single strand of 20 bases
##  done line 23 / 60, now at 460/1200
## Adding single strand of 20 bases
##  done line 24 / 60, now at 480/1200
## Adding single strand of 20 bases
##  done line 25 / 60, now at 500/1200
## Adding single strand of 20 bases
##  done line 26 / 60, now at 520/1200
## Adding single strand of 20 bases
##  done line 27 / 60, now at 540/1200
## Adding single strand of 20 bases
##  done line 28 / 60, now at 560/1200
## Adding single strand of 20 bases
##  done line 29 / 60, now at 580/1200
## Adding single strand of 20 bases
##  done line 30 / 60, now at 600/1200
## Adding single strand of 20 bases
##  done line 31 / 60, now at 620/1200
## Adding single strand of 20 bases
##  done line 32 / 60, now at 640/1200
## Adding single strand of 20 bases
##  done line 33 / 60, now at 660/1200
## Adding single strand of 20 bases
##  done line 34 / 60, now at 680/1200
## Adding single strand of 20 bases
##  done line 35 / 60, now at 700/1200
## Adding single strand of 20 bases
##  done line 36 / 60, now at 720/1200
## Adding single strand of 20 bases
##  done line 37 / 60, now at 740/1200
## Adding single strand of 20 bases
##  done line 38 / 60, now at 760/1200
## Adding single strand of 20 bases
##  done line 39 / 60, now at 780/1200
## Adding single strand of 20 bases
##  done line 40 / 60, now at 800/1200
## Adding single strand of 20 bases
##  done line 41 / 60, now at 820/1200
## Adding single strand of 20 bases
##  done line 42 / 60, now at 840/1200
## Adding single strand of 20 bases
##  done line 43 / 60, now at 860/1200
## Adding single strand of 20 bases
##  done line 44 / 60, now at 880/1200
## Adding single strand of 20 bases
##  done line 45 / 60, now at 900/1200
## Adding single strand of 20 bases
##  done line 46 / 60, now at 920/1200
## Adding single strand of 20 bases
##  trying  47
##  done line 47 / 60, now at 940/1200
## Adding single strand of 20 bases
##  done line 48 / 60, now at 960/1200
## Adding single strand of 20 bases
##  done line 49 / 60, now at 980/1200
## Adding single strand of 20 bases
##  done line 50 / 60, now at 1000/1200
## Adding single strand of 20 bases
##  done line 51 / 60, now at 1020/1200
## Adding single strand of 20 bases
##  done line 52 / 60, now at 1040/1200
## Adding single strand of 20 bases
##  done line 53 / 60, now at 1060/1200
## Adding single strand of 20 bases
##  done line 54 / 60, now at 1080/1200
## Adding single strand of 20 bases
##  done line 55 / 60, now at 1100/1200
## Adding single strand of 20 bases
##  done line 56 / 60, now at 1120/1200
## Adding single strand of 20 bases
##  done line 57 / 60, now at 1140/1200
## Adding single strand of 20 bases
##  done line 58 / 60, now at 1160/1200
## Adding single strand of 20 bases
##  done line 59 / 60, now at 1180/1200
## Adding single strand of 20 bases
##  done line 60 / 60, now at 1200/1200
## ALL DONE. just generated 'generated.dat' and 'generated.top'
try_my_sample/input_seqD-GA100000-0.80_final_20200905140419 fixed
try_my_sample/input_seq_dep_seqD-GA100000-0.80_final_20200905140419 fixed
sed: -e expression #1, char 116: unterminated `s' command
try_my_sample/input_trap_seqD-GA100000-0.80_final_20200905140419 fixed
tmp2.sh
#!/usr/bin/bash
RUN_FILE="run_samples/make_samples_ked_2.sh"
echo `expr ls run_samples/`
chmod 755 $RUN_FILE
SEQ_FILE="seqD-GA100000-0.80_final_20200905140419.dat"
./$RUN_FILE $SEQ_FILE
input_seq_dep
##############################
####  PROGRAM PARAMETERS  ####
##############################
sim_type = VMMC
backend = CPU
#debug = 1
seed = 42

##############################
####    SIM PARAMETERS    ####
##############################
; steps = 10
steps = 200000
newtonian_steps = 103
diff_coeff = 2.50
thermostat = john

list_type = cells
ensemble = nvt
delta_translation = 0.22
delta_rotation = 0.22

use_average_seq = 0
; seq_dep_file = ../../oxDNA1_sequence_dependent_parameters.txt
; seq_dep_file = ../oxDNA1_sequence_dependent_parameters.txt
seq_dep_file = oxDNA1_sequence_dependent_parameters.txt

T = 334 K
dt = 0.003
verlet_skin = 0.5

##############################
####    INPUT / OUTPUT    ####
##############################
topology = try_my_sample/generated_seqD-GA100000-0.80_final_20200905140419.top
conf_file = try_my_sample/generated_seqD-GA100000-0.80_final_20200905140419.dat
lastconf_file = last_conf_seq_dep_seqD-GA100000-0.80_final_20200905140419.dat
trajectory_file = trajectory_seq_dep_seqD-GA100000-0.80_final_20200905140419.dat
refresh_vel = 1
log_file = log_seq_dep_seqD-GA100000-0.80_final_20200905140419.dat
no_stdout_energy = 1
restart_step_counter = 1
energy_file = energy_seq_dep_seqD-GA100000-0.80_final_20200905140419.dat
print_conf_interval = 100000000
print_energy_every = 100000
time_scale = linear
external_forces = 0

data_output_1 = {
	print_every = 10000
	name = hb_energy_seq_dep_seqD-GA100000-0.80_final_20200905140419.dat
	col_1 = {
		type = step
	}
	col_2 = {
		type = hb_energy
	}
}
input seq_dep
cat: try_my_sample/input_seq_dep_seqA-GA100000-0.80_final_20200904210434: No such file or directory
forces_seqD-GA100000-0.80_final_20200905140419.dat
generated_seqD-GA100000-0.80_final_20200905140419.dat
generated_seqD-GA100000-0.80_final_20200905140419.top
input_seqD-GA100000-0.80_final_20200905140419
input_seq_dep_seqD-GA100000-0.80_final_20200905140419
input_trap_seqD-GA100000-0.80_final_20200905140419
run.sh
run_A.sh
seqD-GA100000-0.80_final_20200905140419.dat
Starting VMMC simulation with the sequence-averaged version of the model
try_my_sample/input_seqD-GA100000-0.80_final_20200905140419
WARNING: Overwriting key `steps' (`10' to `200000')
Starting VMMC simulation with the sequence-dependent version of the model
try_my_sample/input_seq_dep_seqD-GA100000-0.80_final_20200905140419
##############################
####  PROGRAM PARAMETERS  ####
##############################
sim_type = VMMC
backend = CPU
#debug = 1
seed = 42

##############################
####    SIM PARAMETERS    ####
##############################
; steps = 10
steps = 200000
newtonian_steps = 103
diff_coeff = 2.50
thermostat = john

list_type = cells
ensemble = nvt
delta_translation = 0.22
delta_rotation = 0.22

use_average_seq = 0
; seq_dep_file = ../../oxDNA1_sequence_dependent_parameters.txt
; seq_dep_file = ../oxDNA1_sequence_dependent_parameters.txt
seq_dep_file = oxDNA1_sequence_dependent_parameters.txt

T = 334 K
dt = 0.003
verlet_skin = 0.5

##############################
####    INPUT / OUTPUT    ####
##############################
topology = try_my_sample/generated_seqD-GA100000-0.80_final_20200905140419.top
conf_file = try_my_sample/generated_seqD-GA100000-0.80_final_20200905140419.dat
lastconf_file = last_conf_seq_dep_seqD-GA100000-0.80_final_20200905140419.dat
trajectory_file = trajectory_seq_dep_seqD-GA100000-0.80_final_20200905140419.dat
refresh_vel = 1
log_file = log_seq_dep_seqD-GA100000-0.80_final_20200905140419.dat
no_stdout_energy = 1
restart_step_counter = 1
energy_file = energy_seq_dep_seqD-GA100000-0.80_final_20200905140419.dat
print_conf_interval = 100000000
print_energy_every = 100000
time_scale = linear
external_forces = 0

data_output_1 = {
	print_every = 10000
	name = hb_energy_seq_dep_seqD-GA100000-0.80_final_20200905140419.dat
	col_1 = {
		type = step
	}
	col_2 = {
		type = hb_energy
	}
}
WARNING: Overwriting key `steps' (`10' to `200000')
WARNING: Overwriting key `seq_dep_file' (`../../oxDNA1_sequence_dependent_parameters.txt' to `../oxDNA1_sequence_dependent_parameters.txt')
WARNING: Overwriting key `seq_dep_file' (`../oxDNA1_sequence_dependent_parameters.txt' to `oxDNA1_sequence_dependent_parameters.txt')
Starting VMMC simulation with the sequence-averaged version of the model and traps acting between nucleotides (see hairpin_forces.dat for details of the traps)
try_my_sample/input_trap_seqD-GA100000-0.80_final_20200905140419
WARNING: Overwriting key `steps' (`10' to `200000')
mkdir: cannot create directory 'results/': File exists
mv: cannot stat 'try_my_samples/*.dat': No such file or directory
mv: cannot stat 'seqD-GA100000-0.80_final_20200905140419.dat': No such file or directory
forces_seqD-GA100000-0.80_final_20200905140419.dat
run.sh
run_A.sh
seqD-GA100000-0.80_final_20200905140419.dat
